[2025-12-31T00:47:52.451+0000] {processor.py:157} INFO - Started process (PID=20565) to work on /opt/airflow/dags/dag_fraud_ethereum.py
[2025-12-31T00:47:52.454+0000] {processor.py:829} INFO - Processing file /opt/airflow/dags/dag_fraud_ethereum.py for tasks to queue
[2025-12-31T00:47:52.459+0000] {logging_mixin.py:151} INFO - [2025-12-31T00:47:52.457+0000] {dagbag.py:539} INFO - Filling up the DagBag from /opt/airflow/dags/dag_fraud_ethereum.py
[2025-12-31T00:47:54.279+0000] {logging_mixin.py:151} WARNING - /home/airflow/.local/lib/python3.8/site-packages/pydantic/_internal/_fields.py:127 UserWarning: Field "model_server_url" has conflict with protected namespace "model_".

You may be able to resolve this warning by setting `model_config['protected_namespaces'] = ()`.
[2025-12-31T00:47:55.041+0000] {logging_mixin.py:151} INFO - [2025-12-31T00:47:55.039+0000] {connectionpool.py:823} WARNING - Retrying (Retry(total=4, connect=4, read=5, redirect=5, status=5)) after connection broken by 'NewConnectionError('<urllib3.connection.HTTPConnection object at 0xffff81b07340>: Failed to establish a new connection: [Errno -2] Name or service not known')': /api/2.0/mlflow/experiments/get-by-name?experiment_name=deteccao_fraude_eth
[2025-12-31T00:47:59.071+0000] {logging_mixin.py:151} INFO - [2025-12-31T00:47:59.063+0000] {connectionpool.py:823} WARNING - Retrying (Retry(total=3, connect=3, read=5, redirect=5, status=5)) after connection broken by 'NewConnectionError('<urllib3.connection.HTTPConnection object at 0xffff819f5520>: Failed to establish a new connection: [Errno -2] Name or service not known')': /api/2.0/mlflow/experiments/get-by-name?experiment_name=deteccao_fraude_eth
[2025-12-31T00:48:07.188+0000] {logging_mixin.py:151} INFO - [2025-12-31T00:48:07.181+0000] {connectionpool.py:823} WARNING - Retrying (Retry(total=2, connect=2, read=5, redirect=5, status=5)) after connection broken by 'NewConnectionError('<urllib3.connection.HTTPConnection object at 0xffff819f57f0>: Failed to establish a new connection: [Errno -2] Name or service not known')': /api/2.0/mlflow/experiments/get-by-name?experiment_name=deteccao_fraude_eth
[2025-12-31T02:16:58.838+0000] {logging_mixin.py:151} INFO - [2025-12-31T02:16:58.825+0000] {timeout.py:68} ERROR - Process timed out, PID: 20565
[2025-12-31T02:16:58.869+0000] {logging_mixin.py:151} INFO - [2025-12-31T02:16:58.842+0000] {dagbag.py:347} ERROR - Failed to import: /opt/airflow/dags/dag_fraud_ethereum.py
Traceback (most recent call last):
  File "/home/airflow/.local/lib/python3.8/site-packages/urllib3/connection.py", line 174, in _new_conn
    conn = connection.create_connection(
  File "/home/airflow/.local/lib/python3.8/site-packages/urllib3/util/connection.py", line 72, in create_connection
    for res in socket.getaddrinfo(host, port, family, socket.SOCK_STREAM):
  File "/usr/local/lib/python3.8/socket.py", line 918, in getaddrinfo
    for res in _socket.getaddrinfo(host, port, family, type, proto, flags):
socket.gaierror: [Errno -2] Name or service not known

During handling of the above exception, another exception occurred:

Traceback (most recent call last):
  File "/home/airflow/.local/lib/python3.8/site-packages/urllib3/connectionpool.py", line 714, in urlopen
    httplib_response = self._make_request(
  File "/home/airflow/.local/lib/python3.8/site-packages/urllib3/connectionpool.py", line 415, in _make_request
    conn.request(method, url, **httplib_request_kw)
  File "/home/airflow/.local/lib/python3.8/site-packages/urllib3/connection.py", line 244, in request
    super(HTTPConnection, self).request(method, url, body=body, headers=headers)
  File "/usr/local/lib/python3.8/http/client.py", line 1256, in request
    self._send_request(method, url, body, headers, encode_chunked)
  File "/usr/local/lib/python3.8/http/client.py", line 1302, in _send_request
    self.endheaders(body, encode_chunked=encode_chunked)
  File "/usr/local/lib/python3.8/http/client.py", line 1251, in endheaders
    self._send_output(message_body, encode_chunked=encode_chunked)
  File "/usr/local/lib/python3.8/http/client.py", line 1011, in _send_output
    self.send(msg)
  File "/usr/local/lib/python3.8/http/client.py", line 951, in send
    self.connect()
  File "/home/airflow/.local/lib/python3.8/site-packages/urllib3/connection.py", line 205, in connect
    conn = self._new_conn()
  File "/home/airflow/.local/lib/python3.8/site-packages/urllib3/connection.py", line 186, in _new_conn
    raise NewConnectionError(
urllib3.exceptions.NewConnectionError: <urllib3.connection.HTTPConnection object at 0xffff819f5640>: Failed to establish a new connection: [Errno -2] Name or service not known

During handling of the above exception, another exception occurred:

Traceback (most recent call last):
  File "/home/airflow/.local/lib/python3.8/site-packages/mlflow/utils/rest_utils.py", line 92, in http_request
    return _get_http_response_with_retries(
  File "/home/airflow/.local/lib/python3.8/site-packages/mlflow/utils/request_utils.py", line 135, in _get_http_response_with_retries
    return session.request(method, url, **kwargs)
  File "/home/airflow/.local/lib/python3.8/site-packages/requests/sessions.py", line 589, in request
    resp = self.send(prep, **send_kwargs)
  File "/home/airflow/.local/lib/python3.8/site-packages/requests/sessions.py", line 703, in send
    r = adapter.send(request, **kwargs)
  File "/home/airflow/.local/lib/python3.8/site-packages/requests/adapters.py", line 486, in send
    resp = conn.urlopen(
  File "/home/airflow/.local/lib/python3.8/site-packages/urllib3/connectionpool.py", line 826, in urlopen
    return self.urlopen(
  File "/home/airflow/.local/lib/python3.8/site-packages/urllib3/connectionpool.py", line 826, in urlopen
    return self.urlopen(
  File "/home/airflow/.local/lib/python3.8/site-packages/urllib3/connectionpool.py", line 826, in urlopen
    return self.urlopen(
  File "/home/airflow/.local/lib/python3.8/site-packages/urllib3/connectionpool.py", line 801, in urlopen
    retries.sleep()
  File "/home/airflow/.local/lib/python3.8/site-packages/urllib3/util/retry.py", line 432, in sleep
    self._sleep_backoff()
  File "/home/airflow/.local/lib/python3.8/site-packages/urllib3/util/retry.py", line 416, in _sleep_backoff
    time.sleep(backoff)
  File "/home/airflow/.local/lib/python3.8/site-packages/airflow/utils/timeout.py", line 69, in handle_timeout
    raise AirflowTaskTimeout(self.error_message)
airflow.exceptions.AirflowTaskTimeout: DagBag import timeout for /opt/airflow/dags/dag_fraud_ethereum.py after 30.0s.
Please take a look at these docs to improve your DAG import time:
* https://airflow.apache.org/docs/apache-airflow/2.7.1/best-practices.html#top-level-python-code
* https://airflow.apache.org/docs/apache-airflow/2.7.1/best-practices.html#reducing-dag-complexity, PID: 20565

During handling of the above exception, another exception occurred:

Traceback (most recent call last):
  File "/home/airflow/.local/lib/python3.8/site-packages/airflow/models/dagbag.py", line 343, in parse
    loader.exec_module(new_module)
  File "<frozen importlib._bootstrap_external>", line 843, in exec_module
  File "<frozen importlib._bootstrap>", line 219, in _call_with_frames_removed
  File "/opt/airflow/dags/dag_fraud_ethereum.py", line 11, in <module>
    mlflow.set_experiment("deteccao_fraude_eth")
  File "/home/airflow/.local/lib/python3.8/site-packages/mlflow/tracking/fluent.py", line 128, in set_experiment
    experiment = client.get_experiment_by_name(experiment_name)
  File "/home/airflow/.local/lib/python3.8/site-packages/mlflow/tracking/client.py", line 508, in get_experiment_by_name
    return self._tracking_client.get_experiment_by_name(name)
  File "/home/airflow/.local/lib/python3.8/site-packages/mlflow/tracking/_tracking_service/client.py", line 220, in get_experiment_by_name
    return self.store.get_experiment_by_name(name)
  File "/home/airflow/.local/lib/python3.8/site-packages/mlflow/store/tracking/rest_store.py", line 306, in get_experiment_by_name
    response_proto = self._call_endpoint(GetExperimentByName, req_body)
  File "/home/airflow/.local/lib/python3.8/site-packages/mlflow/store/tracking/rest_store.py", line 59, in _call_endpoint
    return call_endpoint(self.get_host_creds(), endpoint, method, json_body, response_proto)
  File "/home/airflow/.local/lib/python3.8/site-packages/mlflow/utils/rest_utils.py", line 198, in call_endpoint
    response = http_request(**call_kwargs)
  File "/home/airflow/.local/lib/python3.8/site-packages/mlflow/utils/rest_utils.py", line 112, in http_request
    raise MlflowException(f"API request to {url} failed with exception {e}")
mlflow.exceptions.MlflowException: API request to http://mlflow:5000/api/2.0/mlflow/experiments/get-by-name failed with exception DagBag import timeout for /opt/airflow/dags/dag_fraud_ethereum.py after 30.0s.
Please take a look at these docs to improve your DAG import time:
* https://airflow.apache.org/docs/apache-airflow/2.7.1/best-practices.html#top-level-python-code
* https://airflow.apache.org/docs/apache-airflow/2.7.1/best-practices.html#reducing-dag-complexity, PID: 20565
[2025-12-31T02:16:58.871+0000] {processor.py:841} WARNING - No viable dags retrieved from /opt/airflow/dags/dag_fraud_ethereum.py
[2025-12-31T02:16:58.932+0000] {processor.py:179} INFO - Processing /opt/airflow/dags/dag_fraud_ethereum.py took 30.154 seconds
[2025-12-31T04:35:41.128+0000] {processor.py:157} INFO - Started process (PID=20586) to work on /opt/airflow/dags/dag_fraud_ethereum.py
[2025-12-31T04:35:41.133+0000] {processor.py:829} INFO - Processing file /opt/airflow/dags/dag_fraud_ethereum.py for tasks to queue
[2025-12-31T04:35:41.138+0000] {logging_mixin.py:151} INFO - [2025-12-31T04:35:41.136+0000] {dagbag.py:539} INFO - Filling up the DagBag from /opt/airflow/dags/dag_fraud_ethereum.py
[2025-12-31T04:35:43.302+0000] {logging_mixin.py:151} WARNING - /home/airflow/.local/lib/python3.8/site-packages/pydantic/_internal/_fields.py:127 UserWarning: Field "model_server_url" has conflict with protected namespace "model_".

You may be able to resolve this warning by setting `model_config['protected_namespaces'] = ()`.
[2025-12-31T04:35:44.217+0000] {logging_mixin.py:151} INFO - [2025-12-31T04:35:44.216+0000] {connectionpool.py:823} WARNING - Retrying (Retry(total=4, connect=4, read=5, redirect=5, status=5)) after connection broken by 'NewConnectionError('<urllib3.connection.HTTPConnection object at 0xffff81a4b8e0>: Failed to establish a new connection: [Errno -2] Name or service not known')': /api/2.0/mlflow/experiments/get-by-name?experiment_name=deteccao_fraude_eth
[2025-12-31T04:35:48.248+0000] {logging_mixin.py:151} INFO - [2025-12-31T04:35:48.240+0000] {connectionpool.py:823} WARNING - Retrying (Retry(total=3, connect=3, read=5, redirect=5, status=5)) after connection broken by 'NewConnectionError('<urllib3.connection.HTTPConnection object at 0xffff819f63d0>: Failed to establish a new connection: [Errno -2] Name or service not known')': /api/2.0/mlflow/experiments/get-by-name?experiment_name=deteccao_fraude_eth
[2025-12-31T04:35:56.334+0000] {logging_mixin.py:151} INFO - [2025-12-31T04:35:56.326+0000] {connectionpool.py:823} WARNING - Retrying (Retry(total=2, connect=2, read=5, redirect=5, status=5)) after connection broken by 'NewConnectionError('<urllib3.connection.HTTPConnection object at 0xffff819b5af0>: Failed to establish a new connection: [Errno -2] Name or service not known')': /api/2.0/mlflow/experiments/get-by-name?experiment_name=deteccao_fraude_eth
[2025-12-31T12:02:13.793+0000] {processor.py:157} INFO - Started process (PID=20607) to work on /opt/airflow/dags/dag_fraud_ethereum.py
[2025-12-31T12:02:13.797+0000] {processor.py:829} INFO - Processing file /opt/airflow/dags/dag_fraud_ethereum.py for tasks to queue
[2025-12-31T12:02:13.801+0000] {logging_mixin.py:151} INFO - [2025-12-31T12:02:13.799+0000] {dagbag.py:539} INFO - Filling up the DagBag from /opt/airflow/dags/dag_fraud_ethereum.py
[2025-12-31T12:02:16.315+0000] {logging_mixin.py:151} WARNING - /home/airflow/.local/lib/python3.8/site-packages/pydantic/_internal/_fields.py:127 UserWarning: Field "model_server_url" has conflict with protected namespace "model_".

You may be able to resolve this warning by setting `model_config['protected_namespaces'] = ()`.
[2025-12-31T12:02:16.570+0000] {logging_mixin.py:151} INFO - [2025-12-31T12:02:16.569+0000] {connectionpool.py:823} WARNING - Retrying (Retry(total=4, connect=4, read=5, redirect=5, status=5)) after connection broken by 'NewConnectionError('<urllib3.connection.HTTPConnection object at 0xffff81a2dcd0>: Failed to establish a new connection: [Errno -2] Name or service not known')': /api/2.0/mlflow/experiments/get-by-name?experiment_name=deteccao_fraude_eth
[2025-12-31T12:02:20.591+0000] {logging_mixin.py:151} INFO - [2025-12-31T12:02:20.586+0000] {connectionpool.py:823} WARNING - Retrying (Retry(total=3, connect=3, read=5, redirect=5, status=5)) after connection broken by 'NewConnectionError('<urllib3.connection.HTTPConnection object at 0xffff819b5fa0>: Failed to establish a new connection: [Errno -2] Name or service not known')': /api/2.0/mlflow/experiments/get-by-name?experiment_name=deteccao_fraude_eth
[2025-12-31T12:02:28.645+0000] {logging_mixin.py:151} INFO - [2025-12-31T12:02:28.638+0000] {connectionpool.py:823} WARNING - Retrying (Retry(total=2, connect=2, read=5, redirect=5, status=5)) after connection broken by 'NewConnectionError('<urllib3.connection.HTTPConnection object at 0xffff819b5040>: Failed to establish a new connection: [Errno -2] Name or service not known')': /api/2.0/mlflow/experiments/get-by-name?experiment_name=deteccao_fraude_eth
[2025-12-31T18:08:11.325+0000] {processor.py:157} INFO - Started process (PID=20626) to work on /opt/airflow/dags/dag_fraud_ethereum.py
[2025-12-31T18:08:11.344+0000] {processor.py:829} INFO - Processing file /opt/airflow/dags/dag_fraud_ethereum.py for tasks to queue
[2025-12-31T18:08:11.350+0000] {logging_mixin.py:151} INFO - [2025-12-31T18:08:11.346+0000] {dagbag.py:539} INFO - Filling up the DagBag from /opt/airflow/dags/dag_fraud_ethereum.py
[2025-12-31T18:08:14.193+0000] {logging_mixin.py:151} WARNING - /home/airflow/.local/lib/python3.8/site-packages/pydantic/_internal/_fields.py:127 UserWarning: Field "model_server_url" has conflict with protected namespace "model_".

You may be able to resolve this warning by setting `model_config['protected_namespaces'] = ()`.
[2025-12-31T18:08:14.341+0000] {logging_mixin.py:151} INFO - [2025-12-31T18:08:14.341+0000] {connectionpool.py:823} WARNING - Retrying (Retry(total=4, connect=4, read=5, redirect=5, status=5)) after connection broken by 'NewConnectionError('<urllib3.connection.HTTPConnection object at 0xffff819f6850>: Failed to establish a new connection: [Errno -2] Name or service not known')': /api/2.0/mlflow/experiments/get-by-name?experiment_name=deteccao_fraude_eth
[2025-12-31T18:08:18.364+0000] {logging_mixin.py:151} INFO - [2025-12-31T18:08:18.362+0000] {connectionpool.py:823} WARNING - Retrying (Retry(total=3, connect=3, read=5, redirect=5, status=5)) after connection broken by 'NewConnectionError('<urllib3.connection.HTTPConnection object at 0xffff819f6be0>: Failed to establish a new connection: [Errno -2] Name or service not known')': /api/2.0/mlflow/experiments/get-by-name?experiment_name=deteccao_fraude_eth
[2025-12-31T18:08:26.392+0000] {logging_mixin.py:151} INFO - [2025-12-31T18:08:26.385+0000] {connectionpool.py:823} WARNING - Retrying (Retry(total=2, connect=2, read=5, redirect=5, status=5)) after connection broken by 'NewConnectionError('<urllib3.connection.HTTPConnection object at 0xffff819f6e20>: Failed to establish a new connection: [Errno -2] Name or service not known')': /api/2.0/mlflow/experiments/get-by-name?experiment_name=deteccao_fraude_eth
[2025-12-31T22:12:18.428+0000] {processor.py:157} INFO - Started process (PID=20647) to work on /opt/airflow/dags/dag_fraud_ethereum.py
[2025-12-31T22:12:18.431+0000] {processor.py:829} INFO - Processing file /opt/airflow/dags/dag_fraud_ethereum.py for tasks to queue
[2025-12-31T22:12:18.435+0000] {logging_mixin.py:151} INFO - [2025-12-31T22:12:18.434+0000] {dagbag.py:539} INFO - Filling up the DagBag from /opt/airflow/dags/dag_fraud_ethereum.py
[2025-12-31T22:12:20.083+0000] {logging_mixin.py:151} WARNING - /home/airflow/.local/lib/python3.8/site-packages/pydantic/_internal/_fields.py:127 UserWarning: Field "model_server_url" has conflict with protected namespace "model_".

You may be able to resolve this warning by setting `model_config['protected_namespaces'] = ()`.
[2025-12-31T22:12:20.192+0000] {logging_mixin.py:151} INFO - [2025-12-31T22:12:20.192+0000] {connectionpool.py:823} WARNING - Retrying (Retry(total=4, connect=4, read=5, redirect=5, status=5)) after connection broken by 'NewConnectionError('<urllib3.connection.HTTPConnection object at 0xffff81aa38e0>: Failed to establish a new connection: [Errno -2] Name or service not known')': /api/2.0/mlflow/experiments/get-by-name?experiment_name=deteccao_fraude_eth
[2025-12-31T22:12:24.227+0000] {logging_mixin.py:151} INFO - [2025-12-31T22:12:24.220+0000] {connectionpool.py:823} WARNING - Retrying (Retry(total=3, connect=3, read=5, redirect=5, status=5)) after connection broken by 'NewConnectionError('<urllib3.connection.HTTPConnection object at 0xffff81a363d0>: Failed to establish a new connection: [Errno -2] Name or service not known')': /api/2.0/mlflow/experiments/get-by-name?experiment_name=deteccao_fraude_eth
[2025-12-31T22:12:32.423+0000] {logging_mixin.py:151} INFO - [2025-12-31T22:12:32.417+0000] {connectionpool.py:823} WARNING - Retrying (Retry(total=2, connect=2, read=5, redirect=5, status=5)) after connection broken by 'NewConnectionError('<urllib3.connection.HTTPConnection object at 0xffff819f5af0>: Failed to establish a new connection: [Errno -2] Name or service not known')': /api/2.0/mlflow/experiments/get-by-name?experiment_name=deteccao_fraude_eth
