[2025-12-10T01:20:14.898+0000] {processor.py:157} INFO - Started process (PID=1142) to work on /opt/airflow/dags/dag_fraud_ethereum.py
[2025-12-10T01:20:14.902+0000] {processor.py:829} INFO - Processing file /opt/airflow/dags/dag_fraud_ethereum.py for tasks to queue
[2025-12-10T01:20:14.905+0000] {logging_mixin.py:151} INFO - [2025-12-10T01:20:14.904+0000] {dagbag.py:539} INFO - Filling up the DagBag from /opt/airflow/dags/dag_fraud_ethereum.py
[2025-12-10T01:20:18.877+0000] {logging_mixin.py:151} WARNING - /home/airflow/.local/lib/python3.8/site-packages/pydantic/_internal/_fields.py:127 UserWarning: Field "model_server_url" has conflict with protected namespace "model_".

You may be able to resolve this warning by setting `model_config['protected_namespaces'] = ()`.
[2025-12-10T01:20:19.799+0000] {processor.py:839} INFO - DAG(s) dict_keys(['pipeline_fraude_ethereum']) retrieved from /opt/airflow/dags/dag_fraud_ethereum.py
[2025-12-10T01:20:19.882+0000] {logging_mixin.py:151} INFO - [2025-12-10T01:20:19.881+0000] {dag.py:2915} INFO - Sync 1 DAGs
[2025-12-10T01:20:19.938+0000] {logging_mixin.py:151} INFO - [2025-12-10T01:20:19.938+0000] {dag.py:3696} INFO - Setting next_dagrun for pipeline_fraude_ethereum to 2025-12-10T00:00:00+00:00, run_after=2025-12-11T00:00:00+00:00
[2025-12-10T01:20:19.978+0000] {processor.py:179} INFO - Processing /opt/airflow/dags/dag_fraud_ethereum.py took 5.115 seconds
[2025-12-10T01:36:09.102+0000] {processor.py:157} INFO - Started process (PID=1208) to work on /opt/airflow/dags/dag_fraud_ethereum.py
[2025-12-10T01:36:09.105+0000] {processor.py:829} INFO - Processing file /opt/airflow/dags/dag_fraud_ethereum.py for tasks to queue
[2025-12-10T01:36:09.111+0000] {logging_mixin.py:151} INFO - [2025-12-10T01:36:09.109+0000] {dagbag.py:539} INFO - Filling up the DagBag from /opt/airflow/dags/dag_fraud_ethereum.py
[2025-12-10T01:36:12.095+0000] {logging_mixin.py:151} WARNING - /home/airflow/.local/lib/python3.8/site-packages/pydantic/_internal/_fields.py:127 UserWarning: Field "model_server_url" has conflict with protected namespace "model_".

You may be able to resolve this warning by setting `model_config['protected_namespaces'] = ()`.
[2025-12-10T01:36:12.854+0000] {processor.py:839} INFO - DAG(s) dict_keys(['pipeline_fraude_ethereum']) retrieved from /opt/airflow/dags/dag_fraud_ethereum.py
[2025-12-10T01:36:12.913+0000] {logging_mixin.py:151} INFO - [2025-12-10T01:36:12.912+0000] {dag.py:2915} INFO - Sync 1 DAGs
[2025-12-10T01:36:12.950+0000] {logging_mixin.py:151} INFO - [2025-12-10T01:36:12.950+0000] {dag.py:3696} INFO - Setting next_dagrun for pipeline_fraude_ethereum to 2025-12-10T00:00:00+00:00, run_after=2025-12-11T00:00:00+00:00
[2025-12-10T01:36:12.969+0000] {processor.py:179} INFO - Processing /opt/airflow/dags/dag_fraud_ethereum.py took 3.888 seconds
[2025-12-10T04:21:26.257+0000] {processor.py:157} INFO - Started process (PID=1221) to work on /opt/airflow/dags/dag_fraud_ethereum.py
[2025-12-10T04:21:26.259+0000] {processor.py:829} INFO - Processing file /opt/airflow/dags/dag_fraud_ethereum.py for tasks to queue
[2025-12-10T04:21:26.261+0000] {logging_mixin.py:151} INFO - [2025-12-10T04:21:26.260+0000] {dagbag.py:539} INFO - Filling up the DagBag from /opt/airflow/dags/dag_fraud_ethereum.py
[2025-12-10T04:21:29.612+0000] {logging_mixin.py:151} WARNING - /home/airflow/.local/lib/python3.8/site-packages/pydantic/_internal/_fields.py:127 UserWarning: Field "model_server_url" has conflict with protected namespace "model_".

You may be able to resolve this warning by setting `model_config['protected_namespaces'] = ()`.
[2025-12-10T04:21:30.241+0000] {processor.py:839} INFO - DAG(s) dict_keys(['pipeline_fraude_ethereum']) retrieved from /opt/airflow/dags/dag_fraud_ethereum.py
[2025-12-10T04:21:30.294+0000] {logging_mixin.py:151} INFO - [2025-12-10T04:21:30.294+0000] {dag.py:2915} INFO - Sync 1 DAGs
[2025-12-10T04:21:30.320+0000] {logging_mixin.py:151} INFO - [2025-12-10T04:21:30.320+0000] {dag.py:3696} INFO - Setting next_dagrun for pipeline_fraude_ethereum to 2025-12-10T00:00:00+00:00, run_after=2025-12-11T00:00:00+00:00
[2025-12-10T04:21:30.335+0000] {processor.py:179} INFO - Processing /opt/airflow/dags/dag_fraud_ethereum.py took 4.087 seconds
[2025-12-10T04:37:22.874+0000] {processor.py:157} INFO - Started process (PID=1238) to work on /opt/airflow/dags/dag_fraud_ethereum.py
[2025-12-10T04:37:22.877+0000] {processor.py:829} INFO - Processing file /opt/airflow/dags/dag_fraud_ethereum.py for tasks to queue
[2025-12-10T04:37:22.879+0000] {logging_mixin.py:151} INFO - [2025-12-10T04:37:22.878+0000] {dagbag.py:539} INFO - Filling up the DagBag from /opt/airflow/dags/dag_fraud_ethereum.py
[2025-12-10T04:37:25.118+0000] {logging_mixin.py:151} WARNING - /home/airflow/.local/lib/python3.8/site-packages/pydantic/_internal/_fields.py:127 UserWarning: Field "model_server_url" has conflict with protected namespace "model_".

You may be able to resolve this warning by setting `model_config['protected_namespaces'] = ()`.
[2025-12-10T04:37:25.526+0000] {processor.py:839} INFO - DAG(s) dict_keys(['pipeline_fraude_ethereum']) retrieved from /opt/airflow/dags/dag_fraud_ethereum.py
[2025-12-10T04:37:25.570+0000] {logging_mixin.py:151} INFO - [2025-12-10T04:37:25.570+0000] {dag.py:2915} INFO - Sync 1 DAGs
[2025-12-10T04:37:25.590+0000] {logging_mixin.py:151} INFO - [2025-12-10T04:37:25.589+0000] {dag.py:3696} INFO - Setting next_dagrun for pipeline_fraude_ethereum to 2025-12-10T00:00:00+00:00, run_after=2025-12-11T00:00:00+00:00
[2025-12-10T04:37:25.602+0000] {processor.py:179} INFO - Processing /opt/airflow/dags/dag_fraud_ethereum.py took 2.750 seconds
[2025-12-10T04:53:18.154+0000] {processor.py:157} INFO - Started process (PID=1255) to work on /opt/airflow/dags/dag_fraud_ethereum.py
[2025-12-10T04:53:18.177+0000] {processor.py:829} INFO - Processing file /opt/airflow/dags/dag_fraud_ethereum.py for tasks to queue
[2025-12-10T04:53:18.201+0000] {logging_mixin.py:151} INFO - [2025-12-10T04:53:18.192+0000] {dagbag.py:539} INFO - Filling up the DagBag from /opt/airflow/dags/dag_fraud_ethereum.py
[2025-12-10T04:53:20.352+0000] {logging_mixin.py:151} WARNING - /home/airflow/.local/lib/python3.8/site-packages/pydantic/_internal/_fields.py:127 UserWarning: Field "model_server_url" has conflict with protected namespace "model_".

You may be able to resolve this warning by setting `model_config['protected_namespaces'] = ()`.
[2025-12-10T04:53:20.799+0000] {processor.py:839} INFO - DAG(s) dict_keys(['pipeline_fraude_ethereum']) retrieved from /opt/airflow/dags/dag_fraud_ethereum.py
[2025-12-10T04:53:20.840+0000] {logging_mixin.py:151} INFO - [2025-12-10T04:53:20.839+0000] {dag.py:2915} INFO - Sync 1 DAGs
[2025-12-10T04:53:20.858+0000] {logging_mixin.py:151} INFO - [2025-12-10T04:53:20.858+0000] {dag.py:3696} INFO - Setting next_dagrun for pipeline_fraude_ethereum to 2025-12-10T00:00:00+00:00, run_after=2025-12-11T00:00:00+00:00
[2025-12-10T04:53:20.871+0000] {processor.py:179} INFO - Processing /opt/airflow/dags/dag_fraud_ethereum.py took 2.816 seconds
[2025-12-10T04:53:51.352+0000] {processor.py:157} INFO - Started process (PID=1272) to work on /opt/airflow/dags/dag_fraud_ethereum.py
[2025-12-10T04:53:51.355+0000] {processor.py:829} INFO - Processing file /opt/airflow/dags/dag_fraud_ethereum.py for tasks to queue
[2025-12-10T04:53:51.357+0000] {logging_mixin.py:151} INFO - [2025-12-10T04:53:51.356+0000] {dagbag.py:539} INFO - Filling up the DagBag from /opt/airflow/dags/dag_fraud_ethereum.py
[2025-12-10T04:53:52.614+0000] {logging_mixin.py:151} WARNING - /home/airflow/.local/lib/python3.8/site-packages/pydantic/_internal/_fields.py:127 UserWarning: Field "model_server_url" has conflict with protected namespace "model_".

You may be able to resolve this warning by setting `model_config['protected_namespaces'] = ()`.
[2025-12-10T04:53:52.733+0000] {processor.py:839} INFO - DAG(s) dict_keys(['pipeline_fraude_ethereum']) retrieved from /opt/airflow/dags/dag_fraud_ethereum.py
[2025-12-10T04:53:52.820+0000] {logging_mixin.py:151} INFO - [2025-12-10T04:53:52.819+0000] {dag.py:2915} INFO - Sync 1 DAGs
[2025-12-10T04:53:52.842+0000] {logging_mixin.py:151} INFO - [2025-12-10T04:53:52.841+0000] {dag.py:3696} INFO - Setting next_dagrun for pipeline_fraude_ethereum to 2025-12-10T00:00:00+00:00, run_after=2025-12-11T00:00:00+00:00
[2025-12-10T04:53:52.873+0000] {processor.py:179} INFO - Processing /opt/airflow/dags/dag_fraud_ethereum.py took 1.526 seconds
[2025-12-10T05:09:44.917+0000] {processor.py:157} INFO - Started process (PID=1285) to work on /opt/airflow/dags/dag_fraud_ethereum.py
[2025-12-10T05:09:44.920+0000] {processor.py:829} INFO - Processing file /opt/airflow/dags/dag_fraud_ethereum.py for tasks to queue
[2025-12-10T05:09:44.921+0000] {logging_mixin.py:151} INFO - [2025-12-10T05:09:44.921+0000] {dagbag.py:539} INFO - Filling up the DagBag from /opt/airflow/dags/dag_fraud_ethereum.py
[2025-12-10T05:09:47.562+0000] {logging_mixin.py:151} WARNING - /home/airflow/.local/lib/python3.8/site-packages/pydantic/_internal/_fields.py:127 UserWarning: Field "model_server_url" has conflict with protected namespace "model_".

You may be able to resolve this warning by setting `model_config['protected_namespaces'] = ()`.
[2025-12-10T05:09:47.938+0000] {processor.py:839} INFO - DAG(s) dict_keys(['pipeline_fraude_ethereum']) retrieved from /opt/airflow/dags/dag_fraud_ethereum.py
[2025-12-10T05:09:47.962+0000] {logging_mixin.py:151} INFO - [2025-12-10T05:09:47.961+0000] {dag.py:2915} INFO - Sync 1 DAGs
[2025-12-10T05:09:47.991+0000] {logging_mixin.py:151} INFO - [2025-12-10T05:09:47.990+0000] {dag.py:3696} INFO - Setting next_dagrun for pipeline_fraude_ethereum to 2025-12-10T00:00:00+00:00, run_after=2025-12-11T00:00:00+00:00
[2025-12-10T05:09:48.004+0000] {processor.py:179} INFO - Processing /opt/airflow/dags/dag_fraud_ethereum.py took 3.094 seconds
[2025-12-10T05:21:29.413+0000] {processor.py:157} INFO - Started process (PID=1303) to work on /opt/airflow/dags/dag_fraud_ethereum.py
[2025-12-10T05:21:29.416+0000] {processor.py:829} INFO - Processing file /opt/airflow/dags/dag_fraud_ethereum.py for tasks to queue
[2025-12-10T05:21:29.423+0000] {logging_mixin.py:151} INFO - [2025-12-10T05:21:29.420+0000] {dagbag.py:539} INFO - Filling up the DagBag from /opt/airflow/dags/dag_fraud_ethereum.py
[2025-12-10T05:21:31.884+0000] {logging_mixin.py:151} WARNING - /home/airflow/.local/lib/python3.8/site-packages/pydantic/_internal/_fields.py:127 UserWarning: Field "model_server_url" has conflict with protected namespace "model_".

You may be able to resolve this warning by setting `model_config['protected_namespaces'] = ()`.
[2025-12-10T05:21:32.310+0000] {processor.py:839} INFO - DAG(s) dict_keys(['pipeline_fraude_ethereum']) retrieved from /opt/airflow/dags/dag_fraud_ethereum.py
[2025-12-10T05:21:32.338+0000] {logging_mixin.py:151} INFO - [2025-12-10T05:21:32.337+0000] {dag.py:2915} INFO - Sync 1 DAGs
[2025-12-10T05:21:32.369+0000] {logging_mixin.py:151} INFO - [2025-12-10T05:21:32.369+0000] {dag.py:3696} INFO - Setting next_dagrun for pipeline_fraude_ethereum to 2025-12-10T00:00:00+00:00, run_after=2025-12-11T00:00:00+00:00
[2025-12-10T05:21:32.388+0000] {processor.py:179} INFO - Processing /opt/airflow/dags/dag_fraud_ethereum.py took 2.982 seconds
[2025-12-10T05:22:02.909+0000] {processor.py:157} INFO - Started process (PID=1320) to work on /opt/airflow/dags/dag_fraud_ethereum.py
[2025-12-10T05:22:02.912+0000] {processor.py:829} INFO - Processing file /opt/airflow/dags/dag_fraud_ethereum.py for tasks to queue
[2025-12-10T05:22:02.914+0000] {logging_mixin.py:151} INFO - [2025-12-10T05:22:02.913+0000] {dagbag.py:539} INFO - Filling up the DagBag from /opt/airflow/dags/dag_fraud_ethereum.py
[2025-12-10T05:22:04.082+0000] {logging_mixin.py:151} WARNING - /home/airflow/.local/lib/python3.8/site-packages/pydantic/_internal/_fields.py:127 UserWarning: Field "model_server_url" has conflict with protected namespace "model_".

You may be able to resolve this warning by setting `model_config['protected_namespaces'] = ()`.
[2025-12-10T05:22:04.573+0000] {processor.py:839} INFO - DAG(s) dict_keys(['pipeline_fraude_ethereum']) retrieved from /opt/airflow/dags/dag_fraud_ethereum.py
[2025-12-10T05:22:04.597+0000] {logging_mixin.py:151} INFO - [2025-12-10T05:22:04.596+0000] {dag.py:2915} INFO - Sync 1 DAGs
[2025-12-10T05:22:04.622+0000] {logging_mixin.py:151} INFO - [2025-12-10T05:22:04.622+0000] {dag.py:3696} INFO - Setting next_dagrun for pipeline_fraude_ethereum to 2025-12-10T00:00:00+00:00, run_after=2025-12-11T00:00:00+00:00
[2025-12-10T05:22:04.652+0000] {processor.py:179} INFO - Processing /opt/airflow/dags/dag_fraud_ethereum.py took 1.748 seconds
[2025-12-10T05:37:54.233+0000] {processor.py:157} INFO - Started process (PID=1335) to work on /opt/airflow/dags/dag_fraud_ethereum.py
[2025-12-10T05:37:54.240+0000] {processor.py:829} INFO - Processing file /opt/airflow/dags/dag_fraud_ethereum.py for tasks to queue
[2025-12-10T05:37:54.264+0000] {logging_mixin.py:151} INFO - [2025-12-10T05:37:54.247+0000] {dagbag.py:539} INFO - Filling up the DagBag from /opt/airflow/dags/dag_fraud_ethereum.py
[2025-12-10T05:37:56.649+0000] {logging_mixin.py:151} WARNING - /home/airflow/.local/lib/python3.8/site-packages/pydantic/_internal/_fields.py:127 UserWarning: Field "model_server_url" has conflict with protected namespace "model_".

You may be able to resolve this warning by setting `model_config['protected_namespaces'] = ()`.
[2025-12-10T05:37:57.046+0000] {processor.py:839} INFO - DAG(s) dict_keys(['pipeline_fraude_ethereum']) retrieved from /opt/airflow/dags/dag_fraud_ethereum.py
[2025-12-10T05:37:57.073+0000] {logging_mixin.py:151} INFO - [2025-12-10T05:37:57.072+0000] {dag.py:2915} INFO - Sync 1 DAGs
[2025-12-10T05:37:57.092+0000] {logging_mixin.py:151} INFO - [2025-12-10T05:37:57.091+0000] {dag.py:3696} INFO - Setting next_dagrun for pipeline_fraude_ethereum to 2025-12-10T00:00:00+00:00, run_after=2025-12-11T00:00:00+00:00
[2025-12-10T05:37:57.116+0000] {processor.py:179} INFO - Processing /opt/airflow/dags/dag_fraud_ethereum.py took 2.939 seconds
[2025-12-10T05:53:50.539+0000] {processor.py:157} INFO - Started process (PID=1352) to work on /opt/airflow/dags/dag_fraud_ethereum.py
[2025-12-10T05:53:50.544+0000] {processor.py:829} INFO - Processing file /opt/airflow/dags/dag_fraud_ethereum.py for tasks to queue
[2025-12-10T05:53:50.550+0000] {logging_mixin.py:151} INFO - [2025-12-10T05:53:50.549+0000] {dagbag.py:539} INFO - Filling up the DagBag from /opt/airflow/dags/dag_fraud_ethereum.py
[2025-12-10T05:53:52.520+0000] {logging_mixin.py:151} WARNING - /home/airflow/.local/lib/python3.8/site-packages/pydantic/_internal/_fields.py:127 UserWarning: Field "model_server_url" has conflict with protected namespace "model_".

You may be able to resolve this warning by setting `model_config['protected_namespaces'] = ()`.
[2025-12-10T05:53:52.955+0000] {processor.py:839} INFO - DAG(s) dict_keys(['pipeline_fraude_ethereum']) retrieved from /opt/airflow/dags/dag_fraud_ethereum.py
[2025-12-10T05:53:52.979+0000] {logging_mixin.py:151} INFO - [2025-12-10T05:53:52.979+0000] {dag.py:2915} INFO - Sync 1 DAGs
[2025-12-10T05:53:52.997+0000] {logging_mixin.py:151} INFO - [2025-12-10T05:53:52.997+0000] {dag.py:3696} INFO - Setting next_dagrun for pipeline_fraude_ethereum to 2025-12-10T00:00:00+00:00, run_after=2025-12-11T00:00:00+00:00
[2025-12-10T05:53:53.010+0000] {processor.py:179} INFO - Processing /opt/airflow/dags/dag_fraud_ethereum.py took 2.490 seconds
[2025-12-10T05:54:23.469+0000] {processor.py:157} INFO - Started process (PID=1369) to work on /opt/airflow/dags/dag_fraud_ethereum.py
[2025-12-10T05:54:23.471+0000] {processor.py:829} INFO - Processing file /opt/airflow/dags/dag_fraud_ethereum.py for tasks to queue
[2025-12-10T05:54:23.473+0000] {logging_mixin.py:151} INFO - [2025-12-10T05:54:23.472+0000] {dagbag.py:539} INFO - Filling up the DagBag from /opt/airflow/dags/dag_fraud_ethereum.py
[2025-12-10T05:54:25.203+0000] {logging_mixin.py:151} WARNING - /home/airflow/.local/lib/python3.8/site-packages/pydantic/_internal/_fields.py:127 UserWarning: Field "model_server_url" has conflict with protected namespace "model_".

You may be able to resolve this warning by setting `model_config['protected_namespaces'] = ()`.
[2025-12-10T05:54:25.715+0000] {processor.py:839} INFO - DAG(s) dict_keys(['pipeline_fraude_ethereum']) retrieved from /opt/airflow/dags/dag_fraud_ethereum.py
[2025-12-10T05:54:25.746+0000] {logging_mixin.py:151} INFO - [2025-12-10T05:54:25.746+0000] {dag.py:2915} INFO - Sync 1 DAGs
[2025-12-10T05:54:25.768+0000] {logging_mixin.py:151} INFO - [2025-12-10T05:54:25.768+0000] {dag.py:3696} INFO - Setting next_dagrun for pipeline_fraude_ethereum to 2025-12-10T00:00:00+00:00, run_after=2025-12-11T00:00:00+00:00
[2025-12-10T05:54:25.787+0000] {processor.py:179} INFO - Processing /opt/airflow/dags/dag_fraud_ethereum.py took 2.325 seconds
[2025-12-10T06:10:15.702+0000] {processor.py:157} INFO - Started process (PID=1382) to work on /opt/airflow/dags/dag_fraud_ethereum.py
[2025-12-10T06:10:15.717+0000] {processor.py:829} INFO - Processing file /opt/airflow/dags/dag_fraud_ethereum.py for tasks to queue
[2025-12-10T06:10:15.737+0000] {logging_mixin.py:151} INFO - [2025-12-10T06:10:15.724+0000] {dagbag.py:539} INFO - Filling up the DagBag from /opt/airflow/dags/dag_fraud_ethereum.py
[2025-12-10T06:10:17.648+0000] {logging_mixin.py:151} WARNING - /home/airflow/.local/lib/python3.8/site-packages/pydantic/_internal/_fields.py:127 UserWarning: Field "model_server_url" has conflict with protected namespace "model_".

You may be able to resolve this warning by setting `model_config['protected_namespaces'] = ()`.
[2025-12-10T06:10:18.081+0000] {processor.py:839} INFO - DAG(s) dict_keys(['pipeline_fraude_ethereum']) retrieved from /opt/airflow/dags/dag_fraud_ethereum.py
[2025-12-10T06:10:18.115+0000] {logging_mixin.py:151} INFO - [2025-12-10T06:10:18.114+0000] {dag.py:2915} INFO - Sync 1 DAGs
[2025-12-10T06:10:18.134+0000] {logging_mixin.py:151} INFO - [2025-12-10T06:10:18.134+0000] {dag.py:3696} INFO - Setting next_dagrun for pipeline_fraude_ethereum to 2025-12-10T00:00:00+00:00, run_after=2025-12-11T00:00:00+00:00
[2025-12-10T06:10:18.148+0000] {processor.py:179} INFO - Processing /opt/airflow/dags/dag_fraud_ethereum.py took 2.468 seconds
[2025-12-10T06:26:10.594+0000] {processor.py:157} INFO - Started process (PID=1401) to work on /opt/airflow/dags/dag_fraud_ethereum.py
[2025-12-10T06:26:10.596+0000] {processor.py:829} INFO - Processing file /opt/airflow/dags/dag_fraud_ethereum.py for tasks to queue
[2025-12-10T06:26:10.599+0000] {logging_mixin.py:151} INFO - [2025-12-10T06:26:10.598+0000] {dagbag.py:539} INFO - Filling up the DagBag from /opt/airflow/dags/dag_fraud_ethereum.py
[2025-12-10T06:26:12.961+0000] {logging_mixin.py:151} WARNING - /home/airflow/.local/lib/python3.8/site-packages/pydantic/_internal/_fields.py:127 UserWarning: Field "model_server_url" has conflict with protected namespace "model_".

You may be able to resolve this warning by setting `model_config['protected_namespaces'] = ()`.
[2025-12-10T06:26:13.331+0000] {processor.py:839} INFO - DAG(s) dict_keys(['pipeline_fraude_ethereum']) retrieved from /opt/airflow/dags/dag_fraud_ethereum.py
[2025-12-10T06:26:13.351+0000] {logging_mixin.py:151} INFO - [2025-12-10T06:26:13.351+0000] {dag.py:2915} INFO - Sync 1 DAGs
[2025-12-10T06:26:13.369+0000] {logging_mixin.py:151} INFO - [2025-12-10T06:26:13.369+0000] {dag.py:3696} INFO - Setting next_dagrun for pipeline_fraude_ethereum to 2025-12-10T00:00:00+00:00, run_after=2025-12-11T00:00:00+00:00
[2025-12-10T06:26:13.381+0000] {processor.py:179} INFO - Processing /opt/airflow/dags/dag_fraud_ethereum.py took 2.802 seconds
[2025-12-10T06:26:43.765+0000] {processor.py:157} INFO - Started process (PID=1418) to work on /opt/airflow/dags/dag_fraud_ethereum.py
[2025-12-10T06:26:43.767+0000] {processor.py:829} INFO - Processing file /opt/airflow/dags/dag_fraud_ethereum.py for tasks to queue
[2025-12-10T06:26:43.769+0000] {logging_mixin.py:151} INFO - [2025-12-10T06:26:43.768+0000] {dagbag.py:539} INFO - Filling up the DagBag from /opt/airflow/dags/dag_fraud_ethereum.py
[2025-12-10T06:26:44.981+0000] {logging_mixin.py:151} WARNING - /home/airflow/.local/lib/python3.8/site-packages/pydantic/_internal/_fields.py:127 UserWarning: Field "model_server_url" has conflict with protected namespace "model_".

You may be able to resolve this warning by setting `model_config['protected_namespaces'] = ()`.
[2025-12-10T06:26:45.069+0000] {processor.py:839} INFO - DAG(s) dict_keys(['pipeline_fraude_ethereum']) retrieved from /opt/airflow/dags/dag_fraud_ethereum.py
[2025-12-10T06:26:45.089+0000] {logging_mixin.py:151} INFO - [2025-12-10T06:26:45.088+0000] {dag.py:2915} INFO - Sync 1 DAGs
[2025-12-10T06:26:45.105+0000] {logging_mixin.py:151} INFO - [2025-12-10T06:26:45.104+0000] {dag.py:3696} INFO - Setting next_dagrun for pipeline_fraude_ethereum to 2025-12-10T00:00:00+00:00, run_after=2025-12-11T00:00:00+00:00
[2025-12-10T06:26:45.117+0000] {processor.py:179} INFO - Processing /opt/airflow/dags/dag_fraud_ethereum.py took 1.360 seconds
[2025-12-10T06:42:35.690+0000] {processor.py:157} INFO - Started process (PID=1431) to work on /opt/airflow/dags/dag_fraud_ethereum.py
[2025-12-10T06:42:35.696+0000] {processor.py:829} INFO - Processing file /opt/airflow/dags/dag_fraud_ethereum.py for tasks to queue
[2025-12-10T06:42:35.700+0000] {logging_mixin.py:151} INFO - [2025-12-10T06:42:35.697+0000] {dagbag.py:539} INFO - Filling up the DagBag from /opt/airflow/dags/dag_fraud_ethereum.py
[2025-12-10T06:42:38.334+0000] {logging_mixin.py:151} WARNING - /home/airflow/.local/lib/python3.8/site-packages/pydantic/_internal/_fields.py:127 UserWarning: Field "model_server_url" has conflict with protected namespace "model_".

You may be able to resolve this warning by setting `model_config['protected_namespaces'] = ()`.
[2025-12-10T06:42:38.752+0000] {processor.py:839} INFO - DAG(s) dict_keys(['pipeline_fraude_ethereum']) retrieved from /opt/airflow/dags/dag_fraud_ethereum.py
[2025-12-10T06:42:38.776+0000] {logging_mixin.py:151} INFO - [2025-12-10T06:42:38.776+0000] {dag.py:2915} INFO - Sync 1 DAGs
[2025-12-10T06:42:38.794+0000] {logging_mixin.py:151} INFO - [2025-12-10T06:42:38.794+0000] {dag.py:3696} INFO - Setting next_dagrun for pipeline_fraude_ethereum to 2025-12-10T00:00:00+00:00, run_after=2025-12-11T00:00:00+00:00
[2025-12-10T06:42:38.806+0000] {processor.py:179} INFO - Processing /opt/airflow/dags/dag_fraud_ethereum.py took 3.134 seconds
[2025-12-10T06:58:31.406+0000] {processor.py:157} INFO - Started process (PID=1448) to work on /opt/airflow/dags/dag_fraud_ethereum.py
[2025-12-10T06:58:31.409+0000] {processor.py:829} INFO - Processing file /opt/airflow/dags/dag_fraud_ethereum.py for tasks to queue
[2025-12-10T06:58:31.411+0000] {logging_mixin.py:151} INFO - [2025-12-10T06:58:31.410+0000] {dagbag.py:539} INFO - Filling up the DagBag from /opt/airflow/dags/dag_fraud_ethereum.py
[2025-12-10T06:58:33.238+0000] {logging_mixin.py:151} WARNING - /home/airflow/.local/lib/python3.8/site-packages/pydantic/_internal/_fields.py:127 UserWarning: Field "model_server_url" has conflict with protected namespace "model_".

You may be able to resolve this warning by setting `model_config['protected_namespaces'] = ()`.
[2025-12-10T06:58:33.679+0000] {processor.py:839} INFO - DAG(s) dict_keys(['pipeline_fraude_ethereum']) retrieved from /opt/airflow/dags/dag_fraud_ethereum.py
[2025-12-10T06:58:33.704+0000] {logging_mixin.py:151} INFO - [2025-12-10T06:58:33.704+0000] {dag.py:2915} INFO - Sync 1 DAGs
[2025-12-10T06:58:33.722+0000] {logging_mixin.py:151} INFO - [2025-12-10T06:58:33.722+0000] {dag.py:3696} INFO - Setting next_dagrun for pipeline_fraude_ethereum to 2025-12-10T00:00:00+00:00, run_after=2025-12-11T00:00:00+00:00
[2025-12-10T06:58:33.734+0000] {processor.py:179} INFO - Processing /opt/airflow/dags/dag_fraud_ethereum.py took 2.335 seconds
[2025-12-10T06:59:03.907+0000] {processor.py:157} INFO - Started process (PID=1465) to work on /opt/airflow/dags/dag_fraud_ethereum.py
[2025-12-10T06:59:03.909+0000] {processor.py:829} INFO - Processing file /opt/airflow/dags/dag_fraud_ethereum.py for tasks to queue
[2025-12-10T06:59:03.911+0000] {logging_mixin.py:151} INFO - [2025-12-10T06:59:03.910+0000] {dagbag.py:539} INFO - Filling up the DagBag from /opt/airflow/dags/dag_fraud_ethereum.py
[2025-12-10T06:59:05.086+0000] {logging_mixin.py:151} WARNING - /home/airflow/.local/lib/python3.8/site-packages/pydantic/_internal/_fields.py:127 UserWarning: Field "model_server_url" has conflict with protected namespace "model_".

You may be able to resolve this warning by setting `model_config['protected_namespaces'] = ()`.
[2025-12-10T06:59:05.612+0000] {processor.py:839} INFO - DAG(s) dict_keys(['pipeline_fraude_ethereum']) retrieved from /opt/airflow/dags/dag_fraud_ethereum.py
[2025-12-10T06:59:05.640+0000] {logging_mixin.py:151} INFO - [2025-12-10T06:59:05.639+0000] {dag.py:2915} INFO - Sync 1 DAGs
[2025-12-10T06:59:05.657+0000] {logging_mixin.py:151} INFO - [2025-12-10T06:59:05.657+0000] {dag.py:3696} INFO - Setting next_dagrun for pipeline_fraude_ethereum to 2025-12-10T00:00:00+00:00, run_after=2025-12-11T00:00:00+00:00
[2025-12-10T06:59:05.670+0000] {processor.py:179} INFO - Processing /opt/airflow/dags/dag_fraud_ethereum.py took 1.773 seconds
[2025-12-10T07:14:56.293+0000] {processor.py:157} INFO - Started process (PID=1478) to work on /opt/airflow/dags/dag_fraud_ethereum.py
[2025-12-10T07:14:56.295+0000] {processor.py:829} INFO - Processing file /opt/airflow/dags/dag_fraud_ethereum.py for tasks to queue
[2025-12-10T07:14:56.297+0000] {logging_mixin.py:151} INFO - [2025-12-10T07:14:56.296+0000] {dagbag.py:539} INFO - Filling up the DagBag from /opt/airflow/dags/dag_fraud_ethereum.py
[2025-12-10T07:14:58.739+0000] {logging_mixin.py:151} WARNING - /home/airflow/.local/lib/python3.8/site-packages/pydantic/_internal/_fields.py:127 UserWarning: Field "model_server_url" has conflict with protected namespace "model_".

You may be able to resolve this warning by setting `model_config['protected_namespaces'] = ()`.
[2025-12-10T07:14:59.362+0000] {processor.py:839} INFO - DAG(s) dict_keys(['pipeline_fraude_ethereum']) retrieved from /opt/airflow/dags/dag_fraud_ethereum.py
[2025-12-10T07:14:59.412+0000] {logging_mixin.py:151} INFO - [2025-12-10T07:14:59.410+0000] {dag.py:2915} INFO - Sync 1 DAGs
[2025-12-10T07:14:59.437+0000] {logging_mixin.py:151} INFO - [2025-12-10T07:14:59.437+0000] {dag.py:3696} INFO - Setting next_dagrun for pipeline_fraude_ethereum to 2025-12-10T00:00:00+00:00, run_after=2025-12-11T00:00:00+00:00
[2025-12-10T07:14:59.452+0000] {processor.py:179} INFO - Processing /opt/airflow/dags/dag_fraud_ethereum.py took 3.165 seconds
[2025-12-10T07:30:52.220+0000] {processor.py:157} INFO - Started process (PID=1496) to work on /opt/airflow/dags/dag_fraud_ethereum.py
[2025-12-10T07:30:52.227+0000] {processor.py:829} INFO - Processing file /opt/airflow/dags/dag_fraud_ethereum.py for tasks to queue
[2025-12-10T07:30:52.241+0000] {logging_mixin.py:151} INFO - [2025-12-10T07:30:52.238+0000] {dagbag.py:539} INFO - Filling up the DagBag from /opt/airflow/dags/dag_fraud_ethereum.py
[2025-12-10T07:30:54.681+0000] {logging_mixin.py:151} WARNING - /home/airflow/.local/lib/python3.8/site-packages/pydantic/_internal/_fields.py:127 UserWarning: Field "model_server_url" has conflict with protected namespace "model_".

You may be able to resolve this warning by setting `model_config['protected_namespaces'] = ()`.
[2025-12-10T07:30:55.224+0000] {processor.py:839} INFO - DAG(s) dict_keys(['pipeline_fraude_ethereum']) retrieved from /opt/airflow/dags/dag_fraud_ethereum.py
[2025-12-10T07:30:55.266+0000] {logging_mixin.py:151} INFO - [2025-12-10T07:30:55.266+0000] {dag.py:2915} INFO - Sync 1 DAGs
[2025-12-10T07:30:55.289+0000] {logging_mixin.py:151} INFO - [2025-12-10T07:30:55.289+0000] {dag.py:3696} INFO - Setting next_dagrun for pipeline_fraude_ethereum to 2025-12-10T00:00:00+00:00, run_after=2025-12-11T00:00:00+00:00
[2025-12-10T07:30:55.303+0000] {processor.py:179} INFO - Processing /opt/airflow/dags/dag_fraud_ethereum.py took 3.118 seconds
[2025-12-10T07:46:48.061+0000] {processor.py:157} INFO - Started process (PID=1517) to work on /opt/airflow/dags/dag_fraud_ethereum.py
[2025-12-10T07:46:48.065+0000] {processor.py:829} INFO - Processing file /opt/airflow/dags/dag_fraud_ethereum.py for tasks to queue
[2025-12-10T07:46:48.070+0000] {logging_mixin.py:151} INFO - [2025-12-10T07:46:48.068+0000] {dagbag.py:539} INFO - Filling up the DagBag from /opt/airflow/dags/dag_fraud_ethereum.py
[2025-12-10T07:46:51.099+0000] {logging_mixin.py:151} WARNING - /home/airflow/.local/lib/python3.8/site-packages/pydantic/_internal/_fields.py:127 UserWarning: Field "model_server_url" has conflict with protected namespace "model_".

You may be able to resolve this warning by setting `model_config['protected_namespaces'] = ()`.
[2025-12-10T07:46:51.780+0000] {processor.py:839} INFO - DAG(s) dict_keys(['pipeline_fraude_ethereum']) retrieved from /opt/airflow/dags/dag_fraud_ethereum.py
[2025-12-10T07:46:51.820+0000] {logging_mixin.py:151} INFO - [2025-12-10T07:46:51.819+0000] {dag.py:2915} INFO - Sync 1 DAGs
[2025-12-10T07:46:51.859+0000] {logging_mixin.py:151} INFO - [2025-12-10T07:46:51.859+0000] {dag.py:3696} INFO - Setting next_dagrun for pipeline_fraude_ethereum to 2025-12-10T00:00:00+00:00, run_after=2025-12-11T00:00:00+00:00
[2025-12-10T07:46:51.881+0000] {processor.py:179} INFO - Processing /opt/airflow/dags/dag_fraud_ethereum.py took 3.828 seconds
[2025-12-10T07:47:22.364+0000] {processor.py:157} INFO - Started process (PID=1530) to work on /opt/airflow/dags/dag_fraud_ethereum.py
[2025-12-10T07:47:22.366+0000] {processor.py:829} INFO - Processing file /opt/airflow/dags/dag_fraud_ethereum.py for tasks to queue
[2025-12-10T07:47:22.368+0000] {logging_mixin.py:151} INFO - [2025-12-10T07:47:22.367+0000] {dagbag.py:539} INFO - Filling up the DagBag from /opt/airflow/dags/dag_fraud_ethereum.py
[2025-12-10T07:47:23.540+0000] {logging_mixin.py:151} WARNING - /home/airflow/.local/lib/python3.8/site-packages/pydantic/_internal/_fields.py:127 UserWarning: Field "model_server_url" has conflict with protected namespace "model_".

You may be able to resolve this warning by setting `model_config['protected_namespaces'] = ()`.
[2025-12-10T07:47:23.994+0000] {processor.py:839} INFO - DAG(s) dict_keys(['pipeline_fraude_ethereum']) retrieved from /opt/airflow/dags/dag_fraud_ethereum.py
[2025-12-10T07:47:24.017+0000] {logging_mixin.py:151} INFO - [2025-12-10T07:47:24.017+0000] {dag.py:2915} INFO - Sync 1 DAGs
[2025-12-10T07:47:24.034+0000] {logging_mixin.py:151} INFO - [2025-12-10T07:47:24.034+0000] {dag.py:3696} INFO - Setting next_dagrun for pipeline_fraude_ethereum to 2025-12-10T00:00:00+00:00, run_after=2025-12-11T00:00:00+00:00
[2025-12-10T07:47:24.045+0000] {processor.py:179} INFO - Processing /opt/airflow/dags/dag_fraud_ethereum.py took 1.692 seconds
[2025-12-10T08:03:11.610+0000] {processor.py:157} INFO - Started process (PID=1544) to work on /opt/airflow/dags/dag_fraud_ethereum.py
[2025-12-10T08:03:11.611+0000] {processor.py:829} INFO - Processing file /opt/airflow/dags/dag_fraud_ethereum.py for tasks to queue
[2025-12-10T08:03:11.613+0000] {logging_mixin.py:151} INFO - [2025-12-10T08:03:11.612+0000] {dagbag.py:539} INFO - Filling up the DagBag from /opt/airflow/dags/dag_fraud_ethereum.py
[2025-12-10T08:03:14.203+0000] {logging_mixin.py:151} WARNING - /home/airflow/.local/lib/python3.8/site-packages/pydantic/_internal/_fields.py:127 UserWarning: Field "model_server_url" has conflict with protected namespace "model_".

You may be able to resolve this warning by setting `model_config['protected_namespaces'] = ()`.
[2025-12-10T08:03:14.587+0000] {processor.py:839} INFO - DAG(s) dict_keys(['pipeline_fraude_ethereum']) retrieved from /opt/airflow/dags/dag_fraud_ethereum.py
[2025-12-10T08:03:14.608+0000] {logging_mixin.py:151} INFO - [2025-12-10T08:03:14.608+0000] {dag.py:2915} INFO - Sync 1 DAGs
[2025-12-10T08:03:14.627+0000] {logging_mixin.py:151} INFO - [2025-12-10T08:03:14.626+0000] {dag.py:3696} INFO - Setting next_dagrun for pipeline_fraude_ethereum to 2025-12-10T00:00:00+00:00, run_after=2025-12-11T00:00:00+00:00
[2025-12-10T08:03:14.641+0000] {processor.py:179} INFO - Processing /opt/airflow/dags/dag_fraud_ethereum.py took 3.039 seconds
[2025-12-10T08:18:54.555+0000] {processor.py:157} INFO - Started process (PID=1562) to work on /opt/airflow/dags/dag_fraud_ethereum.py
[2025-12-10T08:18:54.558+0000] {processor.py:829} INFO - Processing file /opt/airflow/dags/dag_fraud_ethereum.py for tasks to queue
[2025-12-10T08:18:54.565+0000] {logging_mixin.py:151} INFO - [2025-12-10T08:18:54.563+0000] {dagbag.py:539} INFO - Filling up the DagBag from /opt/airflow/dags/dag_fraud_ethereum.py
[2025-12-10T08:18:56.421+0000] {logging_mixin.py:151} WARNING - /home/airflow/.local/lib/python3.8/site-packages/pydantic/_internal/_fields.py:127 UserWarning: Field "model_server_url" has conflict with protected namespace "model_".

You may be able to resolve this warning by setting `model_config['protected_namespaces'] = ()`.
[2025-12-10T08:18:56.860+0000] {processor.py:839} INFO - DAG(s) dict_keys(['pipeline_fraude_ethereum']) retrieved from /opt/airflow/dags/dag_fraud_ethereum.py
[2025-12-10T08:18:56.886+0000] {logging_mixin.py:151} INFO - [2025-12-10T08:18:56.885+0000] {dag.py:2915} INFO - Sync 1 DAGs
[2025-12-10T08:18:56.906+0000] {logging_mixin.py:151} INFO - [2025-12-10T08:18:56.906+0000] {dag.py:3696} INFO - Setting next_dagrun for pipeline_fraude_ethereum to 2025-12-10T00:00:00+00:00, run_after=2025-12-11T00:00:00+00:00
[2025-12-10T08:18:56.919+0000] {processor.py:179} INFO - Processing /opt/airflow/dags/dag_fraud_ethereum.py took 2.372 seconds
[2025-12-10T08:19:27.012+0000] {processor.py:157} INFO - Started process (PID=1579) to work on /opt/airflow/dags/dag_fraud_ethereum.py
[2025-12-10T08:19:27.014+0000] {processor.py:829} INFO - Processing file /opt/airflow/dags/dag_fraud_ethereum.py for tasks to queue
[2025-12-10T08:19:27.016+0000] {logging_mixin.py:151} INFO - [2025-12-10T08:19:27.015+0000] {dagbag.py:539} INFO - Filling up the DagBag from /opt/airflow/dags/dag_fraud_ethereum.py
[2025-12-10T08:19:28.168+0000] {logging_mixin.py:151} WARNING - /home/airflow/.local/lib/python3.8/site-packages/pydantic/_internal/_fields.py:127 UserWarning: Field "model_server_url" has conflict with protected namespace "model_".

You may be able to resolve this warning by setting `model_config['protected_namespaces'] = ()`.
[2025-12-10T08:19:28.658+0000] {processor.py:839} INFO - DAG(s) dict_keys(['pipeline_fraude_ethereum']) retrieved from /opt/airflow/dags/dag_fraud_ethereum.py
[2025-12-10T08:19:28.681+0000] {logging_mixin.py:151} INFO - [2025-12-10T08:19:28.681+0000] {dag.py:2915} INFO - Sync 1 DAGs
[2025-12-10T08:19:28.699+0000] {logging_mixin.py:151} INFO - [2025-12-10T08:19:28.699+0000] {dag.py:3696} INFO - Setting next_dagrun for pipeline_fraude_ethereum to 2025-12-10T00:00:00+00:00, run_after=2025-12-11T00:00:00+00:00
[2025-12-10T08:19:28.711+0000] {processor.py:179} INFO - Processing /opt/airflow/dags/dag_fraud_ethereum.py took 1.708 seconds
[2025-12-10T08:35:18.732+0000] {processor.py:157} INFO - Started process (PID=1592) to work on /opt/airflow/dags/dag_fraud_ethereum.py
[2025-12-10T08:35:18.735+0000] {processor.py:829} INFO - Processing file /opt/airflow/dags/dag_fraud_ethereum.py for tasks to queue
[2025-12-10T08:35:18.743+0000] {logging_mixin.py:151} INFO - [2025-12-10T08:35:18.738+0000] {dagbag.py:539} INFO - Filling up the DagBag from /opt/airflow/dags/dag_fraud_ethereum.py
[2025-12-10T08:35:21.335+0000] {logging_mixin.py:151} WARNING - /home/airflow/.local/lib/python3.8/site-packages/pydantic/_internal/_fields.py:127 UserWarning: Field "model_server_url" has conflict with protected namespace "model_".

You may be able to resolve this warning by setting `model_config['protected_namespaces'] = ()`.
[2025-12-10T08:35:21.889+0000] {processor.py:839} INFO - DAG(s) dict_keys(['pipeline_fraude_ethereum']) retrieved from /opt/airflow/dags/dag_fraud_ethereum.py
[2025-12-10T08:35:21.915+0000] {logging_mixin.py:151} INFO - [2025-12-10T08:35:21.915+0000] {dag.py:2915} INFO - Sync 1 DAGs
[2025-12-10T08:35:21.933+0000] {logging_mixin.py:151} INFO - [2025-12-10T08:35:21.933+0000] {dag.py:3696} INFO - Setting next_dagrun for pipeline_fraude_ethereum to 2025-12-10T00:00:00+00:00, run_after=2025-12-11T00:00:00+00:00
[2025-12-10T08:35:21.945+0000] {processor.py:179} INFO - Processing /opt/airflow/dags/dag_fraud_ethereum.py took 3.227 seconds
[2025-12-10T08:51:15.773+0000] {processor.py:157} INFO - Started process (PID=1611) to work on /opt/airflow/dags/dag_fraud_ethereum.py
[2025-12-10T08:51:15.781+0000] {processor.py:829} INFO - Processing file /opt/airflow/dags/dag_fraud_ethereum.py for tasks to queue
[2025-12-10T08:51:15.785+0000] {logging_mixin.py:151} INFO - [2025-12-10T08:51:15.784+0000] {dagbag.py:539} INFO - Filling up the DagBag from /opt/airflow/dags/dag_fraud_ethereum.py
[2025-12-10T08:51:18.020+0000] {logging_mixin.py:151} WARNING - /home/airflow/.local/lib/python3.8/site-packages/pydantic/_internal/_fields.py:127 UserWarning: Field "model_server_url" has conflict with protected namespace "model_".

You may be able to resolve this warning by setting `model_config['protected_namespaces'] = ()`.
[2025-12-10T08:51:18.497+0000] {processor.py:839} INFO - DAG(s) dict_keys(['pipeline_fraude_ethereum']) retrieved from /opt/airflow/dags/dag_fraud_ethereum.py
[2025-12-10T08:51:18.520+0000] {logging_mixin.py:151} INFO - [2025-12-10T08:51:18.520+0000] {dag.py:2915} INFO - Sync 1 DAGs
[2025-12-10T08:51:18.550+0000] {logging_mixin.py:151} INFO - [2025-12-10T08:51:18.549+0000] {dag.py:3696} INFO - Setting next_dagrun for pipeline_fraude_ethereum to 2025-12-10T00:00:00+00:00, run_after=2025-12-11T00:00:00+00:00
[2025-12-10T08:51:18.563+0000] {processor.py:179} INFO - Processing /opt/airflow/dags/dag_fraud_ethereum.py took 2.888 seconds
[2025-12-10T08:51:49.004+0000] {processor.py:157} INFO - Started process (PID=1628) to work on /opt/airflow/dags/dag_fraud_ethereum.py
[2025-12-10T08:51:49.006+0000] {processor.py:829} INFO - Processing file /opt/airflow/dags/dag_fraud_ethereum.py for tasks to queue
[2025-12-10T08:51:49.007+0000] {logging_mixin.py:151} INFO - [2025-12-10T08:51:49.006+0000] {dagbag.py:539} INFO - Filling up the DagBag from /opt/airflow/dags/dag_fraud_ethereum.py
[2025-12-10T08:51:50.161+0000] {logging_mixin.py:151} WARNING - /home/airflow/.local/lib/python3.8/site-packages/pydantic/_internal/_fields.py:127 UserWarning: Field "model_server_url" has conflict with protected namespace "model_".

You may be able to resolve this warning by setting `model_config['protected_namespaces'] = ()`.
[2025-12-10T08:51:50.677+0000] {processor.py:839} INFO - DAG(s) dict_keys(['pipeline_fraude_ethereum']) retrieved from /opt/airflow/dags/dag_fraud_ethereum.py
[2025-12-10T08:51:50.719+0000] {logging_mixin.py:151} INFO - [2025-12-10T08:51:50.717+0000] {dag.py:2915} INFO - Sync 1 DAGs
[2025-12-10T08:51:50.744+0000] {logging_mixin.py:151} INFO - [2025-12-10T08:51:50.743+0000] {dag.py:3696} INFO - Setting next_dagrun for pipeline_fraude_ethereum to 2025-12-10T00:00:00+00:00, run_after=2025-12-11T00:00:00+00:00
[2025-12-10T08:51:50.759+0000] {processor.py:179} INFO - Processing /opt/airflow/dags/dag_fraud_ethereum.py took 1.761 seconds
[2025-12-10T09:07:39.068+0000] {processor.py:157} INFO - Started process (PID=1641) to work on /opt/airflow/dags/dag_fraud_ethereum.py
[2025-12-10T09:07:39.070+0000] {processor.py:829} INFO - Processing file /opt/airflow/dags/dag_fraud_ethereum.py for tasks to queue
[2025-12-10T09:07:39.072+0000] {logging_mixin.py:151} INFO - [2025-12-10T09:07:39.071+0000] {dagbag.py:539} INFO - Filling up the DagBag from /opt/airflow/dags/dag_fraud_ethereum.py
[2025-12-10T09:07:41.793+0000] {logging_mixin.py:151} WARNING - /home/airflow/.local/lib/python3.8/site-packages/pydantic/_internal/_fields.py:127 UserWarning: Field "model_server_url" has conflict with protected namespace "model_".

You may be able to resolve this warning by setting `model_config['protected_namespaces'] = ()`.
[2025-12-10T09:07:42.276+0000] {processor.py:839} INFO - DAG(s) dict_keys(['pipeline_fraude_ethereum']) retrieved from /opt/airflow/dags/dag_fraud_ethereum.py
[2025-12-10T09:07:42.302+0000] {logging_mixin.py:151} INFO - [2025-12-10T09:07:42.301+0000] {dag.py:2915} INFO - Sync 1 DAGs
[2025-12-10T09:07:42.325+0000] {logging_mixin.py:151} INFO - [2025-12-10T09:07:42.325+0000] {dag.py:3696} INFO - Setting next_dagrun for pipeline_fraude_ethereum to 2025-12-10T00:00:00+00:00, run_after=2025-12-11T00:00:00+00:00
[2025-12-10T09:07:42.345+0000] {processor.py:179} INFO - Processing /opt/airflow/dags/dag_fraud_ethereum.py took 3.285 seconds
[2025-12-10T09:23:34.932+0000] {processor.py:157} INFO - Started process (PID=1658) to work on /opt/airflow/dags/dag_fraud_ethereum.py
[2025-12-10T09:23:34.941+0000] {processor.py:829} INFO - Processing file /opt/airflow/dags/dag_fraud_ethereum.py for tasks to queue
[2025-12-10T09:23:34.946+0000] {logging_mixin.py:151} INFO - [2025-12-10T09:23:34.945+0000] {dagbag.py:539} INFO - Filling up the DagBag from /opt/airflow/dags/dag_fraud_ethereum.py
[2025-12-10T09:23:36.783+0000] {logging_mixin.py:151} WARNING - /home/airflow/.local/lib/python3.8/site-packages/pydantic/_internal/_fields.py:127 UserWarning: Field "model_server_url" has conflict with protected namespace "model_".

You may be able to resolve this warning by setting `model_config['protected_namespaces'] = ()`.
[2025-12-10T09:23:37.189+0000] {processor.py:839} INFO - DAG(s) dict_keys(['pipeline_fraude_ethereum']) retrieved from /opt/airflow/dags/dag_fraud_ethereum.py
[2025-12-10T09:23:37.227+0000] {logging_mixin.py:151} INFO - [2025-12-10T09:23:37.227+0000] {dag.py:2915} INFO - Sync 1 DAGs
[2025-12-10T09:23:37.247+0000] {logging_mixin.py:151} INFO - [2025-12-10T09:23:37.247+0000] {dag.py:3696} INFO - Setting next_dagrun for pipeline_fraude_ethereum to 2025-12-10T00:00:00+00:00, run_after=2025-12-11T00:00:00+00:00
[2025-12-10T09:23:37.259+0000] {processor.py:179} INFO - Processing /opt/airflow/dags/dag_fraud_ethereum.py took 2.382 seconds
[2025-12-10T09:24:07.380+0000] {processor.py:157} INFO - Started process (PID=1675) to work on /opt/airflow/dags/dag_fraud_ethereum.py
[2025-12-10T09:24:07.382+0000] {processor.py:829} INFO - Processing file /opt/airflow/dags/dag_fraud_ethereum.py for tasks to queue
[2025-12-10T09:24:07.383+0000] {logging_mixin.py:151} INFO - [2025-12-10T09:24:07.383+0000] {dagbag.py:539} INFO - Filling up the DagBag from /opt/airflow/dags/dag_fraud_ethereum.py
[2025-12-10T09:24:08.550+0000] {logging_mixin.py:151} WARNING - /home/airflow/.local/lib/python3.8/site-packages/pydantic/_internal/_fields.py:127 UserWarning: Field "model_server_url" has conflict with protected namespace "model_".

You may be able to resolve this warning by setting `model_config['protected_namespaces'] = ()`.
[2025-12-10T09:24:08.632+0000] {processor.py:839} INFO - DAG(s) dict_keys(['pipeline_fraude_ethereum']) retrieved from /opt/airflow/dags/dag_fraud_ethereum.py
[2025-12-10T09:24:08.672+0000] {logging_mixin.py:151} INFO - [2025-12-10T09:24:08.671+0000] {dag.py:2915} INFO - Sync 1 DAGs
[2025-12-10T09:24:08.693+0000] {logging_mixin.py:151} INFO - [2025-12-10T09:24:08.693+0000] {dag.py:3696} INFO - Setting next_dagrun for pipeline_fraude_ethereum to 2025-12-10T00:00:00+00:00, run_after=2025-12-11T00:00:00+00:00
[2025-12-10T09:24:08.705+0000] {processor.py:179} INFO - Processing /opt/airflow/dags/dag_fraud_ethereum.py took 1.350 seconds
[2025-12-10T09:39:59.738+0000] {processor.py:157} INFO - Started process (PID=1690) to work on /opt/airflow/dags/dag_fraud_ethereum.py
[2025-12-10T09:39:59.741+0000] {processor.py:829} INFO - Processing file /opt/airflow/dags/dag_fraud_ethereum.py for tasks to queue
[2025-12-10T09:39:59.745+0000] {logging_mixin.py:151} INFO - [2025-12-10T09:39:59.743+0000] {dagbag.py:539} INFO - Filling up the DagBag from /opt/airflow/dags/dag_fraud_ethereum.py
[2025-12-10T09:40:02.435+0000] {logging_mixin.py:151} WARNING - /home/airflow/.local/lib/python3.8/site-packages/pydantic/_internal/_fields.py:127 UserWarning: Field "model_server_url" has conflict with protected namespace "model_".

You may be able to resolve this warning by setting `model_config['protected_namespaces'] = ()`.
[2025-12-10T09:40:02.808+0000] {processor.py:839} INFO - DAG(s) dict_keys(['pipeline_fraude_ethereum']) retrieved from /opt/airflow/dags/dag_fraud_ethereum.py
[2025-12-10T09:40:02.840+0000] {logging_mixin.py:151} INFO - [2025-12-10T09:40:02.839+0000] {dag.py:2915} INFO - Sync 1 DAGs
[2025-12-10T09:40:02.858+0000] {logging_mixin.py:151} INFO - [2025-12-10T09:40:02.858+0000] {dag.py:3696} INFO - Setting next_dagrun for pipeline_fraude_ethereum to 2025-12-10T00:00:00+00:00, run_after=2025-12-11T00:00:00+00:00
[2025-12-10T09:40:02.870+0000] {processor.py:179} INFO - Processing /opt/airflow/dags/dag_fraud_ethereum.py took 3.148 seconds
[2025-12-10T09:55:55.628+0000] {processor.py:157} INFO - Started process (PID=1707) to work on /opt/airflow/dags/dag_fraud_ethereum.py
[2025-12-10T09:55:55.633+0000] {processor.py:829} INFO - Processing file /opt/airflow/dags/dag_fraud_ethereum.py for tasks to queue
[2025-12-10T09:55:55.635+0000] {logging_mixin.py:151} INFO - [2025-12-10T09:55:55.634+0000] {dagbag.py:539} INFO - Filling up the DagBag from /opt/airflow/dags/dag_fraud_ethereum.py
[2025-12-10T09:55:58.126+0000] {logging_mixin.py:151} WARNING - /home/airflow/.local/lib/python3.8/site-packages/pydantic/_internal/_fields.py:127 UserWarning: Field "model_server_url" has conflict with protected namespace "model_".

You may be able to resolve this warning by setting `model_config['protected_namespaces'] = ()`.
[2025-12-10T09:55:58.583+0000] {processor.py:839} INFO - DAG(s) dict_keys(['pipeline_fraude_ethereum']) retrieved from /opt/airflow/dags/dag_fraud_ethereum.py
[2025-12-10T09:55:58.620+0000] {logging_mixin.py:151} INFO - [2025-12-10T09:55:58.619+0000] {dag.py:2915} INFO - Sync 1 DAGs
[2025-12-10T09:55:58.639+0000] {logging_mixin.py:151} INFO - [2025-12-10T09:55:58.639+0000] {dag.py:3696} INFO - Setting next_dagrun for pipeline_fraude_ethereum to 2025-12-10T00:00:00+00:00, run_after=2025-12-11T00:00:00+00:00
[2025-12-10T09:55:58.652+0000] {processor.py:179} INFO - Processing /opt/airflow/dags/dag_fraud_ethereum.py took 3.032 seconds
[2025-12-10T09:56:29.199+0000] {processor.py:157} INFO - Started process (PID=1724) to work on /opt/airflow/dags/dag_fraud_ethereum.py
[2025-12-10T09:56:29.202+0000] {processor.py:829} INFO - Processing file /opt/airflow/dags/dag_fraud_ethereum.py for tasks to queue
[2025-12-10T09:56:29.204+0000] {logging_mixin.py:151} INFO - [2025-12-10T09:56:29.203+0000] {dagbag.py:539} INFO - Filling up the DagBag from /opt/airflow/dags/dag_fraud_ethereum.py
[2025-12-10T09:56:30.390+0000] {logging_mixin.py:151} WARNING - /home/airflow/.local/lib/python3.8/site-packages/pydantic/_internal/_fields.py:127 UserWarning: Field "model_server_url" has conflict with protected namespace "model_".

You may be able to resolve this warning by setting `model_config['protected_namespaces'] = ()`.
[2025-12-10T09:56:30.876+0000] {processor.py:839} INFO - DAG(s) dict_keys(['pipeline_fraude_ethereum']) retrieved from /opt/airflow/dags/dag_fraud_ethereum.py
[2025-12-10T09:56:30.916+0000] {logging_mixin.py:151} INFO - [2025-12-10T09:56:30.916+0000] {dag.py:2915} INFO - Sync 1 DAGs
[2025-12-10T09:56:30.933+0000] {logging_mixin.py:151} INFO - [2025-12-10T09:56:30.933+0000] {dag.py:3696} INFO - Setting next_dagrun for pipeline_fraude_ethereum to 2025-12-10T00:00:00+00:00, run_after=2025-12-11T00:00:00+00:00
[2025-12-10T09:56:30.946+0000] {processor.py:179} INFO - Processing /opt/airflow/dags/dag_fraud_ethereum.py took 1.762 seconds
[2025-12-10T10:08:10.024+0000] {processor.py:157} INFO - Started process (PID=1737) to work on /opt/airflow/dags/dag_fraud_ethereum.py
[2025-12-10T10:08:10.027+0000] {processor.py:829} INFO - Processing file /opt/airflow/dags/dag_fraud_ethereum.py for tasks to queue
[2025-12-10T10:08:10.044+0000] {logging_mixin.py:151} INFO - [2025-12-10T10:08:10.033+0000] {dagbag.py:539} INFO - Filling up the DagBag from /opt/airflow/dags/dag_fraud_ethereum.py
[2025-12-10T10:08:12.608+0000] {logging_mixin.py:151} WARNING - /home/airflow/.local/lib/python3.8/site-packages/pydantic/_internal/_fields.py:127 UserWarning: Field "model_server_url" has conflict with protected namespace "model_".

You may be able to resolve this warning by setting `model_config['protected_namespaces'] = ()`.
[2025-12-10T10:08:13.155+0000] {processor.py:839} INFO - DAG(s) dict_keys(['pipeline_fraude_ethereum']) retrieved from /opt/airflow/dags/dag_fraud_ethereum.py
[2025-12-10T10:08:13.180+0000] {logging_mixin.py:151} INFO - [2025-12-10T10:08:13.179+0000] {dag.py:2915} INFO - Sync 1 DAGs
[2025-12-10T10:08:13.212+0000] {logging_mixin.py:151} INFO - [2025-12-10T10:08:13.211+0000] {dag.py:3696} INFO - Setting next_dagrun for pipeline_fraude_ethereum to 2025-12-10T00:00:00+00:00, run_after=2025-12-11T00:00:00+00:00
[2025-12-10T10:08:13.242+0000] {processor.py:179} INFO - Processing /opt/airflow/dags/dag_fraud_ethereum.py took 3.226 seconds
[2025-12-10T10:08:43.676+0000] {processor.py:157} INFO - Started process (PID=1754) to work on /opt/airflow/dags/dag_fraud_ethereum.py
[2025-12-10T10:08:43.682+0000] {processor.py:829} INFO - Processing file /opt/airflow/dags/dag_fraud_ethereum.py for tasks to queue
[2025-12-10T10:08:43.686+0000] {logging_mixin.py:151} INFO - [2025-12-10T10:08:43.684+0000] {dagbag.py:539} INFO - Filling up the DagBag from /opt/airflow/dags/dag_fraud_ethereum.py
[2025-12-10T10:08:45.288+0000] {logging_mixin.py:151} WARNING - /home/airflow/.local/lib/python3.8/site-packages/pydantic/_internal/_fields.py:127 UserWarning: Field "model_server_url" has conflict with protected namespace "model_".

You may be able to resolve this warning by setting `model_config['protected_namespaces'] = ()`.
[2025-12-10T10:08:45.393+0000] {processor.py:839} INFO - DAG(s) dict_keys(['pipeline_fraude_ethereum']) retrieved from /opt/airflow/dags/dag_fraud_ethereum.py
[2025-12-10T10:08:45.427+0000] {logging_mixin.py:151} INFO - [2025-12-10T10:08:45.427+0000] {dag.py:2915} INFO - Sync 1 DAGs
[2025-12-10T10:08:45.448+0000] {logging_mixin.py:151} INFO - [2025-12-10T10:08:45.448+0000] {dag.py:3696} INFO - Setting next_dagrun for pipeline_fraude_ethereum to 2025-12-10T00:00:00+00:00, run_after=2025-12-11T00:00:00+00:00
[2025-12-10T10:08:45.462+0000] {processor.py:179} INFO - Processing /opt/airflow/dags/dag_fraud_ethereum.py took 1.801 seconds
[2025-12-10T10:24:35.807+0000] {processor.py:157} INFO - Started process (PID=1767) to work on /opt/airflow/dags/dag_fraud_ethereum.py
[2025-12-10T10:24:35.813+0000] {processor.py:829} INFO - Processing file /opt/airflow/dags/dag_fraud_ethereum.py for tasks to queue
[2025-12-10T10:24:35.818+0000] {logging_mixin.py:151} INFO - [2025-12-10T10:24:35.816+0000] {dagbag.py:539} INFO - Filling up the DagBag from /opt/airflow/dags/dag_fraud_ethereum.py
[2025-12-10T10:24:38.369+0000] {logging_mixin.py:151} WARNING - /home/airflow/.local/lib/python3.8/site-packages/pydantic/_internal/_fields.py:127 UserWarning: Field "model_server_url" has conflict with protected namespace "model_".

You may be able to resolve this warning by setting `model_config['protected_namespaces'] = ()`.
[2025-12-10T10:24:38.770+0000] {processor.py:839} INFO - DAG(s) dict_keys(['pipeline_fraude_ethereum']) retrieved from /opt/airflow/dags/dag_fraud_ethereum.py
[2025-12-10T10:24:38.807+0000] {logging_mixin.py:151} INFO - [2025-12-10T10:24:38.806+0000] {dag.py:2915} INFO - Sync 1 DAGs
[2025-12-10T10:24:38.828+0000] {logging_mixin.py:151} INFO - [2025-12-10T10:24:38.828+0000] {dag.py:3696} INFO - Setting next_dagrun for pipeline_fraude_ethereum to 2025-12-10T00:00:00+00:00, run_after=2025-12-11T00:00:00+00:00
[2025-12-10T10:24:38.843+0000] {processor.py:179} INFO - Processing /opt/airflow/dags/dag_fraud_ethereum.py took 3.082 seconds
[2025-12-10T10:40:31.792+0000] {processor.py:157} INFO - Started process (PID=1786) to work on /opt/airflow/dags/dag_fraud_ethereum.py
[2025-12-10T10:40:31.795+0000] {processor.py:829} INFO - Processing file /opt/airflow/dags/dag_fraud_ethereum.py for tasks to queue
[2025-12-10T10:40:31.798+0000] {logging_mixin.py:151} INFO - [2025-12-10T10:40:31.797+0000] {dagbag.py:539} INFO - Filling up the DagBag from /opt/airflow/dags/dag_fraud_ethereum.py
[2025-12-10T10:40:33.796+0000] {logging_mixin.py:151} WARNING - /home/airflow/.local/lib/python3.8/site-packages/pydantic/_internal/_fields.py:127 UserWarning: Field "model_server_url" has conflict with protected namespace "model_".

You may be able to resolve this warning by setting `model_config['protected_namespaces'] = ()`.
[2025-12-10T10:40:34.247+0000] {processor.py:839} INFO - DAG(s) dict_keys(['pipeline_fraude_ethereum']) retrieved from /opt/airflow/dags/dag_fraud_ethereum.py
[2025-12-10T10:40:34.273+0000] {logging_mixin.py:151} INFO - [2025-12-10T10:40:34.272+0000] {dag.py:2915} INFO - Sync 1 DAGs
[2025-12-10T10:40:34.304+0000] {logging_mixin.py:151} INFO - [2025-12-10T10:40:34.304+0000] {dag.py:3696} INFO - Setting next_dagrun for pipeline_fraude_ethereum to 2025-12-10T00:00:00+00:00, run_after=2025-12-11T00:00:00+00:00
[2025-12-10T10:40:34.318+0000] {processor.py:179} INFO - Processing /opt/airflow/dags/dag_fraud_ethereum.py took 2.544 seconds
[2025-12-10T10:56:26.124+0000] {processor.py:157} INFO - Started process (PID=1803) to work on /opt/airflow/dags/dag_fraud_ethereum.py
[2025-12-10T10:56:26.126+0000] {processor.py:829} INFO - Processing file /opt/airflow/dags/dag_fraud_ethereum.py for tasks to queue
[2025-12-10T10:56:26.127+0000] {logging_mixin.py:151} INFO - [2025-12-10T10:56:26.127+0000] {dagbag.py:539} INFO - Filling up the DagBag from /opt/airflow/dags/dag_fraud_ethereum.py
[2025-12-10T10:56:28.770+0000] {logging_mixin.py:151} WARNING - /home/airflow/.local/lib/python3.8/site-packages/pydantic/_internal/_fields.py:127 UserWarning: Field "model_server_url" has conflict with protected namespace "model_".

You may be able to resolve this warning by setting `model_config['protected_namespaces'] = ()`.
[2025-12-10T10:56:29.534+0000] {processor.py:839} INFO - DAG(s) dict_keys(['pipeline_fraude_ethereum']) retrieved from /opt/airflow/dags/dag_fraud_ethereum.py
[2025-12-10T10:56:29.560+0000] {logging_mixin.py:151} INFO - [2025-12-10T10:56:29.560+0000] {dag.py:2915} INFO - Sync 1 DAGs
[2025-12-10T10:56:29.581+0000] {logging_mixin.py:151} INFO - [2025-12-10T10:56:29.581+0000] {dag.py:3696} INFO - Setting next_dagrun for pipeline_fraude_ethereum to 2025-12-10T00:00:00+00:00, run_after=2025-12-11T00:00:00+00:00
[2025-12-10T10:56:29.595+0000] {processor.py:179} INFO - Processing /opt/airflow/dags/dag_fraud_ethereum.py took 3.478 seconds
[2025-12-10T10:56:59.965+0000] {processor.py:157} INFO - Started process (PID=1820) to work on /opt/airflow/dags/dag_fraud_ethereum.py
[2025-12-10T10:56:59.967+0000] {processor.py:829} INFO - Processing file /opt/airflow/dags/dag_fraud_ethereum.py for tasks to queue
[2025-12-10T10:56:59.969+0000] {logging_mixin.py:151} INFO - [2025-12-10T10:56:59.968+0000] {dagbag.py:539} INFO - Filling up the DagBag from /opt/airflow/dags/dag_fraud_ethereum.py
[2025-12-10T10:57:01.242+0000] {logging_mixin.py:151} WARNING - /home/airflow/.local/lib/python3.8/site-packages/pydantic/_internal/_fields.py:127 UserWarning: Field "model_server_url" has conflict with protected namespace "model_".

You may be able to resolve this warning by setting `model_config['protected_namespaces'] = ()`.
[2025-12-10T10:57:01.337+0000] {processor.py:839} INFO - DAG(s) dict_keys(['pipeline_fraude_ethereum']) retrieved from /opt/airflow/dags/dag_fraud_ethereum.py
[2025-12-10T10:57:01.368+0000] {logging_mixin.py:151} INFO - [2025-12-10T10:57:01.367+0000] {dag.py:2915} INFO - Sync 1 DAGs
[2025-12-10T10:57:01.400+0000] {logging_mixin.py:151} INFO - [2025-12-10T10:57:01.400+0000] {dag.py:3696} INFO - Setting next_dagrun for pipeline_fraude_ethereum to 2025-12-10T00:00:00+00:00, run_after=2025-12-11T00:00:00+00:00
[2025-12-10T10:57:01.415+0000] {processor.py:179} INFO - Processing /opt/airflow/dags/dag_fraud_ethereum.py took 1.456 seconds
[2025-12-10T11:12:52.093+0000] {processor.py:157} INFO - Started process (PID=1835) to work on /opt/airflow/dags/dag_fraud_ethereum.py
[2025-12-10T11:12:52.095+0000] {processor.py:829} INFO - Processing file /opt/airflow/dags/dag_fraud_ethereum.py for tasks to queue
[2025-12-10T11:12:52.096+0000] {logging_mixin.py:151} INFO - [2025-12-10T11:12:52.096+0000] {dagbag.py:539} INFO - Filling up the DagBag from /opt/airflow/dags/dag_fraud_ethereum.py
[2025-12-10T11:12:54.447+0000] {logging_mixin.py:151} WARNING - /home/airflow/.local/lib/python3.8/site-packages/pydantic/_internal/_fields.py:127 UserWarning: Field "model_server_url" has conflict with protected namespace "model_".

You may be able to resolve this warning by setting `model_config['protected_namespaces'] = ()`.
[2025-12-10T11:12:54.815+0000] {processor.py:839} INFO - DAG(s) dict_keys(['pipeline_fraude_ethereum']) retrieved from /opt/airflow/dags/dag_fraud_ethereum.py
[2025-12-10T11:12:54.843+0000] {logging_mixin.py:151} INFO - [2025-12-10T11:12:54.843+0000] {dag.py:2915} INFO - Sync 1 DAGs
[2025-12-10T11:12:54.862+0000] {logging_mixin.py:151} INFO - [2025-12-10T11:12:54.862+0000] {dag.py:3696} INFO - Setting next_dagrun for pipeline_fraude_ethereum to 2025-12-10T00:00:00+00:00, run_after=2025-12-11T00:00:00+00:00
[2025-12-10T11:12:54.874+0000] {processor.py:179} INFO - Processing /opt/airflow/dags/dag_fraud_ethereum.py took 2.787 seconds
[2025-12-10T11:23:21.511+0000] {processor.py:157} INFO - Started process (PID=1852) to work on /opt/airflow/dags/dag_fraud_ethereum.py
[2025-12-10T11:23:21.513+0000] {processor.py:829} INFO - Processing file /opt/airflow/dags/dag_fraud_ethereum.py for tasks to queue
[2025-12-10T11:23:21.515+0000] {logging_mixin.py:151} INFO - [2025-12-10T11:23:21.514+0000] {dagbag.py:539} INFO - Filling up the DagBag from /opt/airflow/dags/dag_fraud_ethereum.py
[2025-12-10T11:23:24.709+0000] {logging_mixin.py:151} WARNING - /home/airflow/.local/lib/python3.8/site-packages/pydantic/_internal/_fields.py:127 UserWarning: Field "model_server_url" has conflict with protected namespace "model_".

You may be able to resolve this warning by setting `model_config['protected_namespaces'] = ()`.
[2025-12-10T11:23:25.213+0000] {processor.py:839} INFO - DAG(s) dict_keys(['pipeline_fraude_ethereum']) retrieved from /opt/airflow/dags/dag_fraud_ethereum.py
[2025-12-10T11:23:25.256+0000] {logging_mixin.py:151} INFO - [2025-12-10T11:23:25.256+0000] {dag.py:2915} INFO - Sync 1 DAGs
[2025-12-10T11:23:25.282+0000] {logging_mixin.py:151} INFO - [2025-12-10T11:23:25.282+0000] {dag.py:3696} INFO - Setting next_dagrun for pipeline_fraude_ethereum to 2025-12-10T00:00:00+00:00, run_after=2025-12-11T00:00:00+00:00
[2025-12-10T11:23:25.296+0000] {processor.py:179} INFO - Processing /opt/airflow/dags/dag_fraud_ethereum.py took 3.806 seconds
[2025-12-10T11:25:19.382+0000] {processor.py:157} INFO - Started process (PID=1869) to work on /opt/airflow/dags/dag_fraud_ethereum.py
[2025-12-10T11:25:19.385+0000] {processor.py:829} INFO - Processing file /opt/airflow/dags/dag_fraud_ethereum.py for tasks to queue
[2025-12-10T11:25:19.387+0000] {logging_mixin.py:151} INFO - [2025-12-10T11:25:19.386+0000] {dagbag.py:539} INFO - Filling up the DagBag from /opt/airflow/dags/dag_fraud_ethereum.py
[2025-12-10T11:25:22.142+0000] {logging_mixin.py:151} WARNING - /home/airflow/.local/lib/python3.8/site-packages/pydantic/_internal/_fields.py:127 UserWarning: Field "model_server_url" has conflict with protected namespace "model_".

You may be able to resolve this warning by setting `model_config['protected_namespaces'] = ()`.
[2025-12-10T11:25:22.579+0000] {processor.py:839} INFO - DAG(s) dict_keys(['pipeline_fraude_ethereum']) retrieved from /opt/airflow/dags/dag_fraud_ethereum.py
[2025-12-10T11:25:22.619+0000] {logging_mixin.py:151} INFO - [2025-12-10T11:25:22.619+0000] {dag.py:2915} INFO - Sync 1 DAGs
[2025-12-10T11:25:22.642+0000] {logging_mixin.py:151} INFO - [2025-12-10T11:25:22.642+0000] {dag.py:3696} INFO - Setting next_dagrun for pipeline_fraude_ethereum to 2025-12-10T00:00:00+00:00, run_after=2025-12-11T00:00:00+00:00
[2025-12-10T11:25:22.657+0000] {processor.py:179} INFO - Processing /opt/airflow/dags/dag_fraud_ethereum.py took 3.284 seconds
[2025-12-10T11:58:51.442+0000] {processor.py:157} INFO - Started process (PID=1888) to work on /opt/airflow/dags/dag_fraud_ethereum.py
[2025-12-10T11:58:51.445+0000] {processor.py:829} INFO - Processing file /opt/airflow/dags/dag_fraud_ethereum.py for tasks to queue
[2025-12-10T11:58:51.447+0000] {logging_mixin.py:151} INFO - [2025-12-10T11:58:51.446+0000] {dagbag.py:539} INFO - Filling up the DagBag from /opt/airflow/dags/dag_fraud_ethereum.py
[2025-12-10T11:58:53.788+0000] {logging_mixin.py:151} WARNING - /home/airflow/.local/lib/python3.8/site-packages/pydantic/_internal/_fields.py:127 UserWarning: Field "model_server_url" has conflict with protected namespace "model_".

You may be able to resolve this warning by setting `model_config['protected_namespaces'] = ()`.
[2025-12-10T11:58:54.278+0000] {processor.py:839} INFO - DAG(s) dict_keys(['pipeline_fraude_ethereum']) retrieved from /opt/airflow/dags/dag_fraud_ethereum.py
[2025-12-10T11:58:54.305+0000] {logging_mixin.py:151} INFO - [2025-12-10T11:58:54.304+0000] {dag.py:2915} INFO - Sync 1 DAGs
[2025-12-10T11:58:54.323+0000] {logging_mixin.py:151} INFO - [2025-12-10T11:58:54.323+0000] {dag.py:3696} INFO - Setting next_dagrun for pipeline_fraude_ethereum to 2025-12-10T00:00:00+00:00, run_after=2025-12-11T00:00:00+00:00
[2025-12-10T11:58:54.344+0000] {processor.py:179} INFO - Processing /opt/airflow/dags/dag_fraud_ethereum.py took 2.910 seconds
[2025-12-10T12:33:51.819+0000] {processor.py:157} INFO - Started process (PID=1905) to work on /opt/airflow/dags/dag_fraud_ethereum.py
[2025-12-10T12:33:51.826+0000] {processor.py:829} INFO - Processing file /opt/airflow/dags/dag_fraud_ethereum.py for tasks to queue
[2025-12-10T12:33:51.830+0000] {logging_mixin.py:151} INFO - [2025-12-10T12:33:51.828+0000] {dagbag.py:539} INFO - Filling up the DagBag from /opt/airflow/dags/dag_fraud_ethereum.py
[2025-12-10T12:33:54.977+0000] {logging_mixin.py:151} WARNING - /home/airflow/.local/lib/python3.8/site-packages/pydantic/_internal/_fields.py:127 UserWarning: Field "model_server_url" has conflict with protected namespace "model_".

You may be able to resolve this warning by setting `model_config['protected_namespaces'] = ()`.
[2025-12-10T12:33:55.451+0000] {processor.py:839} INFO - DAG(s) dict_keys(['pipeline_fraude_ethereum']) retrieved from /opt/airflow/dags/dag_fraud_ethereum.py
[2025-12-10T12:33:55.491+0000] {logging_mixin.py:151} INFO - [2025-12-10T12:33:55.490+0000] {dag.py:2915} INFO - Sync 1 DAGs
[2025-12-10T12:33:55.513+0000] {logging_mixin.py:151} INFO - [2025-12-10T12:33:55.512+0000] {dag.py:3696} INFO - Setting next_dagrun for pipeline_fraude_ethereum to 2025-12-10T00:00:00+00:00, run_after=2025-12-11T00:00:00+00:00
[2025-12-10T12:33:55.527+0000] {processor.py:179} INFO - Processing /opt/airflow/dags/dag_fraud_ethereum.py took 3.752 seconds
[2025-12-10T13:10:05.552+0000] {processor.py:157} INFO - Started process (PID=1922) to work on /opt/airflow/dags/dag_fraud_ethereum.py
[2025-12-10T13:10:05.553+0000] {processor.py:829} INFO - Processing file /opt/airflow/dags/dag_fraud_ethereum.py for tasks to queue
[2025-12-10T13:10:05.554+0000] {logging_mixin.py:151} INFO - [2025-12-10T13:10:05.554+0000] {dagbag.py:539} INFO - Filling up the DagBag from /opt/airflow/dags/dag_fraud_ethereum.py
[2025-12-10T13:10:09.082+0000] {logging_mixin.py:151} WARNING - /home/airflow/.local/lib/python3.8/site-packages/pydantic/_internal/_fields.py:127 UserWarning: Field "model_server_url" has conflict with protected namespace "model_".

You may be able to resolve this warning by setting `model_config['protected_namespaces'] = ()`.
[2025-12-10T13:10:09.554+0000] {processor.py:839} INFO - DAG(s) dict_keys(['pipeline_fraude_ethereum']) retrieved from /opt/airflow/dags/dag_fraud_ethereum.py
[2025-12-10T13:10:09.594+0000] {logging_mixin.py:151} INFO - [2025-12-10T13:10:09.593+0000] {dag.py:2915} INFO - Sync 1 DAGs
[2025-12-10T13:10:09.617+0000] {logging_mixin.py:151} INFO - [2025-12-10T13:10:09.617+0000] {dag.py:3696} INFO - Setting next_dagrun for pipeline_fraude_ethereum to 2025-12-10T00:00:00+00:00, run_after=2025-12-11T00:00:00+00:00
[2025-12-10T13:10:09.631+0000] {processor.py:179} INFO - Processing /opt/airflow/dags/dag_fraud_ethereum.py took 4.086 seconds
[2025-12-10T13:34:27.453+0000] {processor.py:157} INFO - Started process (PID=1939) to work on /opt/airflow/dags/dag_fraud_ethereum.py
[2025-12-10T13:34:27.463+0000] {processor.py:829} INFO - Processing file /opt/airflow/dags/dag_fraud_ethereum.py for tasks to queue
[2025-12-10T13:34:27.470+0000] {logging_mixin.py:151} INFO - [2025-12-10T13:34:27.469+0000] {dagbag.py:539} INFO - Filling up the DagBag from /opt/airflow/dags/dag_fraud_ethereum.py
[2025-12-10T13:34:31.088+0000] {logging_mixin.py:151} WARNING - /home/airflow/.local/lib/python3.8/site-packages/pydantic/_internal/_fields.py:127 UserWarning: Field "model_server_url" has conflict with protected namespace "model_".

You may be able to resolve this warning by setting `model_config['protected_namespaces'] = ()`.
[2025-12-10T13:34:31.744+0000] {processor.py:839} INFO - DAG(s) dict_keys(['pipeline_fraude_ethereum']) retrieved from /opt/airflow/dags/dag_fraud_ethereum.py
[2025-12-10T13:34:31.799+0000] {logging_mixin.py:151} INFO - [2025-12-10T13:34:31.798+0000] {dag.py:2915} INFO - Sync 1 DAGs
[2025-12-10T13:34:31.824+0000] {logging_mixin.py:151} INFO - [2025-12-10T13:34:31.824+0000] {dag.py:3696} INFO - Setting next_dagrun for pipeline_fraude_ethereum to 2025-12-10T00:00:00+00:00, run_after=2025-12-11T00:00:00+00:00
[2025-12-10T13:34:31.839+0000] {processor.py:179} INFO - Processing /opt/airflow/dags/dag_fraud_ethereum.py took 4.420 seconds
[2025-12-10T15:12:07.428+0000] {processor.py:157} INFO - Started process (PID=1958) to work on /opt/airflow/dags/dag_fraud_ethereum.py
[2025-12-10T15:12:07.431+0000] {processor.py:829} INFO - Processing file /opt/airflow/dags/dag_fraud_ethereum.py for tasks to queue
[2025-12-10T15:12:07.435+0000] {logging_mixin.py:151} INFO - [2025-12-10T15:12:07.433+0000] {dagbag.py:539} INFO - Filling up the DagBag from /opt/airflow/dags/dag_fraud_ethereum.py
[2025-12-10T15:12:10.609+0000] {logging_mixin.py:151} WARNING - /home/airflow/.local/lib/python3.8/site-packages/pydantic/_internal/_fields.py:127 UserWarning: Field "model_server_url" has conflict with protected namespace "model_".

You may be able to resolve this warning by setting `model_config['protected_namespaces'] = ()`.
[2025-12-10T15:12:11.049+0000] {processor.py:839} INFO - DAG(s) dict_keys(['pipeline_fraude_ethereum']) retrieved from /opt/airflow/dags/dag_fraud_ethereum.py
[2025-12-10T15:12:11.089+0000] {logging_mixin.py:151} INFO - [2025-12-10T15:12:11.088+0000] {dag.py:2915} INFO - Sync 1 DAGs
[2025-12-10T15:12:11.109+0000] {logging_mixin.py:151} INFO - [2025-12-10T15:12:11.108+0000] {dag.py:3696} INFO - Setting next_dagrun for pipeline_fraude_ethereum to 2025-12-10T00:00:00+00:00, run_after=2025-12-11T00:00:00+00:00
[2025-12-10T15:12:11.121+0000] {processor.py:179} INFO - Processing /opt/airflow/dags/dag_fraud_ethereum.py took 3.709 seconds
[2025-12-10T16:44:04.688+0000] {processor.py:157} INFO - Started process (PID=1975) to work on /opt/airflow/dags/dag_fraud_ethereum.py
[2025-12-10T16:44:04.691+0000] {processor.py:829} INFO - Processing file /opt/airflow/dags/dag_fraud_ethereum.py for tasks to queue
[2025-12-10T16:44:04.695+0000] {logging_mixin.py:151} INFO - [2025-12-10T16:44:04.693+0000] {dagbag.py:539} INFO - Filling up the DagBag from /opt/airflow/dags/dag_fraud_ethereum.py
[2025-12-10T16:44:09.959+0000] {logging_mixin.py:151} WARNING - /home/airflow/.local/lib/python3.8/site-packages/pydantic/_internal/_fields.py:127 UserWarning: Field "model_server_url" has conflict with protected namespace "model_".

You may be able to resolve this warning by setting `model_config['protected_namespaces'] = ()`.
[2025-12-10T16:44:10.490+0000] {processor.py:839} INFO - DAG(s) dict_keys(['pipeline_fraude_ethereum']) retrieved from /opt/airflow/dags/dag_fraud_ethereum.py
[2025-12-10T16:44:10.540+0000] {logging_mixin.py:151} INFO - [2025-12-10T16:44:10.539+0000] {dag.py:2915} INFO - Sync 1 DAGs
[2025-12-10T16:44:10.573+0000] {logging_mixin.py:151} INFO - [2025-12-10T16:44:10.573+0000] {dag.py:3696} INFO - Setting next_dagrun for pipeline_fraude_ethereum to 2025-12-10T00:00:00+00:00, run_after=2025-12-11T00:00:00+00:00
[2025-12-10T16:44:10.591+0000] {processor.py:179} INFO - Processing /opt/airflow/dags/dag_fraud_ethereum.py took 5.920 seconds
[2025-12-10T18:15:03.473+0000] {processor.py:157} INFO - Started process (PID=1994) to work on /opt/airflow/dags/dag_fraud_ethereum.py
[2025-12-10T18:15:03.477+0000] {processor.py:829} INFO - Processing file /opt/airflow/dags/dag_fraud_ethereum.py for tasks to queue
[2025-12-10T18:15:03.481+0000] {logging_mixin.py:151} INFO - [2025-12-10T18:15:03.480+0000] {dagbag.py:539} INFO - Filling up the DagBag from /opt/airflow/dags/dag_fraud_ethereum.py
[2025-12-10T18:15:06.259+0000] {logging_mixin.py:151} WARNING - /home/airflow/.local/lib/python3.8/site-packages/pydantic/_internal/_fields.py:127 UserWarning: Field "model_server_url" has conflict with protected namespace "model_".

You may be able to resolve this warning by setting `model_config['protected_namespaces'] = ()`.
[2025-12-10T18:15:06.862+0000] {processor.py:839} INFO - DAG(s) dict_keys(['pipeline_fraude_ethereum']) retrieved from /opt/airflow/dags/dag_fraud_ethereum.py
[2025-12-10T18:15:06.916+0000] {logging_mixin.py:151} INFO - [2025-12-10T18:15:06.915+0000] {dag.py:2915} INFO - Sync 1 DAGs
[2025-12-10T18:15:06.955+0000] {logging_mixin.py:151} INFO - [2025-12-10T18:15:06.955+0000] {dag.py:3696} INFO - Setting next_dagrun for pipeline_fraude_ethereum to 2025-12-10T00:00:00+00:00, run_after=2025-12-11T00:00:00+00:00
[2025-12-10T18:15:06.972+0000] {processor.py:179} INFO - Processing /opt/airflow/dags/dag_fraud_ethereum.py took 3.531 seconds
[2025-12-10T20:27:52.574+0000] {processor.py:157} INFO - Started process (PID=2011) to work on /opt/airflow/dags/dag_fraud_ethereum.py
[2025-12-10T20:27:52.587+0000] {processor.py:829} INFO - Processing file /opt/airflow/dags/dag_fraud_ethereum.py for tasks to queue
[2025-12-10T20:27:52.590+0000] {logging_mixin.py:151} INFO - [2025-12-10T20:27:52.589+0000] {dagbag.py:539} INFO - Filling up the DagBag from /opt/airflow/dags/dag_fraud_ethereum.py
[2025-12-10T20:27:57.594+0000] {logging_mixin.py:151} WARNING - /home/airflow/.local/lib/python3.8/site-packages/pydantic/_internal/_fields.py:127 UserWarning: Field "model_server_url" has conflict with protected namespace "model_".

You may be able to resolve this warning by setting `model_config['protected_namespaces'] = ()`.
[2025-12-10T20:27:58.784+0000] {processor.py:839} INFO - DAG(s) dict_keys(['pipeline_fraude_ethereum']) retrieved from /opt/airflow/dags/dag_fraud_ethereum.py
[2025-12-10T20:27:58.864+0000] {logging_mixin.py:151} INFO - [2025-12-10T20:27:58.863+0000] {dag.py:2915} INFO - Sync 1 DAGs
[2025-12-10T20:27:58.894+0000] {logging_mixin.py:151} INFO - [2025-12-10T20:27:58.894+0000] {dag.py:3696} INFO - Setting next_dagrun for pipeline_fraude_ethereum to 2025-12-10T00:00:00+00:00, run_after=2025-12-11T00:00:00+00:00
[2025-12-10T20:27:58.912+0000] {processor.py:179} INFO - Processing /opt/airflow/dags/dag_fraud_ethereum.py took 6.363 seconds
[2025-12-10T21:00:29.944+0000] {processor.py:157} INFO - Started process (PID=2028) to work on /opt/airflow/dags/dag_fraud_ethereum.py
[2025-12-10T21:00:29.953+0000] {processor.py:829} INFO - Processing file /opt/airflow/dags/dag_fraud_ethereum.py for tasks to queue
[2025-12-10T21:00:29.963+0000] {logging_mixin.py:151} INFO - [2025-12-10T21:00:29.959+0000] {dagbag.py:539} INFO - Filling up the DagBag from /opt/airflow/dags/dag_fraud_ethereum.py
[2025-12-10T21:00:32.695+0000] {logging_mixin.py:151} WARNING - /home/airflow/.local/lib/python3.8/site-packages/pydantic/_internal/_fields.py:127 UserWarning: Field "model_server_url" has conflict with protected namespace "model_".

You may be able to resolve this warning by setting `model_config['protected_namespaces'] = ()`.
[2025-12-10T21:00:33.099+0000] {processor.py:839} INFO - DAG(s) dict_keys(['pipeline_fraude_ethereum']) retrieved from /opt/airflow/dags/dag_fraud_ethereum.py
[2025-12-10T21:00:33.136+0000] {logging_mixin.py:151} INFO - [2025-12-10T21:00:33.136+0000] {dag.py:2915} INFO - Sync 1 DAGs
[2025-12-10T21:00:33.155+0000] {logging_mixin.py:151} INFO - [2025-12-10T21:00:33.155+0000] {dag.py:3696} INFO - Setting next_dagrun for pipeline_fraude_ethereum to 2025-12-10T00:00:00+00:00, run_after=2025-12-11T00:00:00+00:00
[2025-12-10T21:00:33.169+0000] {processor.py:179} INFO - Processing /opt/airflow/dags/dag_fraud_ethereum.py took 3.241 seconds
[2025-12-10T21:28:35.290+0000] {processor.py:157} INFO - Started process (PID=2045) to work on /opt/airflow/dags/dag_fraud_ethereum.py
[2025-12-10T21:28:35.294+0000] {processor.py:829} INFO - Processing file /opt/airflow/dags/dag_fraud_ethereum.py for tasks to queue
[2025-12-10T21:28:35.296+0000] {logging_mixin.py:151} INFO - [2025-12-10T21:28:35.295+0000] {dagbag.py:539} INFO - Filling up the DagBag from /opt/airflow/dags/dag_fraud_ethereum.py
[2025-12-10T21:28:38.098+0000] {logging_mixin.py:151} WARNING - /home/airflow/.local/lib/python3.8/site-packages/pydantic/_internal/_fields.py:127 UserWarning: Field "model_server_url" has conflict with protected namespace "model_".

You may be able to resolve this warning by setting `model_config['protected_namespaces'] = ()`.
[2025-12-10T21:28:38.993+0000] {processor.py:839} INFO - DAG(s) dict_keys(['pipeline_fraude_ethereum']) retrieved from /opt/airflow/dags/dag_fraud_ethereum.py
[2025-12-10T21:28:39.081+0000] {logging_mixin.py:151} INFO - [2025-12-10T21:28:39.079+0000] {dag.py:2915} INFO - Sync 1 DAGs
[2025-12-10T21:28:39.144+0000] {logging_mixin.py:151} INFO - [2025-12-10T21:28:39.144+0000] {dag.py:3696} INFO - Setting next_dagrun for pipeline_fraude_ethereum to 2025-12-10T00:00:00+00:00, run_after=2025-12-11T00:00:00+00:00
[2025-12-10T21:28:39.162+0000] {processor.py:179} INFO - Processing /opt/airflow/dags/dag_fraud_ethereum.py took 3.887 seconds
[2025-12-10T21:32:59.422+0000] {processor.py:157} INFO - Started process (PID=2062) to work on /opt/airflow/dags/dag_fraud_ethereum.py
[2025-12-10T21:32:59.425+0000] {processor.py:829} INFO - Processing file /opt/airflow/dags/dag_fraud_ethereum.py for tasks to queue
[2025-12-10T21:32:59.427+0000] {logging_mixin.py:151} INFO - [2025-12-10T21:32:59.426+0000] {dagbag.py:539} INFO - Filling up the DagBag from /opt/airflow/dags/dag_fraud_ethereum.py
[2025-12-10T21:33:02.716+0000] {logging_mixin.py:151} WARNING - /home/airflow/.local/lib/python3.8/site-packages/pydantic/_internal/_fields.py:127 UserWarning: Field "model_server_url" has conflict with protected namespace "model_".

You may be able to resolve this warning by setting `model_config['protected_namespaces'] = ()`.
[2025-12-10T21:33:03.725+0000] {processor.py:839} INFO - DAG(s) dict_keys(['pipeline_fraude_ethereum']) retrieved from /opt/airflow/dags/dag_fraud_ethereum.py
[2025-12-10T21:33:03.785+0000] {logging_mixin.py:151} INFO - [2025-12-10T21:33:03.784+0000] {dag.py:2915} INFO - Sync 1 DAGs
[2025-12-10T21:33:03.821+0000] {logging_mixin.py:151} INFO - [2025-12-10T21:33:03.821+0000] {dag.py:3696} INFO - Setting next_dagrun for pipeline_fraude_ethereum to 2025-12-10T00:00:00+00:00, run_after=2025-12-11T00:00:00+00:00
[2025-12-10T21:33:03.840+0000] {processor.py:179} INFO - Processing /opt/airflow/dags/dag_fraud_ethereum.py took 4.427 seconds
[2025-12-10T21:47:43.017+0000] {processor.py:157} INFO - Started process (PID=2079) to work on /opt/airflow/dags/dag_fraud_ethereum.py
[2025-12-10T21:47:43.022+0000] {processor.py:829} INFO - Processing file /opt/airflow/dags/dag_fraud_ethereum.py for tasks to queue
[2025-12-10T21:47:43.028+0000] {logging_mixin.py:151} INFO - [2025-12-10T21:47:43.026+0000] {dagbag.py:539} INFO - Filling up the DagBag from /opt/airflow/dags/dag_fraud_ethereum.py
[2025-12-10T21:47:45.541+0000] {logging_mixin.py:151} WARNING - /home/airflow/.local/lib/python3.8/site-packages/pydantic/_internal/_fields.py:127 UserWarning: Field "model_server_url" has conflict with protected namespace "model_".

You may be able to resolve this warning by setting `model_config['protected_namespaces'] = ()`.
[2025-12-10T21:47:45.976+0000] {processor.py:839} INFO - DAG(s) dict_keys(['pipeline_fraude_ethereum']) retrieved from /opt/airflow/dags/dag_fraud_ethereum.py
[2025-12-10T21:47:46.032+0000] {logging_mixin.py:151} INFO - [2025-12-10T21:47:46.031+0000] {dag.py:2915} INFO - Sync 1 DAGs
[2025-12-10T21:47:46.064+0000] {logging_mixin.py:151} INFO - [2025-12-10T21:47:46.063+0000] {dag.py:3696} INFO - Setting next_dagrun for pipeline_fraude_ethereum to 2025-12-10T00:00:00+00:00, run_after=2025-12-11T00:00:00+00:00
[2025-12-10T21:47:46.087+0000] {processor.py:179} INFO - Processing /opt/airflow/dags/dag_fraud_ethereum.py took 3.096 seconds
[2025-12-10T22:03:37.523+0000] {processor.py:157} INFO - Started process (PID=2098) to work on /opt/airflow/dags/dag_fraud_ethereum.py
[2025-12-10T22:03:37.525+0000] {processor.py:829} INFO - Processing file /opt/airflow/dags/dag_fraud_ethereum.py for tasks to queue
[2025-12-10T22:03:37.545+0000] {logging_mixin.py:151} INFO - [2025-12-10T22:03:37.529+0000] {dagbag.py:539} INFO - Filling up the DagBag from /opt/airflow/dags/dag_fraud_ethereum.py
[2025-12-10T22:03:39.938+0000] {logging_mixin.py:151} WARNING - /home/airflow/.local/lib/python3.8/site-packages/pydantic/_internal/_fields.py:127 UserWarning: Field "model_server_url" has conflict with protected namespace "model_".

You may be able to resolve this warning by setting `model_config['protected_namespaces'] = ()`.
[2025-12-10T22:03:40.378+0000] {processor.py:839} INFO - DAG(s) dict_keys(['pipeline_fraude_ethereum']) retrieved from /opt/airflow/dags/dag_fraud_ethereum.py
[2025-12-10T22:03:40.410+0000] {logging_mixin.py:151} INFO - [2025-12-10T22:03:40.409+0000] {dag.py:2915} INFO - Sync 1 DAGs
[2025-12-10T22:03:40.430+0000] {logging_mixin.py:151} INFO - [2025-12-10T22:03:40.429+0000] {dag.py:3696} INFO - Setting next_dagrun for pipeline_fraude_ethereum to 2025-12-10T00:00:00+00:00, run_after=2025-12-11T00:00:00+00:00
[2025-12-10T22:03:40.442+0000] {processor.py:179} INFO - Processing /opt/airflow/dags/dag_fraud_ethereum.py took 2.941 seconds
[2025-12-10T22:04:10.998+0000] {processor.py:157} INFO - Started process (PID=2115) to work on /opt/airflow/dags/dag_fraud_ethereum.py
[2025-12-10T22:04:11.004+0000] {processor.py:829} INFO - Processing file /opt/airflow/dags/dag_fraud_ethereum.py for tasks to queue
[2025-12-10T22:04:11.008+0000] {logging_mixin.py:151} INFO - [2025-12-10T22:04:11.006+0000] {dagbag.py:539} INFO - Filling up the DagBag from /opt/airflow/dags/dag_fraud_ethereum.py
[2025-12-10T22:04:12.252+0000] {logging_mixin.py:151} WARNING - /home/airflow/.local/lib/python3.8/site-packages/pydantic/_internal/_fields.py:127 UserWarning: Field "model_server_url" has conflict with protected namespace "model_".

You may be able to resolve this warning by setting `model_config['protected_namespaces'] = ()`.
[2025-12-10T22:04:12.355+0000] {processor.py:839} INFO - DAG(s) dict_keys(['pipeline_fraude_ethereum']) retrieved from /opt/airflow/dags/dag_fraud_ethereum.py
[2025-12-10T22:04:12.390+0000] {logging_mixin.py:151} INFO - [2025-12-10T22:04:12.389+0000] {dag.py:2915} INFO - Sync 1 DAGs
[2025-12-10T22:04:12.415+0000] {logging_mixin.py:151} INFO - [2025-12-10T22:04:12.415+0000] {dag.py:3696} INFO - Setting next_dagrun for pipeline_fraude_ethereum to 2025-12-10T00:00:00+00:00, run_after=2025-12-11T00:00:00+00:00
[2025-12-10T22:04:12.429+0000] {processor.py:179} INFO - Processing /opt/airflow/dags/dag_fraud_ethereum.py took 1.440 seconds
[2025-12-10T22:19:23.693+0000] {processor.py:157} INFO - Started process (PID=2128) to work on /opt/airflow/dags/dag_fraud_ethereum.py
[2025-12-10T22:19:23.698+0000] {processor.py:829} INFO - Processing file /opt/airflow/dags/dag_fraud_ethereum.py for tasks to queue
[2025-12-10T22:19:23.703+0000] {logging_mixin.py:151} INFO - [2025-12-10T22:19:23.701+0000] {dagbag.py:539} INFO - Filling up the DagBag from /opt/airflow/dags/dag_fraud_ethereum.py
[2025-12-10T22:19:26.490+0000] {logging_mixin.py:151} WARNING - /home/airflow/.local/lib/python3.8/site-packages/pydantic/_internal/_fields.py:127 UserWarning: Field "model_server_url" has conflict with protected namespace "model_".

You may be able to resolve this warning by setting `model_config['protected_namespaces'] = ()`.
[2025-12-10T22:19:26.902+0000] {processor.py:839} INFO - DAG(s) dict_keys(['pipeline_fraude_ethereum']) retrieved from /opt/airflow/dags/dag_fraud_ethereum.py
[2025-12-10T22:19:26.928+0000] {logging_mixin.py:151} INFO - [2025-12-10T22:19:26.927+0000] {dag.py:2915} INFO - Sync 1 DAGs
[2025-12-10T22:19:26.946+0000] {logging_mixin.py:151} INFO - [2025-12-10T22:19:26.946+0000] {dag.py:3696} INFO - Setting next_dagrun for pipeline_fraude_ethereum to 2025-12-10T00:00:00+00:00, run_after=2025-12-11T00:00:00+00:00
[2025-12-10T22:19:26.959+0000] {processor.py:179} INFO - Processing /opt/airflow/dags/dag_fraud_ethereum.py took 3.310 seconds
[2025-12-10T22:35:20.162+0000] {processor.py:157} INFO - Started process (PID=2145) to work on /opt/airflow/dags/dag_fraud_ethereum.py
[2025-12-10T22:35:20.166+0000] {processor.py:829} INFO - Processing file /opt/airflow/dags/dag_fraud_ethereum.py for tasks to queue
[2025-12-10T22:35:20.171+0000] {logging_mixin.py:151} INFO - [2025-12-10T22:35:20.169+0000] {dagbag.py:539} INFO - Filling up the DagBag from /opt/airflow/dags/dag_fraud_ethereum.py
[2025-12-10T22:35:22.236+0000] {logging_mixin.py:151} WARNING - /home/airflow/.local/lib/python3.8/site-packages/pydantic/_internal/_fields.py:127 UserWarning: Field "model_server_url" has conflict with protected namespace "model_".

You may be able to resolve this warning by setting `model_config['protected_namespaces'] = ()`.
[2025-12-10T22:35:22.667+0000] {processor.py:839} INFO - DAG(s) dict_keys(['pipeline_fraude_ethereum']) retrieved from /opt/airflow/dags/dag_fraud_ethereum.py
[2025-12-10T22:35:22.698+0000] {logging_mixin.py:151} INFO - [2025-12-10T22:35:22.697+0000] {dag.py:2915} INFO - Sync 1 DAGs
[2025-12-10T22:35:22.717+0000] {logging_mixin.py:151} INFO - [2025-12-10T22:35:22.717+0000] {dag.py:3696} INFO - Setting next_dagrun for pipeline_fraude_ethereum to 2025-12-10T00:00:00+00:00, run_after=2025-12-11T00:00:00+00:00
[2025-12-10T22:35:22.729+0000] {processor.py:179} INFO - Processing /opt/airflow/dags/dag_fraud_ethereum.py took 2.580 seconds
[2025-12-10T22:35:53.212+0000] {processor.py:157} INFO - Started process (PID=2162) to work on /opt/airflow/dags/dag_fraud_ethereum.py
[2025-12-10T22:35:53.214+0000] {processor.py:829} INFO - Processing file /opt/airflow/dags/dag_fraud_ethereum.py for tasks to queue
[2025-12-10T22:35:53.222+0000] {logging_mixin.py:151} INFO - [2025-12-10T22:35:53.217+0000] {dagbag.py:539} INFO - Filling up the DagBag from /opt/airflow/dags/dag_fraud_ethereum.py
[2025-12-10T22:35:54.431+0000] {logging_mixin.py:151} WARNING - /home/airflow/.local/lib/python3.8/site-packages/pydantic/_internal/_fields.py:127 UserWarning: Field "model_server_url" has conflict with protected namespace "model_".

You may be able to resolve this warning by setting `model_config['protected_namespaces'] = ()`.
[2025-12-10T22:35:54.531+0000] {processor.py:839} INFO - DAG(s) dict_keys(['pipeline_fraude_ethereum']) retrieved from /opt/airflow/dags/dag_fraud_ethereum.py
[2025-12-10T22:35:54.555+0000] {logging_mixin.py:151} INFO - [2025-12-10T22:35:54.554+0000] {dag.py:2915} INFO - Sync 1 DAGs
[2025-12-10T22:35:54.574+0000] {logging_mixin.py:151} INFO - [2025-12-10T22:35:54.574+0000] {dag.py:3696} INFO - Setting next_dagrun for pipeline_fraude_ethereum to 2025-12-10T00:00:00+00:00, run_after=2025-12-11T00:00:00+00:00
[2025-12-10T22:35:54.596+0000] {processor.py:179} INFO - Processing /opt/airflow/dags/dag_fraud_ethereum.py took 1.392 seconds
[2025-12-10T23:07:11.755+0000] {processor.py:157} INFO - Started process (PID=2179) to work on /opt/airflow/dags/dag_fraud_ethereum.py
[2025-12-10T23:07:11.758+0000] {processor.py:829} INFO - Processing file /opt/airflow/dags/dag_fraud_ethereum.py for tasks to queue
[2025-12-10T23:07:11.762+0000] {logging_mixin.py:151} INFO - [2025-12-10T23:07:11.760+0000] {dagbag.py:539} INFO - Filling up the DagBag from /opt/airflow/dags/dag_fraud_ethereum.py
[2025-12-10T23:07:13.558+0000] {logging_mixin.py:151} WARNING - /home/airflow/.local/lib/python3.8/site-packages/pydantic/_internal/_fields.py:127 UserWarning: Field "model_server_url" has conflict with protected namespace "model_".

You may be able to resolve this warning by setting `model_config['protected_namespaces'] = ()`.
[2025-12-10T23:07:13.989+0000] {processor.py:839} INFO - DAG(s) dict_keys(['pipeline_fraude_ethereum']) retrieved from /opt/airflow/dags/dag_fraud_ethereum.py
[2025-12-10T23:07:14.015+0000] {logging_mixin.py:151} INFO - [2025-12-10T23:07:14.015+0000] {dag.py:2915} INFO - Sync 1 DAGs
[2025-12-10T23:07:14.034+0000] {logging_mixin.py:151} INFO - [2025-12-10T23:07:14.033+0000] {dag.py:3696} INFO - Setting next_dagrun for pipeline_fraude_ethereum to 2025-12-10T00:00:00+00:00, run_after=2025-12-11T00:00:00+00:00
[2025-12-10T23:07:14.046+0000] {processor.py:179} INFO - Processing /opt/airflow/dags/dag_fraud_ethereum.py took 2.309 seconds
[2025-12-10T23:07:44.237+0000] {processor.py:157} INFO - Started process (PID=2194) to work on /opt/airflow/dags/dag_fraud_ethereum.py
[2025-12-10T23:07:44.261+0000] {processor.py:829} INFO - Processing file /opt/airflow/dags/dag_fraud_ethereum.py for tasks to queue
[2025-12-10T23:07:44.264+0000] {logging_mixin.py:151} INFO - [2025-12-10T23:07:44.263+0000] {dagbag.py:539} INFO - Filling up the DagBag from /opt/airflow/dags/dag_fraud_ethereum.py
[2025-12-10T23:07:45.457+0000] {logging_mixin.py:151} WARNING - /home/airflow/.local/lib/python3.8/site-packages/pydantic/_internal/_fields.py:127 UserWarning: Field "model_server_url" has conflict with protected namespace "model_".

You may be able to resolve this warning by setting `model_config['protected_namespaces'] = ()`.
[2025-12-10T23:07:46.003+0000] {processor.py:839} INFO - DAG(s) dict_keys(['pipeline_fraude_ethereum']) retrieved from /opt/airflow/dags/dag_fraud_ethereum.py
[2025-12-10T23:07:46.023+0000] {logging_mixin.py:151} INFO - [2025-12-10T23:07:46.022+0000] {dag.py:2915} INFO - Sync 1 DAGs
[2025-12-10T23:07:46.040+0000] {logging_mixin.py:151} INFO - [2025-12-10T23:07:46.040+0000] {dag.py:3696} INFO - Setting next_dagrun for pipeline_fraude_ethereum to 2025-12-10T00:00:00+00:00, run_after=2025-12-11T00:00:00+00:00
[2025-12-10T23:07:46.059+0000] {processor.py:179} INFO - Processing /opt/airflow/dags/dag_fraud_ethereum.py took 1.831 seconds
[2025-12-10T23:19:30.807+0000] {processor.py:157} INFO - Started process (PID=2207) to work on /opt/airflow/dags/dag_fraud_ethereum.py
[2025-12-10T23:19:30.812+0000] {processor.py:829} INFO - Processing file /opt/airflow/dags/dag_fraud_ethereum.py for tasks to queue
[2025-12-10T23:19:30.815+0000] {logging_mixin.py:151} INFO - [2025-12-10T23:19:30.814+0000] {dagbag.py:539} INFO - Filling up the DagBag from /opt/airflow/dags/dag_fraud_ethereum.py
[2025-12-10T23:19:33.501+0000] {logging_mixin.py:151} WARNING - /home/airflow/.local/lib/python3.8/site-packages/pydantic/_internal/_fields.py:127 UserWarning: Field "model_server_url" has conflict with protected namespace "model_".

You may be able to resolve this warning by setting `model_config['protected_namespaces'] = ()`.
[2025-12-10T23:19:33.920+0000] {processor.py:839} INFO - DAG(s) dict_keys(['pipeline_fraude_ethereum']) retrieved from /opt/airflow/dags/dag_fraud_ethereum.py
[2025-12-10T23:19:33.949+0000] {logging_mixin.py:151} INFO - [2025-12-10T23:19:33.949+0000] {dag.py:2915} INFO - Sync 1 DAGs
[2025-12-10T23:19:33.969+0000] {logging_mixin.py:151} INFO - [2025-12-10T23:19:33.969+0000] {dag.py:3696} INFO - Setting next_dagrun for pipeline_fraude_ethereum to 2025-12-10T00:00:00+00:00, run_after=2025-12-11T00:00:00+00:00
[2025-12-10T23:19:33.982+0000] {processor.py:179} INFO - Processing /opt/airflow/dags/dag_fraud_ethereum.py took 3.197 seconds
[2025-12-10T23:35:26.007+0000] {processor.py:157} INFO - Started process (PID=2225) to work on /opt/airflow/dags/dag_fraud_ethereum.py
[2025-12-10T23:35:26.010+0000] {processor.py:829} INFO - Processing file /opt/airflow/dags/dag_fraud_ethereum.py for tasks to queue
[2025-12-10T23:35:26.012+0000] {logging_mixin.py:151} INFO - [2025-12-10T23:35:26.011+0000] {dagbag.py:539} INFO - Filling up the DagBag from /opt/airflow/dags/dag_fraud_ethereum.py
[2025-12-10T23:35:29.657+0000] {logging_mixin.py:151} WARNING - /home/airflow/.local/lib/python3.8/site-packages/pydantic/_internal/_fields.py:127 UserWarning: Field "model_server_url" has conflict with protected namespace "model_".

You may be able to resolve this warning by setting `model_config['protected_namespaces'] = ()`.
[2025-12-10T23:35:30.207+0000] {processor.py:839} INFO - DAG(s) dict_keys(['pipeline_fraude_ethereum']) retrieved from /opt/airflow/dags/dag_fraud_ethereum.py
[2025-12-10T23:35:30.294+0000] {logging_mixin.py:151} INFO - [2025-12-10T23:35:30.293+0000] {dag.py:2915} INFO - Sync 1 DAGs
[2025-12-10T23:35:30.336+0000] {logging_mixin.py:151} INFO - [2025-12-10T23:35:30.335+0000] {dag.py:3696} INFO - Setting next_dagrun for pipeline_fraude_ethereum to 2025-12-10T00:00:00+00:00, run_after=2025-12-11T00:00:00+00:00
[2025-12-10T23:35:30.355+0000] {processor.py:179} INFO - Processing /opt/airflow/dags/dag_fraud_ethereum.py took 4.376 seconds
[2025-12-10T23:36:00.865+0000] {processor.py:157} INFO - Started process (PID=2243) to work on /opt/airflow/dags/dag_fraud_ethereum.py
[2025-12-10T23:36:00.883+0000] {processor.py:829} INFO - Processing file /opt/airflow/dags/dag_fraud_ethereum.py for tasks to queue
[2025-12-10T23:36:00.886+0000] {logging_mixin.py:151} INFO - [2025-12-10T23:36:00.884+0000] {dagbag.py:539} INFO - Filling up the DagBag from /opt/airflow/dags/dag_fraud_ethereum.py
[2025-12-10T23:36:02.103+0000] {logging_mixin.py:151} WARNING - /home/airflow/.local/lib/python3.8/site-packages/pydantic/_internal/_fields.py:127 UserWarning: Field "model_server_url" has conflict with protected namespace "model_".

You may be able to resolve this warning by setting `model_config['protected_namespaces'] = ()`.
[2025-12-10T23:36:02.183+0000] {processor.py:839} INFO - DAG(s) dict_keys(['pipeline_fraude_ethereum']) retrieved from /opt/airflow/dags/dag_fraud_ethereum.py
[2025-12-10T23:36:02.210+0000] {logging_mixin.py:151} INFO - [2025-12-10T23:36:02.209+0000] {dag.py:2915} INFO - Sync 1 DAGs
[2025-12-10T23:36:02.229+0000] {logging_mixin.py:151} INFO - [2025-12-10T23:36:02.228+0000] {dag.py:3696} INFO - Setting next_dagrun for pipeline_fraude_ethereum to 2025-12-10T00:00:00+00:00, run_after=2025-12-11T00:00:00+00:00
[2025-12-10T23:36:02.243+0000] {processor.py:179} INFO - Processing /opt/airflow/dags/dag_fraud_ethereum.py took 1.388 seconds
[2025-12-10T23:51:51.422+0000] {processor.py:157} INFO - Started process (PID=2256) to work on /opt/airflow/dags/dag_fraud_ethereum.py
[2025-12-10T23:51:51.425+0000] {processor.py:829} INFO - Processing file /opt/airflow/dags/dag_fraud_ethereum.py for tasks to queue
[2025-12-10T23:51:51.430+0000] {logging_mixin.py:151} INFO - [2025-12-10T23:51:51.428+0000] {dagbag.py:539} INFO - Filling up the DagBag from /opt/airflow/dags/dag_fraud_ethereum.py
[2025-12-10T23:51:54.046+0000] {logging_mixin.py:151} WARNING - /home/airflow/.local/lib/python3.8/site-packages/pydantic/_internal/_fields.py:127 UserWarning: Field "model_server_url" has conflict with protected namespace "model_".

You may be able to resolve this warning by setting `model_config['protected_namespaces'] = ()`.
[2025-12-10T23:51:54.520+0000] {processor.py:839} INFO - DAG(s) dict_keys(['pipeline_fraude_ethereum']) retrieved from /opt/airflow/dags/dag_fraud_ethereum.py
[2025-12-10T23:51:54.547+0000] {logging_mixin.py:151} INFO - [2025-12-10T23:51:54.547+0000] {dag.py:2915} INFO - Sync 1 DAGs
[2025-12-10T23:51:54.584+0000] {logging_mixin.py:151} INFO - [2025-12-10T23:51:54.584+0000] {dag.py:3696} INFO - Setting next_dagrun for pipeline_fraude_ethereum to 2025-12-10T00:00:00+00:00, run_after=2025-12-11T00:00:00+00:00
[2025-12-10T23:51:54.635+0000] {processor.py:179} INFO - Processing /opt/airflow/dags/dag_fraud_ethereum.py took 3.237 seconds
