[2026-04-30T01:47:30.805+0000] {taskinstance.py:1157} INFO - Dependencies all met for dep_context=non-requeueable deps ti=<TaskInstance: pipeline_fraude_ethereum.treinar_modelo_v1 manual__2026-04-30T01:47:25+00:00 [queued]>
[2026-04-30T01:47:30.816+0000] {taskinstance.py:1157} INFO - Dependencies all met for dep_context=requeueable deps ti=<TaskInstance: pipeline_fraude_ethereum.treinar_modelo_v1 manual__2026-04-30T01:47:25+00:00 [queued]>
[2026-04-30T01:47:30.816+0000] {taskinstance.py:1359} INFO - Starting attempt 1 of 1
[2026-04-30T01:47:30.828+0000] {taskinstance.py:1380} INFO - Executing <Task(PythonOperator): treinar_modelo_v1> on 2026-04-30 01:47:25+00:00
[2026-04-30T01:47:30.844+0000] {standard_task_runner.py:57} INFO - Started process 306 to run task
[2026-04-30T01:47:30.861+0000] {standard_task_runner.py:84} INFO - Running: ['***', 'tasks', 'run', 'pipeline_fraude_ethereum', 'treinar_modelo_v1', 'manual__2026-04-30T01:47:25+00:00', '--job-id', '3', '--raw', '--subdir', 'DAGS_FOLDER/dag_fraud_ethereum.py', '--cfg-path', '/tmp/tmp5on9ntn3']
[2026-04-30T01:47:30.864+0000] {standard_task_runner.py:85} INFO - Job 3: Subtask treinar_modelo_v1
[2026-04-30T01:47:30.989+0000] {task_command.py:415} INFO - Running <TaskInstance: pipeline_fraude_ethereum.treinar_modelo_v1 manual__2026-04-30T01:47:25+00:00 [running]> on host c7c95a766b93
[2026-04-30T01:47:31.096+0000] {taskinstance.py:1660} INFO - Exporting env vars: AIRFLOW_CTX_DAG_OWNER='***' AIRFLOW_CTX_DAG_ID='pipeline_fraude_ethereum' AIRFLOW_CTX_TASK_ID='treinar_modelo_v1' AIRFLOW_CTX_EXECUTION_DATE='2026-04-30T01:47:25+00:00' AIRFLOW_CTX_TRY_NUMBER='1' AIRFLOW_CTX_DAG_RUN_ID='manual__2026-04-30T01:47:25+00:00'
[2026-04-30T01:47:31.241+0000] {logging_mixin.py:151} WARNING - 2026/04/30 01:47:31 WARNING mlflow.utils.git_utils: Failed to import Git (the Git executable is probably not on your PATH), so Git SHA is not available. Error: Failed to initialize: Bad git executable.
The git executable must be specified in one of the following ways:
    - be included in your $PATH
    - be set via $GIT_PYTHON_GIT_EXECUTABLE
    - explicitly set via git.refresh(<full-path-to-git-executable>)

All git commands will error until this is rectified.

This initial message can be silenced or aggravated in the future by setting the
$GIT_PYTHON_REFRESH environment variable. Use one of the following values:
    - quiet|q|silence|s|silent|none|n|0: for no message or exception
    - warn|w|warning|log|l|1: for a warning message (logging level CRITICAL, displayed by default)
    - error|e|exception|raise|r|2: for a raised exception

Example:
    export GIT_PYTHON_REFRESH=quiet
[2026-04-30T01:47:31.651+0000] {logging_mixin.py:151} WARNING - /home/***/.local/lib/python3.8/site-packages/xgboost/core.py:158 UserWarning: [01:47:31] WARNING: /workspace/src/c_api/c_api.cc:1374: Saving model in the UBJSON format as default.  You can use file extension: `json`, `ubj` or `deprecated` to choose between formats.
[2026-04-30T01:47:36.703+0000] {logging_mixin.py:151} WARNING - /home/***/.local/lib/python3.8/site-packages/_distutils_hack/__init__.py:33 UserWarning: Setuptools is replacing distutils.
[2026-04-30T01:47:37.124+0000] {logging_mixin.py:151} WARNING - Registered model 'Modelo_Fraude_Ethereum' already exists. Creating a new version of this model...
[2026-04-30T01:47:37.282+0000] {logging_mixin.py:151} WARNING - 2026/04/30 01:47:37 INFO mlflow.tracking._model_registry.client: Waiting up to 300 seconds for model version to finish creation. Model name: Modelo_Fraude_Ethereum, version 2
[2026-04-30T01:47:37.282+0000] {logging_mixin.py:151} WARNING - Created version '2' of model 'Modelo_Fraude_Ethereum'.
[2026-04-30T01:47:37.316+0000] {logging_mixin.py:151} INFO - Modelo v2 promovido para Production!
[2026-04-30T01:47:37.355+0000] {python.py:194} INFO - Done. Returned value was: None
[2026-04-30T01:47:37.382+0000] {taskinstance.py:1398} INFO - Marking task as SUCCESS. dag_id=pipeline_fraude_ethereum, task_id=treinar_modelo_v1, execution_date=20260430T014725, start_date=20260430T014730, end_date=20260430T014737
[2026-04-30T01:47:37.429+0000] {local_task_job_runner.py:228} INFO - Task exited with return code 0
[2026-04-30T01:47:37.460+0000] {taskinstance.py:2776} INFO - 0 downstream tasks scheduled from follow-on schedule check
