[2026-01-02T02:16:11.358+0000] {processor.py:157} INFO - Started process (PID=20772) to work on /opt/airflow/dags/dag_fraud_ethereum.py
[2026-01-02T02:16:11.361+0000] {processor.py:829} INFO - Processing file /opt/airflow/dags/dag_fraud_ethereum.py for tasks to queue
[2026-01-02T02:16:11.366+0000] {logging_mixin.py:151} INFO - [2026-01-02T02:16:11.363+0000] {dagbag.py:539} INFO - Filling up the DagBag from /opt/airflow/dags/dag_fraud_ethereum.py
[2026-01-02T02:16:12.961+0000] {logging_mixin.py:151} WARNING - /home/airflow/.local/lib/python3.8/site-packages/pydantic/_internal/_fields.py:127 UserWarning: Field "model_server_url" has conflict with protected namespace "model_".

You may be able to resolve this warning by setting `model_config['protected_namespaces'] = ()`.
[2026-01-02T02:16:13.085+0000] {logging_mixin.py:151} INFO - [2026-01-02T02:16:13.085+0000] {connectionpool.py:823} WARNING - Retrying (Retry(total=4, connect=4, read=5, redirect=5, status=5)) after connection broken by 'NewConnectionError('<urllib3.connection.HTTPConnection object at 0xffff81975d00>: Failed to establish a new connection: [Errno -2] Name or service not known')': /api/2.0/mlflow/experiments/get-by-name?experiment_name=deteccao_fraude_eth
[2026-01-02T02:16:17.102+0000] {logging_mixin.py:151} INFO - [2026-01-02T02:16:17.097+0000] {connectionpool.py:823} WARNING - Retrying (Retry(total=3, connect=3, read=5, redirect=5, status=5)) after connection broken by 'NewConnectionError('<urllib3.connection.HTTPConnection object at 0xffff81975be0>: Failed to establish a new connection: [Errno -2] Name or service not known')': /api/2.0/mlflow/experiments/get-by-name?experiment_name=deteccao_fraude_eth
[2026-01-02T02:16:25.135+0000] {logging_mixin.py:151} INFO - [2026-01-02T02:16:25.129+0000] {connectionpool.py:823} WARNING - Retrying (Retry(total=2, connect=2, read=5, redirect=5, status=5)) after connection broken by 'NewConnectionError('<urllib3.connection.HTTPConnection object at 0xffff81975c70>: Failed to establish a new connection: [Errno -2] Name or service not known')': /api/2.0/mlflow/experiments/get-by-name?experiment_name=deteccao_fraude_eth
[2026-01-02T03:32:51.909+0000] {logging_mixin.py:151} INFO - [2026-01-02T03:32:51.848+0000] {connectionpool.py:823} WARNING - Retrying (Retry(total=1, connect=1, read=5, redirect=5, status=5)) after connection broken by 'NewConnectionError('<urllib3.connection.HTTPConnection object at 0xffff81975e20>: Failed to establish a new connection: [Errno -2] Name or service not known')': /api/2.0/mlflow/experiments/get-by-name?experiment_name=deteccao_fraude_eth
[2026-01-02T06:18:22.605+0000] {processor.py:157} INFO - Started process (PID=20789) to work on /opt/airflow/dags/dag_fraud_ethereum.py
[2026-01-02T06:18:22.608+0000] {processor.py:829} INFO - Processing file /opt/airflow/dags/dag_fraud_ethereum.py for tasks to queue
[2026-01-02T06:18:22.611+0000] {logging_mixin.py:151} INFO - [2026-01-02T06:18:22.610+0000] {dagbag.py:539} INFO - Filling up the DagBag from /opt/airflow/dags/dag_fraud_ethereum.py
[2026-01-02T06:18:24.734+0000] {logging_mixin.py:151} WARNING - /home/airflow/.local/lib/python3.8/site-packages/pydantic/_internal/_fields.py:127 UserWarning: Field "model_server_url" has conflict with protected namespace "model_".

You may be able to resolve this warning by setting `model_config['protected_namespaces'] = ()`.
[2026-01-02T06:18:24.840+0000] {logging_mixin.py:151} INFO - [2026-01-02T06:18:24.840+0000] {connectionpool.py:823} WARNING - Retrying (Retry(total=4, connect=4, read=5, redirect=5, status=5)) after connection broken by 'NewConnectionError('<urllib3.connection.HTTPConnection object at 0xffff819f7b50>: Failed to establish a new connection: [Errno -2] Name or service not known')': /api/2.0/mlflow/experiments/get-by-name?experiment_name=deteccao_fraude_eth
[2026-01-02T06:18:28.865+0000] {logging_mixin.py:151} INFO - [2026-01-02T06:18:28.859+0000] {connectionpool.py:823} WARNING - Retrying (Retry(total=3, connect=3, read=5, redirect=5, status=5)) after connection broken by 'NewConnectionError('<urllib3.connection.HTTPConnection object at 0xffff819f7910>: Failed to establish a new connection: [Errno -2] Name or service not known')': /api/2.0/mlflow/experiments/get-by-name?experiment_name=deteccao_fraude_eth
[2026-01-02T06:18:36.948+0000] {logging_mixin.py:151} INFO - [2026-01-02T06:18:36.941+0000] {connectionpool.py:823} WARNING - Retrying (Retry(total=2, connect=2, read=5, redirect=5, status=5)) after connection broken by 'NewConnectionError('<urllib3.connection.HTTPConnection object at 0xffff819f7dc0>: Failed to establish a new connection: [Errno -2] Name or service not known')': /api/2.0/mlflow/experiments/get-by-name?experiment_name=deteccao_fraude_eth
[2026-01-02T13:04:01.015+0000] {processor.py:157} INFO - Started process (PID=20810) to work on /opt/airflow/dags/dag_fraud_ethereum.py
[2026-01-02T13:04:01.021+0000] {processor.py:829} INFO - Processing file /opt/airflow/dags/dag_fraud_ethereum.py for tasks to queue
[2026-01-02T13:04:01.026+0000] {logging_mixin.py:151} INFO - [2026-01-02T13:04:01.024+0000] {dagbag.py:539} INFO - Filling up the DagBag from /opt/airflow/dags/dag_fraud_ethereum.py
[2026-01-02T13:04:03.753+0000] {logging_mixin.py:151} WARNING - /home/airflow/.local/lib/python3.8/site-packages/pydantic/_internal/_fields.py:127 UserWarning: Field "model_server_url" has conflict with protected namespace "model_".

You may be able to resolve this warning by setting `model_config['protected_namespaces'] = ()`.
[2026-01-02T13:04:04.370+0000] {logging_mixin.py:151} INFO - [2026-01-02T13:04:04.369+0000] {connectionpool.py:823} WARNING - Retrying (Retry(total=4, connect=4, read=5, redirect=5, status=5)) after connection broken by 'NewConnectionError('<urllib3.connection.HTTPConnection object at 0xffff81aa5a00>: Failed to establish a new connection: [Errno -2] Name or service not known')': /api/2.0/mlflow/experiments/get-by-name?experiment_name=deteccao_fraude_eth
[2026-01-02T13:04:08.392+0000] {logging_mixin.py:151} INFO - [2026-01-02T13:04:08.389+0000] {connectionpool.py:823} WARNING - Retrying (Retry(total=3, connect=3, read=5, redirect=5, status=5)) after connection broken by 'NewConnectionError('<urllib3.connection.HTTPConnection object at 0xffff81a38280>: Failed to establish a new connection: [Errno -2] Name or service not known')': /api/2.0/mlflow/experiments/get-by-name?experiment_name=deteccao_fraude_eth
[2026-01-02T13:04:16.422+0000] {logging_mixin.py:151} INFO - [2026-01-02T13:04:16.414+0000] {connectionpool.py:823} WARNING - Retrying (Retry(total=2, connect=2, read=5, redirect=5, status=5)) after connection broken by 'NewConnectionError('<urllib3.connection.HTTPConnection object at 0xffff81a38790>: Failed to establish a new connection: [Errno -2] Name or service not known')': /api/2.0/mlflow/experiments/get-by-name?experiment_name=deteccao_fraude_eth
[2026-01-02T15:06:07.719+0000] {logging_mixin.py:151} INFO - [2026-01-02T15:06:07.677+0000] {timeout.py:68} ERROR - Process timed out, PID: 20810
[2026-01-02T15:06:07.741+0000] {logging_mixin.py:151} INFO - [2026-01-02T15:06:07.723+0000] {dagbag.py:347} ERROR - Failed to import: /opt/airflow/dags/dag_fraud_ethereum.py
Traceback (most recent call last):
  File "/home/airflow/.local/lib/python3.8/site-packages/urllib3/connection.py", line 174, in _new_conn
    conn = connection.create_connection(
  File "/home/airflow/.local/lib/python3.8/site-packages/urllib3/util/connection.py", line 72, in create_connection
    for res in socket.getaddrinfo(host, port, family, socket.SOCK_STREAM):
  File "/usr/local/lib/python3.8/socket.py", line 918, in getaddrinfo
    for res in _socket.getaddrinfo(host, port, family, type, proto, flags):
socket.gaierror: [Errno -2] Name or service not known

During handling of the above exception, another exception occurred:

Traceback (most recent call last):
  File "/home/airflow/.local/lib/python3.8/site-packages/urllib3/connectionpool.py", line 714, in urlopen
    httplib_response = self._make_request(
  File "/home/airflow/.local/lib/python3.8/site-packages/urllib3/connectionpool.py", line 415, in _make_request
    conn.request(method, url, **httplib_request_kw)
  File "/home/airflow/.local/lib/python3.8/site-packages/urllib3/connection.py", line 244, in request
    super(HTTPConnection, self).request(method, url, body=body, headers=headers)
  File "/usr/local/lib/python3.8/http/client.py", line 1256, in request
    self._send_request(method, url, body, headers, encode_chunked)
  File "/usr/local/lib/python3.8/http/client.py", line 1302, in _send_request
    self.endheaders(body, encode_chunked=encode_chunked)
  File "/usr/local/lib/python3.8/http/client.py", line 1251, in endheaders
    self._send_output(message_body, encode_chunked=encode_chunked)
  File "/usr/local/lib/python3.8/http/client.py", line 1011, in _send_output
    self.send(msg)
  File "/usr/local/lib/python3.8/http/client.py", line 951, in send
    self.connect()
  File "/home/airflow/.local/lib/python3.8/site-packages/urllib3/connection.py", line 205, in connect
    conn = self._new_conn()
  File "/home/airflow/.local/lib/python3.8/site-packages/urllib3/connection.py", line 186, in _new_conn
    raise NewConnectionError(
urllib3.exceptions.NewConnectionError: <urllib3.connection.HTTPConnection object at 0xffff819f5940>: Failed to establish a new connection: [Errno -2] Name or service not known

During handling of the above exception, another exception occurred:

Traceback (most recent call last):
  File "/home/airflow/.local/lib/python3.8/site-packages/mlflow/utils/rest_utils.py", line 92, in http_request
    return _get_http_response_with_retries(
  File "/home/airflow/.local/lib/python3.8/site-packages/mlflow/utils/request_utils.py", line 135, in _get_http_response_with_retries
    return session.request(method, url, **kwargs)
  File "/home/airflow/.local/lib/python3.8/site-packages/requests/sessions.py", line 589, in request
    resp = self.send(prep, **send_kwargs)
  File "/home/airflow/.local/lib/python3.8/site-packages/requests/sessions.py", line 703, in send
    r = adapter.send(request, **kwargs)
  File "/home/airflow/.local/lib/python3.8/site-packages/requests/adapters.py", line 486, in send
    resp = conn.urlopen(
  File "/home/airflow/.local/lib/python3.8/site-packages/urllib3/connectionpool.py", line 826, in urlopen
    return self.urlopen(
  File "/home/airflow/.local/lib/python3.8/site-packages/urllib3/connectionpool.py", line 826, in urlopen
    return self.urlopen(
  File "/home/airflow/.local/lib/python3.8/site-packages/urllib3/connectionpool.py", line 826, in urlopen
    return self.urlopen(
  File "/home/airflow/.local/lib/python3.8/site-packages/urllib3/connectionpool.py", line 801, in urlopen
    retries.sleep()
  File "/home/airflow/.local/lib/python3.8/site-packages/urllib3/util/retry.py", line 432, in sleep
    self._sleep_backoff()
  File "/home/airflow/.local/lib/python3.8/site-packages/urllib3/util/retry.py", line 416, in _sleep_backoff
    time.sleep(backoff)
  File "/home/airflow/.local/lib/python3.8/site-packages/airflow/utils/timeout.py", line 69, in handle_timeout
    raise AirflowTaskTimeout(self.error_message)
airflow.exceptions.AirflowTaskTimeout: DagBag import timeout for /opt/airflow/dags/dag_fraud_ethereum.py after 30.0s.
Please take a look at these docs to improve your DAG import time:
* https://airflow.apache.org/docs/apache-airflow/2.7.1/best-practices.html#top-level-python-code
* https://airflow.apache.org/docs/apache-airflow/2.7.1/best-practices.html#reducing-dag-complexity, PID: 20810

During handling of the above exception, another exception occurred:

Traceback (most recent call last):
  File "/home/airflow/.local/lib/python3.8/site-packages/airflow/models/dagbag.py", line 343, in parse
    loader.exec_module(new_module)
  File "<frozen importlib._bootstrap_external>", line 843, in exec_module
  File "<frozen importlib._bootstrap>", line 219, in _call_with_frames_removed
  File "/opt/airflow/dags/dag_fraud_ethereum.py", line 11, in <module>
    mlflow.set_experiment("deteccao_fraude_eth")
  File "/home/airflow/.local/lib/python3.8/site-packages/mlflow/tracking/fluent.py", line 128, in set_experiment
    experiment = client.get_experiment_by_name(experiment_name)
  File "/home/airflow/.local/lib/python3.8/site-packages/mlflow/tracking/client.py", line 508, in get_experiment_by_name
    return self._tracking_client.get_experiment_by_name(name)
  File "/home/airflow/.local/lib/python3.8/site-packages/mlflow/tracking/_tracking_service/client.py", line 220, in get_experiment_by_name
    return self.store.get_experiment_by_name(name)
  File "/home/airflow/.local/lib/python3.8/site-packages/mlflow/store/tracking/rest_store.py", line 306, in get_experiment_by_name
    response_proto = self._call_endpoint(GetExperimentByName, req_body)
  File "/home/airflow/.local/lib/python3.8/site-packages/mlflow/store/tracking/rest_store.py", line 59, in _call_endpoint
    return call_endpoint(self.get_host_creds(), endpoint, method, json_body, response_proto)
  File "/home/airflow/.local/lib/python3.8/site-packages/mlflow/utils/rest_utils.py", line 198, in call_endpoint
    response = http_request(**call_kwargs)
  File "/home/airflow/.local/lib/python3.8/site-packages/mlflow/utils/rest_utils.py", line 112, in http_request
    raise MlflowException(f"API request to {url} failed with exception {e}")
mlflow.exceptions.MlflowException: API request to http://mlflow:5000/api/2.0/mlflow/experiments/get-by-name failed with exception DagBag import timeout for /opt/airflow/dags/dag_fraud_ethereum.py after 30.0s.
Please take a look at these docs to improve your DAG import time:
* https://airflow.apache.org/docs/apache-airflow/2.7.1/best-practices.html#top-level-python-code
* https://airflow.apache.org/docs/apache-airflow/2.7.1/best-practices.html#reducing-dag-complexity, PID: 20810
[2026-01-02T15:06:07.743+0000] {processor.py:841} WARNING - No viable dags retrieved from /opt/airflow/dags/dag_fraud_ethereum.py
[2026-01-02T15:06:07.807+0000] {processor.py:179} INFO - Processing /opt/airflow/dags/dag_fraud_ethereum.py took 30.195 seconds
[2026-01-02T17:08:08.563+0000] {processor.py:157} INFO - Started process (PID=20833) to work on /opt/airflow/dags/dag_fraud_ethereum.py
[2026-01-02T17:08:08.567+0000] {processor.py:829} INFO - Processing file /opt/airflow/dags/dag_fraud_ethereum.py for tasks to queue
[2026-01-02T17:08:08.571+0000] {logging_mixin.py:151} INFO - [2026-01-02T17:08:08.570+0000] {dagbag.py:539} INFO - Filling up the DagBag from /opt/airflow/dags/dag_fraud_ethereum.py
[2026-01-02T17:08:11.877+0000] {logging_mixin.py:151} WARNING - /home/airflow/.local/lib/python3.8/site-packages/pydantic/_internal/_fields.py:127 UserWarning: Field "model_server_url" has conflict with protected namespace "model_".

You may be able to resolve this warning by setting `model_config['protected_namespaces'] = ()`.
[2026-01-02T17:08:12.040+0000] {logging_mixin.py:151} INFO - [2026-01-02T17:08:12.040+0000] {connectionpool.py:823} WARNING - Retrying (Retry(total=4, connect=4, read=5, redirect=5, status=5)) after connection broken by 'NewConnectionError('<urllib3.connection.HTTPConnection object at 0xffff81a6bc40>: Failed to establish a new connection: [Errno -2] Name or service not known')': /api/2.0/mlflow/experiments/get-by-name?experiment_name=deteccao_fraude_eth
[2026-01-02T17:08:16.062+0000] {logging_mixin.py:151} INFO - [2026-01-02T17:08:16.057+0000] {connectionpool.py:823} WARNING - Retrying (Retry(total=3, connect=3, read=5, redirect=5, status=5)) after connection broken by 'NewConnectionError('<urllib3.connection.HTTPConnection object at 0xffff819f4820>: Failed to establish a new connection: [Errno -2] Name or service not known')': /api/2.0/mlflow/experiments/get-by-name?experiment_name=deteccao_fraude_eth
[2026-01-02T17:08:24.095+0000] {logging_mixin.py:151} INFO - [2026-01-02T17:08:24.088+0000] {connectionpool.py:823} WARNING - Retrying (Retry(total=2, connect=2, read=5, redirect=5, status=5)) after connection broken by 'NewConnectionError('<urllib3.connection.HTTPConnection object at 0xffff819f44f0>: Failed to establish a new connection: [Errno -2] Name or service not known')': /api/2.0/mlflow/experiments/get-by-name?experiment_name=deteccao_fraude_eth
[2026-01-02T20:39:33.001+0000] {processor.py:157} INFO - Started process (PID=20854) to work on /opt/airflow/dags/dag_fraud_ethereum.py
[2026-01-02T20:39:33.003+0000] {processor.py:829} INFO - Processing file /opt/airflow/dags/dag_fraud_ethereum.py for tasks to queue
[2026-01-02T20:39:33.005+0000] {logging_mixin.py:151} INFO - [2026-01-02T20:39:33.004+0000] {dagbag.py:539} INFO - Filling up the DagBag from /opt/airflow/dags/dag_fraud_ethereum.py
[2026-01-02T20:39:34.932+0000] {logging_mixin.py:151} WARNING - /home/airflow/.local/lib/python3.8/site-packages/pydantic/_internal/_fields.py:127 UserWarning: Field "model_server_url" has conflict with protected namespace "model_".

You may be able to resolve this warning by setting `model_config['protected_namespaces'] = ()`.
[2026-01-02T20:39:35.990+0000] {logging_mixin.py:151} INFO - [2026-01-02T20:39:35.986+0000] {connectionpool.py:823} WARNING - Retrying (Retry(total=4, connect=4, read=5, redirect=5, status=5)) after connection broken by 'NewConnectionError('<urllib3.connection.HTTPConnection object at 0xffff81a022b0>: Failed to establish a new connection: [Errno -2] Name or service not known')': /api/2.0/mlflow/experiments/get-by-name?experiment_name=deteccao_fraude_eth
[2026-01-02T20:39:40.024+0000] {logging_mixin.py:151} INFO - [2026-01-02T20:39:40.016+0000] {connectionpool.py:823} WARNING - Retrying (Retry(total=3, connect=3, read=5, redirect=5, status=5)) after connection broken by 'NewConnectionError('<urllib3.connection.HTTPConnection object at 0xffff81a025b0>: Failed to establish a new connection: [Errno -2] Name or service not known')': /api/2.0/mlflow/experiments/get-by-name?experiment_name=deteccao_fraude_eth
[2026-01-02T20:39:48.094+0000] {logging_mixin.py:151} INFO - [2026-01-02T20:39:48.089+0000] {connectionpool.py:823} WARNING - Retrying (Retry(total=2, connect=2, read=5, redirect=5, status=5)) after connection broken by 'NewConnectionError('<urllib3.connection.HTTPConnection object at 0xffff81a02730>: Failed to establish a new connection: [Errno -2] Name or service not known')': /api/2.0/mlflow/experiments/get-by-name?experiment_name=deteccao_fraude_eth
