[2025-12-11T00:07:51.517+0000] {taskinstance.py:1157} INFO - Dependencies all met for dep_context=non-requeueable deps ti=<TaskInstance: pipeline_fraude_ethereum.treinar_modelo_v1 scheduled__2025-12-10T00:00:00+00:00 [queued]>
[2025-12-11T00:07:51.524+0000] {taskinstance.py:1157} INFO - Dependencies all met for dep_context=requeueable deps ti=<TaskInstance: pipeline_fraude_ethereum.treinar_modelo_v1 scheduled__2025-12-10T00:00:00+00:00 [queued]>
[2025-12-11T00:07:51.524+0000] {taskinstance.py:1359} INFO - Starting attempt 1 of 1
[2025-12-11T00:07:51.534+0000] {taskinstance.py:1380} INFO - Executing <Task(PythonOperator): treinar_modelo_v1> on 2025-12-10 00:00:00+00:00
[2025-12-11T00:07:51.546+0000] {standard_task_runner.py:57} INFO - Started process 2299 to run task
[2025-12-11T00:07:51.550+0000] {standard_task_runner.py:84} INFO - Running: ['***', 'tasks', 'run', 'pipeline_fraude_ethereum', 'treinar_modelo_v1', 'scheduled__2025-12-10T00:00:00+00:00', '--job-id', '7', '--raw', '--subdir', 'DAGS_FOLDER/dag_fraud_ethereum.py', '--cfg-path', '/tmp/tmp4vdkw177']
[2025-12-11T00:07:51.551+0000] {standard_task_runner.py:85} INFO - Job 7: Subtask treinar_modelo_v1
[2025-12-11T00:07:51.603+0000] {task_command.py:415} INFO - Running <TaskInstance: pipeline_fraude_ethereum.treinar_modelo_v1 scheduled__2025-12-10T00:00:00+00:00 [running]> on host 8a8763e9706d
[2025-12-11T00:07:51.669+0000] {taskinstance.py:1660} INFO - Exporting env vars: AIRFLOW_CTX_DAG_OWNER='***' AIRFLOW_CTX_DAG_ID='pipeline_fraude_ethereum' AIRFLOW_CTX_TASK_ID='treinar_modelo_v1' AIRFLOW_CTX_EXECUTION_DATE='2025-12-10T00:00:00+00:00' AIRFLOW_CTX_TRY_NUMBER='1' AIRFLOW_CTX_DAG_RUN_ID='scheduled__2025-12-10T00:00:00+00:00'
[2025-12-11T00:07:51.743+0000] {logging_mixin.py:151} WARNING - 2025/12/11 00:07:51 WARNING mlflow.utils.git_utils: Failed to import Git (the Git executable is probably not on your PATH), so Git SHA is not available. Error: Failed to initialize: Bad git executable.
The git executable must be specified in one of the following ways:
    - be included in your $PATH
    - be set via $GIT_PYTHON_GIT_EXECUTABLE
    - explicitly set via git.refresh(<full-path-to-git-executable>)

All git commands will error until this is rectified.

This initial message can be silenced or aggravated in the future by setting the
$GIT_PYTHON_REFRESH environment variable. Use one of the following values:
    - quiet|q|silence|s|silent|none|n|0: for no message or exception
    - warn|w|warning|log|l|1: for a warning message (logging level CRITICAL, displayed by default)
    - error|e|exception|raise|r|2: for a raised exception

Example:
    export GIT_PYTHON_REFRESH=quiet
[2025-12-11T00:07:51.816+0000] {logging_mixin.py:151} WARNING - /home/***/.local/lib/python3.8/site-packages/xgboost/core.py:158 UserWarning: [00:07:51] WARNING: /workspace/src/c_api/c_api.cc:1374: Saving model in the UBJSON format as default.  You can use file extension: `json`, `ubj` or `deprecated` to choose between formats.
[2025-12-11T00:07:55.180+0000] {logging_mixin.py:151} WARNING - /home/***/.local/lib/python3.8/site-packages/_distutils_hack/__init__.py:33 UserWarning: Setuptools is replacing distutils.
[2025-12-11T00:07:55.684+0000] {logging_mixin.py:151} WARNING - Registered model 'Modelo_Fraude_Ethereum' already exists. Creating a new version of this model...
[2025-12-11T00:07:55.709+0000] {logging_mixin.py:151} WARNING - 2025/12/11 00:07:55 INFO mlflow.tracking._model_registry.client: Waiting up to 300 seconds for model version to finish creation. Model name: Modelo_Fraude_Ethereum, version 6
[2025-12-11T00:07:55.710+0000] {logging_mixin.py:151} WARNING - Created version '6' of model 'Modelo_Fraude_Ethereum'.
[2025-12-11T00:07:55.710+0000] {logging_mixin.py:151} INFO - Modelo treinado e enviado ao MLflow!
[2025-12-11T00:07:55.721+0000] {python.py:194} INFO - Done. Returned value was: None
[2025-12-11T00:07:55.737+0000] {taskinstance.py:1398} INFO - Marking task as SUCCESS. dag_id=pipeline_fraude_ethereum, task_id=treinar_modelo_v1, execution_date=20251210T000000, start_date=20251211T000751, end_date=20251211T000755
[2025-12-11T00:07:55.796+0000] {local_task_job_runner.py:228} INFO - Task exited with return code 0
[2025-12-11T00:07:55.825+0000] {taskinstance.py:2776} INFO - 0 downstream tasks scheduled from follow-on schedule check
