[2025-12-30T02:11:20.180+0000] {processor.py:157} INFO - Started process (PID=20443) to work on /opt/airflow/dags/dag_fraud_ethereum.py
[2025-12-30T02:11:20.184+0000] {processor.py:829} INFO - Processing file /opt/airflow/dags/dag_fraud_ethereum.py for tasks to queue
[2025-12-30T02:11:20.187+0000] {logging_mixin.py:151} INFO - [2025-12-30T02:11:20.186+0000] {dagbag.py:539} INFO - Filling up the DagBag from /opt/airflow/dags/dag_fraud_ethereum.py
[2025-12-30T02:11:22.582+0000] {logging_mixin.py:151} WARNING - /home/airflow/.local/lib/python3.8/site-packages/pydantic/_internal/_fields.py:127 UserWarning: Field "model_server_url" has conflict with protected namespace "model_".

You may be able to resolve this warning by setting `model_config['protected_namespaces'] = ()`.
[2025-12-30T02:11:24.765+0000] {logging_mixin.py:151} INFO - [2025-12-30T02:11:24.762+0000] {connectionpool.py:823} WARNING - Retrying (Retry(total=4, connect=4, read=5, redirect=5, status=5)) after connection broken by 'NewConnectionError('<urllib3.connection.HTTPConnection object at 0xffff81a6dcd0>: Failed to establish a new connection: [Errno -2] Name or service not known')': /api/2.0/mlflow/experiments/get-by-name?experiment_name=deteccao_fraude_eth
[2025-12-30T02:11:28.809+0000] {logging_mixin.py:151} INFO - [2025-12-30T02:11:28.801+0000] {connectionpool.py:823} WARNING - Retrying (Retry(total=3, connect=3, read=5, redirect=5, status=5)) after connection broken by 'NewConnectionError('<urllib3.connection.HTTPConnection object at 0xffff819f5fa0>: Failed to establish a new connection: [Errno -2] Name or service not known')': /api/2.0/mlflow/experiments/get-by-name?experiment_name=deteccao_fraude_eth
[2025-12-30T02:11:36.863+0000] {logging_mixin.py:151} INFO - [2025-12-30T02:11:36.858+0000] {connectionpool.py:823} WARNING - Retrying (Retry(total=2, connect=2, read=5, redirect=5, status=5)) after connection broken by 'NewConnectionError('<urllib3.connection.HTTPConnection object at 0xffff819f5040>: Failed to establish a new connection: [Errno -2] Name or service not known')': /api/2.0/mlflow/experiments/get-by-name?experiment_name=deteccao_fraude_eth
[2025-12-30T04:13:18.074+0000] {logging_mixin.py:151} INFO - [2025-12-30T04:13:18.063+0000] {timeout.py:68} ERROR - Process timed out, PID: 20443
[2025-12-30T04:13:18.146+0000] {logging_mixin.py:151} INFO - [2025-12-30T04:13:18.078+0000] {dagbag.py:347} ERROR - Failed to import: /opt/airflow/dags/dag_fraud_ethereum.py
Traceback (most recent call last):
  File "/home/airflow/.local/lib/python3.8/site-packages/urllib3/connection.py", line 174, in _new_conn
    conn = connection.create_connection(
  File "/home/airflow/.local/lib/python3.8/site-packages/urllib3/util/connection.py", line 72, in create_connection
    for res in socket.getaddrinfo(host, port, family, socket.SOCK_STREAM):
  File "/usr/local/lib/python3.8/socket.py", line 918, in getaddrinfo
    for res in _socket.getaddrinfo(host, port, family, type, proto, flags):
socket.gaierror: [Errno -2] Name or service not known

During handling of the above exception, another exception occurred:

Traceback (most recent call last):
  File "/home/airflow/.local/lib/python3.8/site-packages/urllib3/connectionpool.py", line 714, in urlopen
    httplib_response = self._make_request(
  File "/home/airflow/.local/lib/python3.8/site-packages/urllib3/connectionpool.py", line 415, in _make_request
    conn.request(method, url, **httplib_request_kw)
  File "/home/airflow/.local/lib/python3.8/site-packages/urllib3/connection.py", line 244, in request
    super(HTTPConnection, self).request(method, url, body=body, headers=headers)
  File "/usr/local/lib/python3.8/http/client.py", line 1256, in request
    self._send_request(method, url, body, headers, encode_chunked)
  File "/usr/local/lib/python3.8/http/client.py", line 1302, in _send_request
    self.endheaders(body, encode_chunked=encode_chunked)
  File "/usr/local/lib/python3.8/http/client.py", line 1251, in endheaders
    self._send_output(message_body, encode_chunked=encode_chunked)
  File "/usr/local/lib/python3.8/http/client.py", line 1011, in _send_output
    self.send(msg)
  File "/usr/local/lib/python3.8/http/client.py", line 951, in send
    self.connect()
  File "/home/airflow/.local/lib/python3.8/site-packages/urllib3/connection.py", line 205, in connect
    conn = self._new_conn()
  File "/home/airflow/.local/lib/python3.8/site-packages/urllib3/connection.py", line 186, in _new_conn
    raise NewConnectionError(
urllib3.exceptions.NewConnectionError: <urllib3.connection.HTTPConnection object at 0xffff819f5c40>: Failed to establish a new connection: [Errno -2] Name or service not known

During handling of the above exception, another exception occurred:

Traceback (most recent call last):
  File "/home/airflow/.local/lib/python3.8/site-packages/mlflow/utils/rest_utils.py", line 92, in http_request
    return _get_http_response_with_retries(
  File "/home/airflow/.local/lib/python3.8/site-packages/mlflow/utils/request_utils.py", line 135, in _get_http_response_with_retries
    return session.request(method, url, **kwargs)
  File "/home/airflow/.local/lib/python3.8/site-packages/requests/sessions.py", line 589, in request
    resp = self.send(prep, **send_kwargs)
  File "/home/airflow/.local/lib/python3.8/site-packages/requests/sessions.py", line 703, in send
    r = adapter.send(request, **kwargs)
  File "/home/airflow/.local/lib/python3.8/site-packages/requests/adapters.py", line 486, in send
    resp = conn.urlopen(
  File "/home/airflow/.local/lib/python3.8/site-packages/urllib3/connectionpool.py", line 826, in urlopen
    return self.urlopen(
  File "/home/airflow/.local/lib/python3.8/site-packages/urllib3/connectionpool.py", line 826, in urlopen
    return self.urlopen(
  File "/home/airflow/.local/lib/python3.8/site-packages/urllib3/connectionpool.py", line 826, in urlopen
    return self.urlopen(
  File "/home/airflow/.local/lib/python3.8/site-packages/urllib3/connectionpool.py", line 801, in urlopen
    retries.sleep()
  File "/home/airflow/.local/lib/python3.8/site-packages/urllib3/util/retry.py", line 432, in sleep
    self._sleep_backoff()
  File "/home/airflow/.local/lib/python3.8/site-packages/urllib3/util/retry.py", line 416, in _sleep_backoff
    time.sleep(backoff)
  File "/home/airflow/.local/lib/python3.8/site-packages/airflow/utils/timeout.py", line 69, in handle_timeout
    raise AirflowTaskTimeout(self.error_message)
airflow.exceptions.AirflowTaskTimeout: DagBag import timeout for /opt/airflow/dags/dag_fraud_ethereum.py after 30.0s.
Please take a look at these docs to improve your DAG import time:
* https://airflow.apache.org/docs/apache-airflow/2.7.1/best-practices.html#top-level-python-code
* https://airflow.apache.org/docs/apache-airflow/2.7.1/best-practices.html#reducing-dag-complexity, PID: 20443

During handling of the above exception, another exception occurred:

Traceback (most recent call last):
  File "/home/airflow/.local/lib/python3.8/site-packages/airflow/models/dagbag.py", line 343, in parse
    loader.exec_module(new_module)
  File "<frozen importlib._bootstrap_external>", line 843, in exec_module
  File "<frozen importlib._bootstrap>", line 219, in _call_with_frames_removed
  File "/opt/airflow/dags/dag_fraud_ethereum.py", line 11, in <module>
    mlflow.set_experiment("deteccao_fraude_eth")
  File "/home/airflow/.local/lib/python3.8/site-packages/mlflow/tracking/fluent.py", line 128, in set_experiment
    experiment = client.get_experiment_by_name(experiment_name)
  File "/home/airflow/.local/lib/python3.8/site-packages/mlflow/tracking/client.py", line 508, in get_experiment_by_name
    return self._tracking_client.get_experiment_by_name(name)
  File "/home/airflow/.local/lib/python3.8/site-packages/mlflow/tracking/_tracking_service/client.py", line 220, in get_experiment_by_name
    return self.store.get_experiment_by_name(name)
  File "/home/airflow/.local/lib/python3.8/site-packages/mlflow/store/tracking/rest_store.py", line 306, in get_experiment_by_name
    response_proto = self._call_endpoint(GetExperimentByName, req_body)
  File "/home/airflow/.local/lib/python3.8/site-packages/mlflow/store/tracking/rest_store.py", line 59, in _call_endpoint
    return call_endpoint(self.get_host_creds(), endpoint, method, json_body, response_proto)
  File "/home/airflow/.local/lib/python3.8/site-packages/mlflow/utils/rest_utils.py", line 198, in call_endpoint
    response = http_request(**call_kwargs)
  File "/home/airflow/.local/lib/python3.8/site-packages/mlflow/utils/rest_utils.py", line 112, in http_request
    raise MlflowException(f"API request to {url} failed with exception {e}")
mlflow.exceptions.MlflowException: API request to http://mlflow:5000/api/2.0/mlflow/experiments/get-by-name failed with exception DagBag import timeout for /opt/airflow/dags/dag_fraud_ethereum.py after 30.0s.
Please take a look at these docs to improve your DAG import time:
* https://airflow.apache.org/docs/apache-airflow/2.7.1/best-practices.html#top-level-python-code
* https://airflow.apache.org/docs/apache-airflow/2.7.1/best-practices.html#reducing-dag-complexity, PID: 20443
[2025-12-30T04:13:18.150+0000] {processor.py:841} WARNING - No viable dags retrieved from /opt/airflow/dags/dag_fraud_ethereum.py
[2025-12-30T04:13:18.666+0000] {processor.py:179} INFO - Processing /opt/airflow/dags/dag_fraud_ethereum.py took 30.643 seconds
[2025-12-30T06:13:46.581+0000] {processor.py:157} INFO - Started process (PID=20466) to work on /opt/airflow/dags/dag_fraud_ethereum.py
[2025-12-30T06:13:46.583+0000] {processor.py:829} INFO - Processing file /opt/airflow/dags/dag_fraud_ethereum.py for tasks to queue
[2025-12-30T06:13:46.585+0000] {logging_mixin.py:151} INFO - [2025-12-30T06:13:46.584+0000] {dagbag.py:539} INFO - Filling up the DagBag from /opt/airflow/dags/dag_fraud_ethereum.py
[2025-12-30T06:13:50.585+0000] {logging_mixin.py:151} WARNING - /home/airflow/.local/lib/python3.8/site-packages/pydantic/_internal/_fields.py:127 UserWarning: Field "model_server_url" has conflict with protected namespace "model_".

You may be able to resolve this warning by setting `model_config['protected_namespaces'] = ()`.
[2025-12-30T06:13:54.483+0000] {logging_mixin.py:151} INFO - [2025-12-30T06:13:54.479+0000] {connectionpool.py:823} WARNING - Retrying (Retry(total=4, connect=4, read=5, redirect=5, status=5)) after connection broken by 'NewConnectionError('<urllib3.connection.HTTPConnection object at 0xffff819b6850>: Failed to establish a new connection: [Errno -2] Name or service not known')': /api/2.0/mlflow/experiments/get-by-name?experiment_name=deteccao_fraude_eth
[2025-12-30T06:13:58.496+0000] {logging_mixin.py:151} INFO - [2025-12-30T06:13:58.495+0000] {connectionpool.py:823} WARNING - Retrying (Retry(total=3, connect=3, read=5, redirect=5, status=5)) after connection broken by 'NewConnectionError('<urllib3.connection.HTTPConnection object at 0xffff819b6be0>: Failed to establish a new connection: [Errno -2] Name or service not known')': /api/2.0/mlflow/experiments/get-by-name?experiment_name=deteccao_fraude_eth
[2025-12-30T06:14:14.527+0000] {logging_mixin.py:151} INFO - [2025-12-30T06:14:14.521+0000] {connectionpool.py:823} WARNING - Retrying (Retry(total=2, connect=2, read=5, redirect=5, status=5)) after connection broken by 'NewConnectionError('<urllib3.connection.HTTPConnection object at 0xffff819b6e20>: Failed to establish a new connection: [Errno -3] Temporary failure in name resolution')': /api/2.0/mlflow/experiments/get-by-name?experiment_name=deteccao_fraude_eth
[2025-12-30T11:02:09.155+0000] {processor.py:157} INFO - Started process (PID=20485) to work on /opt/airflow/dags/dag_fraud_ethereum.py
[2025-12-30T11:02:09.158+0000] {processor.py:829} INFO - Processing file /opt/airflow/dags/dag_fraud_ethereum.py for tasks to queue
[2025-12-30T11:02:09.162+0000] {logging_mixin.py:151} INFO - [2025-12-30T11:02:09.160+0000] {dagbag.py:539} INFO - Filling up the DagBag from /opt/airflow/dags/dag_fraud_ethereum.py
[2025-12-30T11:02:11.562+0000] {logging_mixin.py:151} WARNING - /home/airflow/.local/lib/python3.8/site-packages/pydantic/_internal/_fields.py:127 UserWarning: Field "model_server_url" has conflict with protected namespace "model_".

You may be able to resolve this warning by setting `model_config['protected_namespaces'] = ()`.
[2025-12-30T11:02:11.696+0000] {logging_mixin.py:151} INFO - [2025-12-30T11:02:11.695+0000] {connectionpool.py:823} WARNING - Retrying (Retry(total=4, connect=4, read=5, redirect=5, status=5)) after connection broken by 'NewConnectionError('<urllib3.connection.HTTPConnection object at 0xffff81a4b8e0>: Failed to establish a new connection: [Errno -2] Name or service not known')': /api/2.0/mlflow/experiments/get-by-name?experiment_name=deteccao_fraude_eth
[2025-12-30T11:02:15.707+0000] {logging_mixin.py:151} INFO - [2025-12-30T11:02:15.703+0000] {connectionpool.py:823} WARNING - Retrying (Retry(total=3, connect=3, read=5, redirect=5, status=5)) after connection broken by 'NewConnectionError('<urllib3.connection.HTTPConnection object at 0xffff819f63d0>: Failed to establish a new connection: [Errno -2] Name or service not known')': /api/2.0/mlflow/experiments/get-by-name?experiment_name=deteccao_fraude_eth
[2025-12-30T11:02:31.780+0000] {logging_mixin.py:151} INFO - [2025-12-30T11:02:31.773+0000] {connectionpool.py:823} WARNING - Retrying (Retry(total=2, connect=2, read=5, redirect=5, status=5)) after connection broken by 'NewConnectionError('<urllib3.connection.HTTPConnection object at 0xffff819b5af0>: Failed to establish a new connection: [Errno -3] Temporary failure in name resolution')': /api/2.0/mlflow/experiments/get-by-name?experiment_name=deteccao_fraude_eth
[2025-12-30T16:07:04.008+0000] {processor.py:157} INFO - Started process (PID=20506) to work on /opt/airflow/dags/dag_fraud_ethereum.py
[2025-12-30T16:07:04.014+0000] {processor.py:829} INFO - Processing file /opt/airflow/dags/dag_fraud_ethereum.py for tasks to queue
[2025-12-30T16:07:04.025+0000] {logging_mixin.py:151} INFO - [2025-12-30T16:07:04.020+0000] {dagbag.py:539} INFO - Filling up the DagBag from /opt/airflow/dags/dag_fraud_ethereum.py
[2025-12-30T16:07:05.816+0000] {logging_mixin.py:151} WARNING - /home/airflow/.local/lib/python3.8/site-packages/pydantic/_internal/_fields.py:127 UserWarning: Field "model_server_url" has conflict with protected namespace "model_".

You may be able to resolve this warning by setting `model_config['protected_namespaces'] = ()`.
[2025-12-30T16:07:09.047+0000] {logging_mixin.py:151} INFO - [2025-12-30T16:07:09.045+0000] {connectionpool.py:823} WARNING - Retrying (Retry(total=4, connect=4, read=5, redirect=5, status=5)) after connection broken by 'NewConnectionError('<urllib3.connection.HTTPConnection object at 0xffff81a87100>: Failed to establish a new connection: [Errno -2] Name or service not known')': /api/2.0/mlflow/experiments/get-by-name?experiment_name=deteccao_fraude_eth
[2025-12-30T16:07:13.073+0000] {logging_mixin.py:151} INFO - [2025-12-30T16:07:13.066+0000] {connectionpool.py:823} WARNING - Retrying (Retry(total=3, connect=3, read=5, redirect=5, status=5)) after connection broken by 'NewConnectionError('<urllib3.connection.HTTPConnection object at 0xffff819744c0>: Failed to establish a new connection: [Errno -2] Name or service not known')': /api/2.0/mlflow/experiments/get-by-name?experiment_name=deteccao_fraude_eth
[2025-12-30T16:07:21.202+0000] {logging_mixin.py:151} INFO - [2025-12-30T16:07:21.191+0000] {connectionpool.py:823} WARNING - Retrying (Retry(total=2, connect=2, read=5, redirect=5, status=5)) after connection broken by 'NewConnectionError('<urllib3.connection.HTTPConnection object at 0xffff819743a0>: Failed to establish a new connection: [Errno -2] Name or service not known')': /api/2.0/mlflow/experiments/get-by-name?experiment_name=deteccao_fraude_eth
[2025-12-30T19:10:10.422+0000] {processor.py:157} INFO - Started process (PID=20525) to work on /opt/airflow/dags/dag_fraud_ethereum.py
[2025-12-30T19:10:10.431+0000] {processor.py:829} INFO - Processing file /opt/airflow/dags/dag_fraud_ethereum.py for tasks to queue
[2025-12-30T19:10:10.437+0000] {logging_mixin.py:151} INFO - [2025-12-30T19:10:10.435+0000] {dagbag.py:539} INFO - Filling up the DagBag from /opt/airflow/dags/dag_fraud_ethereum.py
[2025-12-30T19:10:14.045+0000] {logging_mixin.py:151} WARNING - /home/airflow/.local/lib/python3.8/site-packages/pydantic/_internal/_fields.py:127 UserWarning: Field "model_server_url" has conflict with protected namespace "model_".

You may be able to resolve this warning by setting `model_config['protected_namespaces'] = ()`.
[2025-12-30T19:10:20.428+0000] {logging_mixin.py:151} INFO - [2025-12-30T19:10:20.421+0000] {connectionpool.py:823} WARNING - Retrying (Retry(total=4, connect=4, read=5, redirect=5, status=5)) after connection broken by 'NewConnectionError('<urllib3.connection.HTTPConnection object at 0xffff81a00ac0>: Failed to establish a new connection: [Errno -2] Name or service not known')': /api/2.0/mlflow/experiments/get-by-name?experiment_name=deteccao_fraude_eth
[2025-12-30T19:10:24.454+0000] {logging_mixin.py:151} INFO - [2025-12-30T19:10:24.448+0000] {connectionpool.py:823} WARNING - Retrying (Retry(total=3, connect=3, read=5, redirect=5, status=5)) after connection broken by 'NewConnectionError('<urllib3.connection.HTTPConnection object at 0xffff81a00730>: Failed to establish a new connection: [Errno -2] Name or service not known')': /api/2.0/mlflow/experiments/get-by-name?experiment_name=deteccao_fraude_eth
[2025-12-30T19:10:38.736+0000] {logging_mixin.py:151} INFO - [2025-12-30T19:10:38.730+0000] {connectionpool.py:823} WARNING - Retrying (Retry(total=2, connect=2, read=5, redirect=5, status=5)) after connection broken by 'NewConnectionError('<urllib3.connection.HTTPConnection object at 0xffff81a006d0>: Failed to establish a new connection: [Errno -2] Name or service not known')': /api/2.0/mlflow/experiments/get-by-name?experiment_name=deteccao_fraude_eth
[2025-12-30T21:46:47.860+0000] {logging_mixin.py:151} INFO - [2025-12-30T21:46:47.802+0000] {timeout.py:68} ERROR - Process timed out, PID: 20525
[2025-12-30T21:46:47.928+0000] {logging_mixin.py:151} INFO - [2025-12-30T21:46:47.868+0000] {dagbag.py:347} ERROR - Failed to import: /opt/airflow/dags/dag_fraud_ethereum.py
Traceback (most recent call last):
  File "/home/airflow/.local/lib/python3.8/site-packages/urllib3/connection.py", line 174, in _new_conn
    conn = connection.create_connection(
  File "/home/airflow/.local/lib/python3.8/site-packages/urllib3/util/connection.py", line 72, in create_connection
    for res in socket.getaddrinfo(host, port, family, socket.SOCK_STREAM):
  File "/usr/local/lib/python3.8/socket.py", line 918, in getaddrinfo
    for res in _socket.getaddrinfo(host, port, family, type, proto, flags):
socket.gaierror: [Errno -2] Name or service not known

During handling of the above exception, another exception occurred:

Traceback (most recent call last):
  File "/home/airflow/.local/lib/python3.8/site-packages/mlflow/utils/rest_utils.py", line 92, in http_request
    return _get_http_response_with_retries(
  File "/home/airflow/.local/lib/python3.8/site-packages/mlflow/utils/request_utils.py", line 135, in _get_http_response_with_retries
    return session.request(method, url, **kwargs)
  File "/home/airflow/.local/lib/python3.8/site-packages/requests/sessions.py", line 589, in request
    resp = self.send(prep, **send_kwargs)
  File "/home/airflow/.local/lib/python3.8/site-packages/requests/sessions.py", line 703, in send
    r = adapter.send(request, **kwargs)
  File "/home/airflow/.local/lib/python3.8/site-packages/requests/adapters.py", line 486, in send
    resp = conn.urlopen(
  File "/home/airflow/.local/lib/python3.8/site-packages/urllib3/connectionpool.py", line 826, in urlopen
    return self.urlopen(
  File "/home/airflow/.local/lib/python3.8/site-packages/urllib3/connectionpool.py", line 826, in urlopen
    return self.urlopen(
  File "/home/airflow/.local/lib/python3.8/site-packages/urllib3/connectionpool.py", line 826, in urlopen
    return self.urlopen(
  File "/home/airflow/.local/lib/python3.8/site-packages/urllib3/connectionpool.py", line 714, in urlopen
    httplib_response = self._make_request(
  File "/home/airflow/.local/lib/python3.8/site-packages/urllib3/connectionpool.py", line 415, in _make_request
    conn.request(method, url, **httplib_request_kw)
  File "/home/airflow/.local/lib/python3.8/site-packages/urllib3/connection.py", line 244, in request
    super(HTTPConnection, self).request(method, url, body=body, headers=headers)
  File "/usr/local/lib/python3.8/http/client.py", line 1256, in request
    self._send_request(method, url, body, headers, encode_chunked)
  File "/usr/local/lib/python3.8/http/client.py", line 1302, in _send_request
    self.endheaders(body, encode_chunked=encode_chunked)
  File "/usr/local/lib/python3.8/http/client.py", line 1251, in endheaders
    self._send_output(message_body, encode_chunked=encode_chunked)
  File "/usr/local/lib/python3.8/http/client.py", line 1011, in _send_output
    self.send(msg)
  File "/usr/local/lib/python3.8/http/client.py", line 951, in send
    self.connect()
  File "/home/airflow/.local/lib/python3.8/site-packages/urllib3/connection.py", line 205, in connect
    conn = self._new_conn()
  File "/home/airflow/.local/lib/python3.8/site-packages/urllib3/connection.py", line 174, in _new_conn
    conn = connection.create_connection(
  File "/home/airflow/.local/lib/python3.8/site-packages/airflow/utils/timeout.py", line 69, in handle_timeout
    raise AirflowTaskTimeout(self.error_message)
airflow.exceptions.AirflowTaskTimeout: DagBag import timeout for /opt/airflow/dags/dag_fraud_ethereum.py after 30.0s.
Please take a look at these docs to improve your DAG import time:
* https://airflow.apache.org/docs/apache-airflow/2.7.1/best-practices.html#top-level-python-code
* https://airflow.apache.org/docs/apache-airflow/2.7.1/best-practices.html#reducing-dag-complexity, PID: 20525

During handling of the above exception, another exception occurred:

Traceback (most recent call last):
  File "/home/airflow/.local/lib/python3.8/site-packages/airflow/models/dagbag.py", line 343, in parse
    loader.exec_module(new_module)
  File "<frozen importlib._bootstrap_external>", line 843, in exec_module
  File "<frozen importlib._bootstrap>", line 219, in _call_with_frames_removed
  File "/opt/airflow/dags/dag_fraud_ethereum.py", line 11, in <module>
    mlflow.set_experiment("deteccao_fraude_eth")
  File "/home/airflow/.local/lib/python3.8/site-packages/mlflow/tracking/fluent.py", line 128, in set_experiment
    experiment = client.get_experiment_by_name(experiment_name)
  File "/home/airflow/.local/lib/python3.8/site-packages/mlflow/tracking/client.py", line 508, in get_experiment_by_name
    return self._tracking_client.get_experiment_by_name(name)
  File "/home/airflow/.local/lib/python3.8/site-packages/mlflow/tracking/_tracking_service/client.py", line 220, in get_experiment_by_name
    return self.store.get_experiment_by_name(name)
  File "/home/airflow/.local/lib/python3.8/site-packages/mlflow/store/tracking/rest_store.py", line 306, in get_experiment_by_name
    response_proto = self._call_endpoint(GetExperimentByName, req_body)
  File "/home/airflow/.local/lib/python3.8/site-packages/mlflow/store/tracking/rest_store.py", line 59, in _call_endpoint
    return call_endpoint(self.get_host_creds(), endpoint, method, json_body, response_proto)
  File "/home/airflow/.local/lib/python3.8/site-packages/mlflow/utils/rest_utils.py", line 198, in call_endpoint
    response = http_request(**call_kwargs)
  File "/home/airflow/.local/lib/python3.8/site-packages/mlflow/utils/rest_utils.py", line 112, in http_request
    raise MlflowException(f"API request to {url} failed with exception {e}")
mlflow.exceptions.MlflowException: API request to http://mlflow:5000/api/2.0/mlflow/experiments/get-by-name failed with exception DagBag import timeout for /opt/airflow/dags/dag_fraud_ethereum.py after 30.0s.
Please take a look at these docs to improve your DAG import time:
* https://airflow.apache.org/docs/apache-airflow/2.7.1/best-practices.html#top-level-python-code
* https://airflow.apache.org/docs/apache-airflow/2.7.1/best-practices.html#reducing-dag-complexity, PID: 20525
[2025-12-30T21:46:47.932+0000] {processor.py:841} WARNING - No viable dags retrieved from /opt/airflow/dags/dag_fraud_ethereum.py
[2025-12-30T22:17:23.225+0000] {processor.py:157} INFO - Started process (PID=20544) to work on /opt/airflow/dags/dag_fraud_ethereum.py
[2025-12-30T22:17:23.229+0000] {processor.py:829} INFO - Processing file /opt/airflow/dags/dag_fraud_ethereum.py for tasks to queue
[2025-12-30T22:17:23.231+0000] {logging_mixin.py:151} INFO - [2025-12-30T22:17:23.230+0000] {dagbag.py:539} INFO - Filling up the DagBag from /opt/airflow/dags/dag_fraud_ethereum.py
[2025-12-30T22:17:24.756+0000] {logging_mixin.py:151} WARNING - /home/airflow/.local/lib/python3.8/site-packages/pydantic/_internal/_fields.py:127 UserWarning: Field "model_server_url" has conflict with protected namespace "model_".

You may be able to resolve this warning by setting `model_config['protected_namespaces'] = ()`.
[2025-12-30T22:17:24.808+0000] {logging_mixin.py:151} INFO - [2025-12-30T22:17:24.808+0000] {connectionpool.py:823} WARNING - Retrying (Retry(total=4, connect=4, read=5, redirect=5, status=5)) after connection broken by 'NewConnectionError('<urllib3.connection.HTTPConnection object at 0xffff81a6dcd0>: Failed to establish a new connection: [Errno -2] Name or service not known')': /api/2.0/mlflow/experiments/get-by-name?experiment_name=deteccao_fraude_eth
[2025-12-30T22:17:28.839+0000] {logging_mixin.py:151} INFO - [2025-12-30T22:17:28.838+0000] {connectionpool.py:823} WARNING - Retrying (Retry(total=3, connect=3, read=5, redirect=5, status=5)) after connection broken by 'NewConnectionError('<urllib3.connection.HTTPConnection object at 0xffff819f5fa0>: Failed to establish a new connection: [Errno -2] Name or service not known')': /api/2.0/mlflow/experiments/get-by-name?experiment_name=deteccao_fraude_eth
[2025-12-30T22:17:36.911+0000] {logging_mixin.py:151} INFO - [2025-12-30T22:17:36.893+0000] {connectionpool.py:823} WARNING - Retrying (Retry(total=2, connect=2, read=5, redirect=5, status=5)) after connection broken by 'NewConnectionError('<urllib3.connection.HTTPConnection object at 0xffff819f5040>: Failed to establish a new connection: [Errno -2] Name or service not known')': /api/2.0/mlflow/experiments/get-by-name?experiment_name=deteccao_fraude_eth
[2025-12-30T23:14:17.503+0000] {logging_mixin.py:151} INFO - [2025-12-30T23:14:17.387+0000] {timeout.py:68} ERROR - Process timed out, PID: 20544
[2025-12-30T23:14:17.534+0000] {logging_mixin.py:151} WARNING - --- Logging error ---
[2025-12-30T23:14:17.583+0000] {logging_mixin.py:151} WARNING - Traceback (most recent call last):
[2025-12-30T23:14:17.584+0000] {logging_mixin.py:151} WARNING -   File "/usr/local/lib/python3.8/logging/__init__.py", line 1085, in emit
    msg = self.format(record)
[2025-12-30T23:14:17.586+0000] {logging_mixin.py:151} WARNING -   File "/usr/local/lib/python3.8/logging/__init__.py", line 929, in format
    return fmt.format(record)
[2025-12-30T23:14:17.588+0000] {logging_mixin.py:151} WARNING -   File "/usr/local/lib/python3.8/logging/__init__.py", line 670, in format
    record.asctime = self.formatTime(record, self.datefmt)
[2025-12-30T23:14:17.591+0000] {logging_mixin.py:151} WARNING -   File "/home/airflow/.local/lib/python3.8/site-packages/airflow/utils/log/timezone_aware.py", line 42, in formatTime
    dt = pendulum.from_timestamp(record.created, tz=pendulum.local_timezone())
[2025-12-30T23:14:17.596+0000] {logging_mixin.py:151} WARNING -   File "/home/airflow/.local/lib/python3.8/site-packages/airflow/utils/timeout.py", line 69, in handle_timeout
    raise AirflowTaskTimeout(self.error_message)
[2025-12-30T23:14:17.599+0000] {logging_mixin.py:151} WARNING - airflow.exceptions.AirflowTaskTimeout: DagBag import timeout for /opt/airflow/dags/dag_fraud_ethereum.py after 30.0s.
Please take a look at these docs to improve your DAG import time:
* https://airflow.apache.org/docs/apache-airflow/2.7.1/best-practices.html#top-level-python-code
* https://airflow.apache.org/docs/apache-airflow/2.7.1/best-practices.html#reducing-dag-complexity, PID: 20544
[2025-12-30T23:14:17.613+0000] {logging_mixin.py:151} WARNING - Call stack:
