[2026-04-30T01:52:13.965+0000] {taskinstance.py:1157} INFO - Dependencies all met for dep_context=non-requeueable deps ti=<TaskInstance: pipeline_fraude_ethereum.treinar_modelo_v1 manual__2026-04-30T01:52:10+00:00 [queued]>
[2026-04-30T01:52:13.970+0000] {taskinstance.py:1157} INFO - Dependencies all met for dep_context=requeueable deps ti=<TaskInstance: pipeline_fraude_ethereum.treinar_modelo_v1 manual__2026-04-30T01:52:10+00:00 [queued]>
[2026-04-30T01:52:13.971+0000] {taskinstance.py:1359} INFO - Starting attempt 1 of 1
[2026-04-30T01:52:13.979+0000] {taskinstance.py:1380} INFO - Executing <Task(PythonOperator): treinar_modelo_v1> on 2026-04-30 01:52:10+00:00
[2026-04-30T01:52:13.985+0000] {standard_task_runner.py:57} INFO - Started process 285 to run task
[2026-04-30T01:52:13.992+0000] {standard_task_runner.py:84} INFO - Running: ['***', 'tasks', 'run', 'pipeline_fraude_ethereum', 'treinar_modelo_v1', 'manual__2026-04-30T01:52:10+00:00', '--job-id', '3', '--raw', '--subdir', 'DAGS_FOLDER/dag_fraud_ethereum.py', '--cfg-path', '/tmp/tmpp4zi1j3o']
[2026-04-30T01:52:13.994+0000] {standard_task_runner.py:85} INFO - Job 3: Subtask treinar_modelo_v1
[2026-04-30T01:52:14.043+0000] {task_command.py:415} INFO - Running <TaskInstance: pipeline_fraude_ethereum.treinar_modelo_v1 manual__2026-04-30T01:52:10+00:00 [running]> on host 9009ae0560bc
[2026-04-30T01:52:14.115+0000] {taskinstance.py:1660} INFO - Exporting env vars: AIRFLOW_CTX_DAG_OWNER='***' AIRFLOW_CTX_DAG_ID='pipeline_fraude_ethereum' AIRFLOW_CTX_TASK_ID='treinar_modelo_v1' AIRFLOW_CTX_EXECUTION_DATE='2026-04-30T01:52:10+00:00' AIRFLOW_CTX_TRY_NUMBER='1' AIRFLOW_CTX_DAG_RUN_ID='manual__2026-04-30T01:52:10+00:00'
[2026-04-30T01:52:14.181+0000] {logging_mixin.py:151} WARNING - 2026/04/30 01:52:14 WARNING mlflow.utils.git_utils: Failed to import Git (the Git executable is probably not on your PATH), so Git SHA is not available. Error: Failed to initialize: Bad git executable.
The git executable must be specified in one of the following ways:
    - be included in your $PATH
    - be set via $GIT_PYTHON_GIT_EXECUTABLE
    - explicitly set via git.refresh(<full-path-to-git-executable>)

All git commands will error until this is rectified.

This initial message can be silenced or aggravated in the future by setting the
$GIT_PYTHON_REFRESH environment variable. Use one of the following values:
    - quiet|q|silence|s|silent|none|n|0: for no message or exception
    - warn|w|warning|log|l|1: for a warning message (logging level CRITICAL, displayed by default)
    - error|e|exception|raise|r|2: for a raised exception

Example:
    export GIT_PYTHON_REFRESH=quiet
[2026-04-30T01:52:15.611+0000] {logging_mixin.py:151} WARNING - /home/***/.local/lib/python3.8/site-packages/xgboost/core.py:158 UserWarning: [01:52:15] WARNING: /workspace/src/c_api/c_api.cc:1374: Saving model in the UBJSON format as default.  You can use file extension: `json`, `ubj` or `deprecated` to choose between formats.
[2026-04-30T01:52:18.186+0000] {local_task_job_runner.py:115} ERROR - Received SIGTERM. Terminating subprocesses
[2026-04-30T01:52:18.222+0000] {process_utils.py:131} INFO - Sending 15 to group 285. PIDs of all processes in the group: [316, 285]
[2026-04-30T01:52:18.233+0000] {process_utils.py:86} INFO - Sending the signal 15 to group 285
[2026-04-30T01:52:18.272+0000] {taskinstance.py:1630} ERROR - Received SIGTERM. Terminating subprocesses.
[2026-04-30T01:52:18.289+0000] {logging_mixin.py:151} WARNING - 2026/04/30 01:52:18 WARNING mlflow.utils.environment: Encountered an unexpected error while inferring pip requirements (model URI: /tmp/tmp4ol2hpr9/model, flavor: xgboost), fall back to return ['xgboost==2.1.4']. Set logging level to DEBUG to see the full traceback.
[2026-04-30T01:52:18.301+0000] {process_utils.py:79} INFO - Process psutil.Process(pid=316, status='terminated', started='01:52:15') (316) terminated with exit code None
[2026-04-30T01:52:18.312+0000] {logging_mixin.py:151} WARNING - /home/***/.local/lib/python3.8/site-packages/_distutils_hack/__init__.py:33 UserWarning: Setuptools is replacing distutils.
[2026-04-30T01:52:18.734+0000] {logging_mixin.py:151} WARNING - Registered model 'Modelo_Fraude_Ethereum' already exists. Creating a new version of this model...
[2026-04-30T01:52:18.874+0000] {logging_mixin.py:151} WARNING - 2026/04/30 01:52:18 INFO mlflow.tracking._model_registry.client: Waiting up to 300 seconds for model version to finish creation. Model name: Modelo_Fraude_Ethereum, version 4
[2026-04-30T01:52:18.876+0000] {logging_mixin.py:151} WARNING - Created version '4' of model 'Modelo_Fraude_Ethereum'.
[2026-04-30T01:52:18.921+0000] {logging_mixin.py:151} INFO - Modelo v4 promovido para Production!
[2026-04-30T01:52:19.126+0000] {python.py:194} INFO - Done. Returned value was: None
[2026-04-30T01:52:19.266+0000] {taskinstance.py:1398} INFO - Marking task as SUCCESS. dag_id=pipeline_fraude_ethereum, task_id=treinar_modelo_v1, execution_date=20260430T015210, start_date=20260430T015213, end_date=20260430T015219
