[2025-12-09T01:05:39.960+0000] {taskinstance.py:1157} INFO - Dependencies all met for dep_context=non-requeueable deps ti=<TaskInstance: pipeline_fraude_ethereum.treinar_modelo_v1 scheduled__2025-12-08T00:00:00+00:00 [queued]>
[2025-12-09T01:05:39.969+0000] {taskinstance.py:1157} INFO - Dependencies all met for dep_context=requeueable deps ti=<TaskInstance: pipeline_fraude_ethereum.treinar_modelo_v1 scheduled__2025-12-08T00:00:00+00:00 [queued]>
[2025-12-09T01:05:39.970+0000] {taskinstance.py:1359} INFO - Starting attempt 1 of 1
[2025-12-09T01:05:39.988+0000] {taskinstance.py:1380} INFO - Executing <Task(PythonOperator): treinar_modelo_v1> on 2025-12-08 00:00:00+00:00
[2025-12-09T01:05:39.999+0000] {standard_task_runner.py:57} INFO - Started process 346 to run task
[2025-12-09T01:05:40.003+0000] {standard_task_runner.py:84} INFO - Running: ['***', 'tasks', 'run', 'pipeline_fraude_ethereum', 'treinar_modelo_v1', 'scheduled__2025-12-08T00:00:00+00:00', '--job-id', '2', '--raw', '--subdir', 'DAGS_FOLDER/dag_fraud_ethereum.py', '--cfg-path', '/tmp/tmpplkpkmcm']
[2025-12-09T01:05:40.004+0000] {standard_task_runner.py:85} INFO - Job 2: Subtask treinar_modelo_v1
[2025-12-09T01:05:40.103+0000] {task_command.py:415} INFO - Running <TaskInstance: pipeline_fraude_ethereum.treinar_modelo_v1 scheduled__2025-12-08T00:00:00+00:00 [running]> on host 0636b04dbdfa
[2025-12-09T01:05:40.230+0000] {taskinstance.py:1660} INFO - Exporting env vars: AIRFLOW_CTX_DAG_OWNER='***' AIRFLOW_CTX_DAG_ID='pipeline_fraude_ethereum' AIRFLOW_CTX_TASK_ID='treinar_modelo_v1' AIRFLOW_CTX_EXECUTION_DATE='2025-12-08T00:00:00+00:00' AIRFLOW_CTX_TRY_NUMBER='1' AIRFLOW_CTX_DAG_RUN_ID='scheduled__2025-12-08T00:00:00+00:00'
[2025-12-09T01:05:40.426+0000] {logging_mixin.py:151} WARNING - 2025/12/09 01:05:40 WARNING mlflow.utils.git_utils: Failed to import Git (the Git executable is probably not on your PATH), so Git SHA is not available. Error: Failed to initialize: Bad git executable.
The git executable must be specified in one of the following ways:
    - be included in your $PATH
    - be set via $GIT_PYTHON_GIT_EXECUTABLE
    - explicitly set via git.refresh(<full-path-to-git-executable>)

All git commands will error until this is rectified.

This initial message can be silenced or aggravated in the future by setting the
$GIT_PYTHON_REFRESH environment variable. Use one of the following values:
    - quiet|q|silence|s|silent|none|n|0: for no message or exception
    - warn|w|warning|log|l|1: for a warning message (logging level CRITICAL, displayed by default)
    - error|e|exception|raise|r|2: for a raised exception

Example:
    export GIT_PYTHON_REFRESH=quiet
[2025-12-09T01:05:41.718+0000] {logging_mixin.py:151} WARNING - /home/***/.local/lib/python3.8/site-packages/xgboost/core.py:158 UserWarning: [01:05:41] WARNING: /workspace/src/c_api/c_api.cc:1374: Saving model in the UBJSON format as default.  You can use file extension: `json`, `ubj` or `deprecated` to choose between formats.
[2025-12-09T01:05:46.106+0000] {logging_mixin.py:151} WARNING - /home/***/.local/lib/python3.8/site-packages/_distutils_hack/__init__.py:33 UserWarning: Setuptools is replacing distutils.
[2025-12-09T01:05:46.222+0000] {taskinstance.py:1935} ERROR - Task failed with exception
Traceback (most recent call last):
  File "/home/airflow/.local/lib/python3.8/site-packages/airflow/operators/python.py", line 192, in execute
    return_value = self.execute_callable()
  File "/home/airflow/.local/lib/python3.8/site-packages/airflow/operators/python.py", line 209, in execute_callable
    return self.python_callable(*self.op_args, **self.op_kwargs)
  File "/opt/airflow/dags/dag_fraud_ethereum.py", line 40, in treinar_modelo
    mlflow.xgboost.log_model(
  File "/home/airflow/.local/lib/python3.8/site-packages/mlflow/xgboost/__init__.py", line 268, in log_model
    return Model.log(
  File "/home/airflow/.local/lib/python3.8/site-packages/mlflow/models/model.py", line 580, in log
    mlflow.tracking.fluent.log_artifacts(local_path, mlflow_model.artifact_path)
  File "/home/airflow/.local/lib/python3.8/site-packages/mlflow/tracking/fluent.py", line 908, in log_artifacts
    MlflowClient().log_artifacts(run_id, local_dir, artifact_path)
  File "/home/airflow/.local/lib/python3.8/site-packages/mlflow/tracking/client.py", line 1138, in log_artifacts
    self._tracking_client.log_artifacts(run_id, local_dir, artifact_path)
  File "/home/airflow/.local/lib/python3.8/site-packages/mlflow/tracking/_tracking_service/client.py", line 463, in log_artifacts
    self._get_artifact_repo(run_id).log_artifacts(local_dir, artifact_path)
  File "/home/airflow/.local/lib/python3.8/site-packages/mlflow/store/artifact/local_artifact_repo.py", line 59, in log_artifacts
    mkdir(artifact_dir)
  File "/home/airflow/.local/lib/python3.8/site-packages/mlflow/utils/file_utils.py", line 192, in mkdir
    raise e
  File "/home/airflow/.local/lib/python3.8/site-packages/mlflow/utils/file_utils.py", line 189, in mkdir
    os.makedirs(target)
  File "/usr/local/lib/python3.8/os.py", line 213, in makedirs
    makedirs(head, exist_ok=exist_ok)
  File "/usr/local/lib/python3.8/os.py", line 213, in makedirs
    makedirs(head, exist_ok=exist_ok)
  File "/usr/local/lib/python3.8/os.py", line 213, in makedirs
    makedirs(head, exist_ok=exist_ok)
  [Previous line repeated 2 more times]
  File "/usr/local/lib/python3.8/os.py", line 223, in makedirs
    mkdir(name, mode)
PermissionError: [Errno 13] Permission denied: '/mlflow'
[2025-12-09T01:05:46.237+0000] {taskinstance.py:1398} INFO - Marking task as FAILED. dag_id=pipeline_fraude_ethereum, task_id=treinar_modelo_v1, execution_date=20251208T000000, start_date=20251209T010539, end_date=20251209T010546
[2025-12-09T01:05:46.247+0000] {standard_task_runner.py:104} ERROR - Failed to execute job 2 for task treinar_modelo_v1 ([Errno 13] Permission denied: '/mlflow'; 346)
[2025-12-09T01:05:46.281+0000] {local_task_job_runner.py:228} INFO - Task exited with return code 1
[2025-12-09T01:05:46.310+0000] {taskinstance.py:2776} INFO - 0 downstream tasks scheduled from follow-on schedule check
[2025-12-09T02:08:56.147+0000] {taskinstance.py:1157} INFO - Dependencies all met for dep_context=non-requeueable deps ti=<TaskInstance: pipeline_fraude_ethereum.treinar_modelo_v1 scheduled__2025-12-08T00:00:00+00:00 [queued]>
[2025-12-09T02:08:56.153+0000] {taskinstance.py:1157} INFO - Dependencies all met for dep_context=requeueable deps ti=<TaskInstance: pipeline_fraude_ethereum.treinar_modelo_v1 scheduled__2025-12-08T00:00:00+00:00 [queued]>
[2025-12-09T02:08:56.154+0000] {taskinstance.py:1359} INFO - Starting attempt 1 of 1
[2025-12-09T02:08:56.167+0000] {taskinstance.py:1380} INFO - Executing <Task(PythonOperator): treinar_modelo_v1> on 2025-12-08 00:00:00+00:00
[2025-12-09T02:08:56.197+0000] {standard_task_runner.py:57} INFO - Started process 590 to run task
[2025-12-09T02:08:56.211+0000] {standard_task_runner.py:84} INFO - Running: ['***', 'tasks', 'run', 'pipeline_fraude_ethereum', 'treinar_modelo_v1', 'scheduled__2025-12-08T00:00:00+00:00', '--job-id', '3', '--raw', '--subdir', 'DAGS_FOLDER/dag_fraud_ethereum.py', '--cfg-path', '/tmp/tmpl2zkzr87']
[2025-12-09T02:08:56.213+0000] {standard_task_runner.py:85} INFO - Job 3: Subtask treinar_modelo_v1
[2025-12-09T02:08:56.377+0000] {task_command.py:415} INFO - Running <TaskInstance: pipeline_fraude_ethereum.treinar_modelo_v1 scheduled__2025-12-08T00:00:00+00:00 [running]> on host 7b79074d5c0e
[2025-12-09T02:08:56.486+0000] {taskinstance.py:1660} INFO - Exporting env vars: AIRFLOW_CTX_DAG_OWNER='***' AIRFLOW_CTX_DAG_ID='pipeline_fraude_ethereum' AIRFLOW_CTX_TASK_ID='treinar_modelo_v1' AIRFLOW_CTX_EXECUTION_DATE='2025-12-08T00:00:00+00:00' AIRFLOW_CTX_TRY_NUMBER='1' AIRFLOW_CTX_DAG_RUN_ID='scheduled__2025-12-08T00:00:00+00:00'
[2025-12-09T02:08:56.627+0000] {logging_mixin.py:151} WARNING - 2025/12/09 02:08:56 WARNING mlflow.utils.git_utils: Failed to import Git (the Git executable is probably not on your PATH), so Git SHA is not available. Error: Failed to initialize: Bad git executable.
The git executable must be specified in one of the following ways:
    - be included in your $PATH
    - be set via $GIT_PYTHON_GIT_EXECUTABLE
    - explicitly set via git.refresh(<full-path-to-git-executable>)

All git commands will error until this is rectified.

This initial message can be silenced or aggravated in the future by setting the
$GIT_PYTHON_REFRESH environment variable. Use one of the following values:
    - quiet|q|silence|s|silent|none|n|0: for no message or exception
    - warn|w|warning|log|l|1: for a warning message (logging level CRITICAL, displayed by default)
    - error|e|exception|raise|r|2: for a raised exception

Example:
    export GIT_PYTHON_REFRESH=quiet
[2025-12-09T02:08:57.386+0000] {logging_mixin.py:151} WARNING - /home/***/.local/lib/python3.8/site-packages/xgboost/core.py:158 UserWarning: [02:08:57] WARNING: /workspace/src/c_api/c_api.cc:1374: Saving model in the UBJSON format as default.  You can use file extension: `json`, `ubj` or `deprecated` to choose between formats.
[2025-12-09T02:09:01.950+0000] {logging_mixin.py:151} WARNING - /home/***/.local/lib/python3.8/site-packages/_distutils_hack/__init__.py:33 UserWarning: Setuptools is replacing distutils.
[2025-12-09T02:09:02.153+0000] {logging_mixin.py:151} WARNING - Successfully registered model 'Modelo_Fraude_Ethereum'.
[2025-12-09T02:09:02.186+0000] {logging_mixin.py:151} WARNING - 2025/12/09 02:09:02 INFO mlflow.tracking._model_registry.client: Waiting up to 300 seconds for model version to finish creation. Model name: Modelo_Fraude_Ethereum, version 1
[2025-12-09T02:09:02.186+0000] {logging_mixin.py:151} WARNING - Created version '1' of model 'Modelo_Fraude_Ethereum'.
[2025-12-09T02:09:02.188+0000] {logging_mixin.py:151} INFO - Modelo treinado e enviado ao MLflow!
[2025-12-09T02:09:02.216+0000] {python.py:194} INFO - Done. Returned value was: None
[2025-12-09T02:09:02.239+0000] {taskinstance.py:1398} INFO - Marking task as SUCCESS. dag_id=pipeline_fraude_ethereum, task_id=treinar_modelo_v1, execution_date=20251208T000000, start_date=20251209T020856, end_date=20251209T020902
[2025-12-09T02:09:02.314+0000] {local_task_job_runner.py:228} INFO - Task exited with return code 0
[2025-12-09T02:09:02.330+0000] {taskinstance.py:2776} INFO - 0 downstream tasks scheduled from follow-on schedule check
[2025-12-09T22:54:42.203+0000] {taskinstance.py:1157} INFO - Dependencies all met for dep_context=non-requeueable deps ti=<TaskInstance: pipeline_fraude_ethereum.treinar_modelo_v1 scheduled__2025-12-08T00:00:00+00:00 [queued]>
[2025-12-09T22:54:42.217+0000] {taskinstance.py:1157} INFO - Dependencies all met for dep_context=requeueable deps ti=<TaskInstance: pipeline_fraude_ethereum.treinar_modelo_v1 scheduled__2025-12-08T00:00:00+00:00 [queued]>
[2025-12-09T22:54:42.218+0000] {taskinstance.py:1359} INFO - Starting attempt 1 of 1
[2025-12-09T22:54:42.231+0000] {taskinstance.py:1380} INFO - Executing <Task(PythonOperator): treinar_modelo_v1> on 2025-12-08 00:00:00+00:00
[2025-12-09T22:54:42.246+0000] {standard_task_runner.py:57} INFO - Started process 340 to run task
[2025-12-09T22:54:42.260+0000] {standard_task_runner.py:84} INFO - Running: ['***', 'tasks', 'run', 'pipeline_fraude_ethereum', 'treinar_modelo_v1', 'scheduled__2025-12-08T00:00:00+00:00', '--job-id', '2', '--raw', '--subdir', 'DAGS_FOLDER/dag_fraud_ethereum.py', '--cfg-path', '/tmp/tmptkclhtf5']
[2025-12-09T22:54:42.262+0000] {standard_task_runner.py:85} INFO - Job 2: Subtask treinar_modelo_v1
[2025-12-09T22:54:42.401+0000] {task_command.py:415} INFO - Running <TaskInstance: pipeline_fraude_ethereum.treinar_modelo_v1 scheduled__2025-12-08T00:00:00+00:00 [running]> on host 8a8763e9706d
[2025-12-09T22:54:42.490+0000] {taskinstance.py:1660} INFO - Exporting env vars: AIRFLOW_CTX_DAG_OWNER='***' AIRFLOW_CTX_DAG_ID='pipeline_fraude_ethereum' AIRFLOW_CTX_TASK_ID='treinar_modelo_v1' AIRFLOW_CTX_EXECUTION_DATE='2025-12-08T00:00:00+00:00' AIRFLOW_CTX_TRY_NUMBER='1' AIRFLOW_CTX_DAG_RUN_ID='scheduled__2025-12-08T00:00:00+00:00'
[2025-12-09T22:54:42.629+0000] {logging_mixin.py:151} WARNING - 2025/12/09 22:54:42 WARNING mlflow.utils.git_utils: Failed to import Git (the Git executable is probably not on your PATH), so Git SHA is not available. Error: Failed to initialize: Bad git executable.
The git executable must be specified in one of the following ways:
    - be included in your $PATH
    - be set via $GIT_PYTHON_GIT_EXECUTABLE
    - explicitly set via git.refresh(<full-path-to-git-executable>)

All git commands will error until this is rectified.

This initial message can be silenced or aggravated in the future by setting the
$GIT_PYTHON_REFRESH environment variable. Use one of the following values:
    - quiet|q|silence|s|silent|none|n|0: for no message or exception
    - warn|w|warning|log|l|1: for a warning message (logging level CRITICAL, displayed by default)
    - error|e|exception|raise|r|2: for a raised exception

Example:
    export GIT_PYTHON_REFRESH=quiet
[2025-12-09T22:54:43.545+0000] {logging_mixin.py:151} WARNING - /home/***/.local/lib/python3.8/site-packages/xgboost/core.py:158 UserWarning: [22:54:43] WARNING: /workspace/src/c_api/c_api.cc:1374: Saving model in the UBJSON format as default.  You can use file extension: `json`, `ubj` or `deprecated` to choose between formats.
[2025-12-09T22:54:47.726+0000] {logging_mixin.py:151} WARNING - /home/***/.local/lib/python3.8/site-packages/_distutils_hack/__init__.py:33 UserWarning: Setuptools is replacing distutils.
[2025-12-09T22:54:47.936+0000] {logging_mixin.py:151} WARNING - Successfully registered model 'Modelo_Fraude_Ethereum'.
[2025-12-09T22:54:47.984+0000] {logging_mixin.py:151} WARNING - 2025/12/09 22:54:47 INFO mlflow.tracking._model_registry.client: Waiting up to 300 seconds for model version to finish creation. Model name: Modelo_Fraude_Ethereum, version 1
[2025-12-09T22:54:47.985+0000] {logging_mixin.py:151} WARNING - Created version '1' of model 'Modelo_Fraude_Ethereum'.
[2025-12-09T22:54:47.986+0000] {logging_mixin.py:151} INFO - Modelo treinado e enviado ao MLflow!
[2025-12-09T22:54:48.004+0000] {python.py:194} INFO - Done. Returned value was: None
[2025-12-09T22:54:48.022+0000] {taskinstance.py:1398} INFO - Marking task as SUCCESS. dag_id=pipeline_fraude_ethereum, task_id=treinar_modelo_v1, execution_date=20251208T000000, start_date=20251209T225442, end_date=20251209T225448
[2025-12-09T22:54:48.076+0000] {local_task_job_runner.py:228} INFO - Task exited with return code 0
[2025-12-09T22:54:48.100+0000] {taskinstance.py:2776} INFO - 0 downstream tasks scheduled from follow-on schedule check
