[2025-12-14T00:35:23.001+0000] {taskinstance.py:1157} INFO - Dependencies all met for dep_context=non-requeueable deps ti=<TaskInstance: pipeline_fraude_ethereum.treinar_modelo_v1 scheduled__2025-12-13T00:00:00+00:00 [queued]>
[2025-12-14T00:35:23.011+0000] {taskinstance.py:1157} INFO - Dependencies all met for dep_context=requeueable deps ti=<TaskInstance: pipeline_fraude_ethereum.treinar_modelo_v1 scheduled__2025-12-13T00:00:00+00:00 [queued]>
[2025-12-14T00:35:23.011+0000] {taskinstance.py:1359} INFO - Starting attempt 1 of 1
[2025-12-14T00:35:23.025+0000] {taskinstance.py:1380} INFO - Executing <Task(PythonOperator): treinar_modelo_v1> on 2025-12-13 00:00:00+00:00
[2025-12-14T00:35:23.048+0000] {standard_task_runner.py:57} INFO - Started process 8803 to run task
[2025-12-14T00:35:23.052+0000] {standard_task_runner.py:84} INFO - Running: ['***', 'tasks', 'run', 'pipeline_fraude_ethereum', 'treinar_modelo_v1', 'scheduled__2025-12-13T00:00:00+00:00', '--job-id', '10', '--raw', '--subdir', 'DAGS_FOLDER/dag_fraud_ethereum.py', '--cfg-path', '/tmp/tmpx4utzp2b']
[2025-12-14T00:35:23.069+0000] {standard_task_runner.py:85} INFO - Job 10: Subtask treinar_modelo_v1
[2025-12-14T00:35:23.137+0000] {task_command.py:415} INFO - Running <TaskInstance: pipeline_fraude_ethereum.treinar_modelo_v1 scheduled__2025-12-13T00:00:00+00:00 [running]> on host 8a8763e9706d
[2025-12-14T00:35:23.224+0000] {taskinstance.py:1660} INFO - Exporting env vars: AIRFLOW_CTX_DAG_OWNER='***' AIRFLOW_CTX_DAG_ID='pipeline_fraude_ethereum' AIRFLOW_CTX_TASK_ID='treinar_modelo_v1' AIRFLOW_CTX_EXECUTION_DATE='2025-12-13T00:00:00+00:00' AIRFLOW_CTX_TRY_NUMBER='1' AIRFLOW_CTX_DAG_RUN_ID='scheduled__2025-12-13T00:00:00+00:00'
[2025-12-14T00:35:23.333+0000] {logging_mixin.py:151} WARNING - 2025/12/14 00:35:23 WARNING mlflow.utils.git_utils: Failed to import Git (the Git executable is probably not on your PATH), so Git SHA is not available. Error: Failed to initialize: Bad git executable.
The git executable must be specified in one of the following ways:
    - be included in your $PATH
    - be set via $GIT_PYTHON_GIT_EXECUTABLE
    - explicitly set via git.refresh(<full-path-to-git-executable>)

All git commands will error until this is rectified.

This initial message can be silenced or aggravated in the future by setting the
$GIT_PYTHON_REFRESH environment variable. Use one of the following values:
    - quiet|q|silence|s|silent|none|n|0: for no message or exception
    - warn|w|warning|log|l|1: for a warning message (logging level CRITICAL, displayed by default)
    - error|e|exception|raise|r|2: for a raised exception

Example:
    export GIT_PYTHON_REFRESH=quiet
[2025-12-14T00:35:23.863+0000] {logging_mixin.py:151} WARNING - /home/***/.local/lib/python3.8/site-packages/xgboost/core.py:158 UserWarning: [00:35:23] WARNING: /workspace/src/c_api/c_api.cc:1374: Saving model in the UBJSON format as default.  You can use file extension: `json`, `ubj` or `deprecated` to choose between formats.
[2025-12-14T00:35:27.943+0000] {logging_mixin.py:151} WARNING - /home/***/.local/lib/python3.8/site-packages/_distutils_hack/__init__.py:33 UserWarning: Setuptools is replacing distutils.
[2025-12-14T00:35:28.191+0000] {logging_mixin.py:151} WARNING - Registered model 'Modelo_Fraude_Ethereum' already exists. Creating a new version of this model...
[2025-12-14T00:35:28.319+0000] {logging_mixin.py:151} WARNING - 2025/12/14 00:35:28 INFO mlflow.tracking._model_registry.client: Waiting up to 300 seconds for model version to finish creation. Model name: Modelo_Fraude_Ethereum, version 9
[2025-12-14T00:35:28.320+0000] {logging_mixin.py:151} WARNING - Created version '9' of model 'Modelo_Fraude_Ethereum'.
[2025-12-14T00:35:28.321+0000] {logging_mixin.py:151} INFO - Modelo treinado e enviado ao MLflow!
[2025-12-14T00:35:28.345+0000] {python.py:194} INFO - Done. Returned value was: None
[2025-12-14T00:35:28.364+0000] {taskinstance.py:1398} INFO - Marking task as SUCCESS. dag_id=pipeline_fraude_ethereum, task_id=treinar_modelo_v1, execution_date=20251213T000000, start_date=20251214T003523, end_date=20251214T003528
[2025-12-14T00:35:28.418+0000] {local_task_job_runner.py:228} INFO - Task exited with return code 0
[2025-12-14T00:35:28.440+0000] {taskinstance.py:2776} INFO - 0 downstream tasks scheduled from follow-on schedule check
